<?xml version="1.0" encoding="utf-8"?>
<test-run id="2" testcasecount="772" result="Failed(Child)" total="772" passed="769" failed="3" inconclusive="0" skipped="0" asserts="0" engine-version="3.5.0.0" clr-version="4.0.30319.42000" start-time="2026-04-06 00:21:41Z" end-time="2026-04-06 00:21:41Z" duration="0.457392">
  <test-suite type="TestSuite" id="1000" name="FWTCG_UNITY_V3" fullname="FWTCG_UNITY_V3" runstate="Runnable" testcasecount="823" result="Failed" site="Child" start-time="2026-04-06 00:21:41Z" end-time="2026-04-06 00:21:41Z" duration="0.457392" total="772" passed="769" failed="3" inconclusive="0" skipped="0" asserts="0">
    <properties>
      <property name="platform" value="EditMode" />
    </properties>
    <failure>
      <message><![CDATA[One or more child tests had errors]]></message>
    </failure>
    <test-suite type="Assembly" id="1818" name="FWTCG.Tests.EditMode.dll" fullname="E:/claudeCode/unity/FWTCG_UNITY_V3/Library/ScriptAssemblies/FWTCG.Tests.EditMode.dll" runstate="Runnable" testcasecount="772" result="Failed" site="Child" start-time="2026-04-06 00:21:41Z" end-time="2026-04-06 00:21:41Z" duration="0.453110" total="772" passed="769" failed="3" inconclusive="0" skipped="0" asserts="0">
      <properties>
        <property name="_PID" value="113832" />
        <property name="_APPDOMAIN" value="Unity Child Domain" />
        <property name="platform" value="EditMode" />
      </properties>
      <failure>
        <message><![CDATA[One or more child tests had errors]]></message>
      </failure>
      <test-suite type="TestFixture" id="1001" name="DEV19UITests" fullname="DEV19UITests" classname="DEV19UITests" runstate="Runnable" testcasecount="18" result="Passed" start-time="2026-04-06 00:21:41Z" end-time="2026-04-06 00:21:41Z" duration="0.025176" total="18" passed="18" failed="0" inconclusive="0" skipped="0" asserts="0">
        <properties>
          <property name="platform" value="EditMode" />
        </properties>
        <test-case id="1005" name="AskPromptUI_Singleton_Instance_NotNullAfterAwake" fullname="DEV19UITests.AskPromptUI_Singleton_Instance_NotNullAfterAwake" methodname="AskPromptUI_Singleton_Instance_NotNullAfterAwake" classname="DEV19UITests" runstate="Runnable" seed="659596287" result="Passed" start-time="2026-04-06 00:21:41Z" end-time="2026-04-06 00:21:41Z" duration="0.007532" asserts="0">
          <properties>
            <property name="platform" value="EditMode" />
          </properties>
        </test-case>
        <test-case id="1003" name="AskPromptUI_WaitForCardChoice_ReturnsNullImmediately_WhenEmptyList" fullname="DEV19UITests.AskPromptUI_WaitForCardChoice_ReturnsNullImmediately_WhenEmptyList" methodname="AskPromptUI_WaitForCardChoice_ReturnsNullImmediately_WhenEmptyList" classname="DEV19UITests" runstate="Runnable" seed="226602008" result="Passed" start-time="2026-04-06 00:21:41Z" end-time="2026-04-06 00:21:41Z" duration="0.001276" asserts="0">
          <properties>
            <property name="platform" value="EditMode" />
          </properties>
        </test-case>
        <test-case id="1002" name="AskPromptUI_WaitForCardChoice_ReturnsNullImmediately_WhenNullCards" fullname="DEV19UITests.AskPromptUI_WaitForCardChoice_ReturnsNullImmediately_WhenNullCards" methodname="AskPromptUI_WaitForCardChoice_ReturnsNullImmediately_WhenNullCards" classname="DEV19UITests" runstate="Runnable" seed="655485153" result="Passed" start-time="2026-04-06 00:21:41Z" end-time="2026-04-06 00:21:41Z" duration="0.000236" asserts="0">
          <properties>
            <property name="platform" value="EditMode" />
          </properties>
        </test-case>
        <test-case id="1004" name="AskPromptUI_WaitForConfirm_TaskNotCompleted_BeforeButtonPress" fullname="DEV19UITests.AskPromptUI_WaitForConfirm_TaskNotCompleted_BeforeButtonPress" methodname="AskPromptUI_WaitForConfirm_TaskNotCompleted_BeforeButtonPress" classname="DEV19UITests" runstate="Runnable" seed="284039654" result="Passed" start-time="2026-04-06 00:21:41Z" end-time="2026-04-06 00:21:41Z" duration="0.000879" asserts="0">
          <properties>
            <property name="platform" value="EditMode" />
          </properties>
        </test-case>
        <test-case id="1017" name="EndTurnPulse_ActiveWhenPlayerAction" fullname="DEV19UITests.EndTurnPulse_ActiveWhenPlayerAction" methodname="EndTurnPulse_ActiveWhenPlayerAction" classname="DEV19UITests" runstate="Runnable" seed="1474816531" result="Passed" start-time="2026-04-06 00:21:41Z" end-time="2026-04-06 00:21:41Z" duration="0.000086" asserts="0">
          <properties>
            <property name="platform" value="EditMode" />
          </properties>
        </test-case>
        <test-case id="1018" name="EndTurnPulse_InactiveWhenAITurn" fullname="DEV19UITests.EndTurnPulse_InactiveWhenAITurn" methodname="EndTurnPulse_InactiveWhenAITurn" classname="DEV19UITests" runstate="Runnable" seed="1350469143" result="Passed" start-time="2026-04-06 00:21:41Z" end-time="2026-04-06 00:21:41Z" duration="0.000140" asserts="0">
          <properties>
            <property name="platform" value="EditMode" />
          </properties>
        </test-case>
        <test-case id="1019" name="EndTurnPulse_InactiveWhenNotActionPhase" fullname="DEV19UITests.EndTurnPulse_InactiveWhenNotActionPhase" methodname="EndTurnPulse_InactiveWhenNotActionPhase" classname="DEV19UITests" runstate="Runnable" seed="292217858" result="Passed" start-time="2026-04-06 00:21:41Z" end-time="2026-04-06 00:21:41Z" duration="0.000059" asserts="0">
          <properties>
            <property name="platform" value="EditMode" />
          </properties>
        </test-case>
        <test-case id="1009" name="GameEventBus_FireDuelBanner_NoSubscribers_DoesNotThrow" fullname="DEV19UITests.GameEventBus_FireDuelBanner_NoSubscribers_DoesNotThrow" methodname="GameEventBus_FireDuelBanner_NoSubscribers_DoesNotThrow" classname="DEV19UITests" runstate="Runnable" seed="668321234" result="Passed" start-time="2026-04-06 00:21:41Z" end-time="2026-04-06 00:21:41Z" duration="0.000539" asserts="0">
          <properties>
            <property name="platform" value="EditMode" />
          </properties>
        </test-case>
        <test-case id="1008" name="GameEventBus_FireDuelBanner_TriggersSubscribers" fullname="DEV19UITests.GameEventBus_FireDuelBanner_TriggersSubscribers" methodname="GameEventBus_FireDuelBanner_TriggersSubscribers" classname="DEV19UITests" runstate="Runnable" seed="248713624" result="Passed" start-time="2026-04-06 00:21:41Z" end-time="2026-04-06 00:21:41Z" duration="0.002276" asserts="0">
          <properties>
            <property name="platform" value="EditMode" />
          </properties>
        </test-case>
        <test-case id="1015" name="ReactRibbon_ShouldAnimate_WhenButtonBecomesInteractable" fullname="DEV19UITests.ReactRibbon_ShouldAnimate_WhenButtonBecomesInteractable" methodname="ReactRibbon_ShouldAnimate_WhenButtonBecomesInteractable" classname="DEV19UITests" runstate="Runnable" seed="1359541398" result="Passed" start-time="2026-04-06 00:21:41Z" end-time="2026-04-06 00:21:41Z" duration="0.000083" asserts="0">
          <properties>
            <property name="platform" value="EditMode" />
          </properties>
        </test-case>
        <test-case id="1016" name="ReactRibbon_ShouldNotAnimate_WhenButtonAlreadyInteractable" fullname="DEV19UITests.ReactRibbon_ShouldNotAnimate_WhenButtonAlreadyInteractable" methodname="ReactRibbon_ShouldNotAnimate_WhenButtonAlreadyInteractable" classname="DEV19UITests" runstate="Runnable" seed="501950920" result="Passed" start-time="2026-04-06 00:21:41Z" end-time="2026-04-06 00:21:41Z" duration="0.000056" asserts="0">
          <properties>
            <property name="platform" value="EditMode" />
          </properties>
        </test-case>
        <test-case id="1006" name="ScoreManager_OnScoreAdded_FiresWithCorrectOwnerAndScore" fullname="DEV19UITests.ScoreManager_OnScoreAdded_FiresWithCorrectOwnerAndScore" methodname="ScoreManager_OnScoreAdded_FiresWithCorrectOwnerAndScore" classname="DEV19UITests" runstate="Runnable" seed="454225041" result="Passed" start-time="2026-04-06 00:21:41Z" end-time="2026-04-06 00:21:41Z" duration="0.004078" asserts="0">
          <properties>
            <property name="platform" value="EditMode" />
          </properties>
          <output><![CDATA[[得分] 玩家 +1 (hold) → 1/8
]]></output>
        </test-case>
        <test-case id="1007" name="ScoreManager_OnScoreAdded_NotFiredWhenGameOver" fullname="DEV19UITests.ScoreManager_OnScoreAdded_NotFiredWhenGameOver" methodname="ScoreManager_OnScoreAdded_NotFiredWhenGameOver" classname="DEV19UITests" runstate="Runnable" seed="1445382587" result="Passed" start-time="2026-04-06 00:21:41Z" end-time="2026-04-06 00:21:41Z" duration="0.000208" asserts="0">
          <properties>
            <property name="platform" value="EditMode" />
          </properties>
        </test-case>
        <test-case id="1012" name="ScorePulse_CircleIndex_IsNewScoreMinusOne" fullname="DEV19UITests.ScorePulse_CircleIndex_IsNewScoreMinusOne" methodname="ScorePulse_CircleIndex_IsNewScoreMinusOne" classname="DEV19UITests" runstate="Runnable" seed="1214559247" result="Passed" start-time="2026-04-06 00:21:41Z" end-time="2026-04-06 00:21:41Z" duration="0.000071" asserts="0">
          <properties>
            <property name="platform" value="EditMode" />
          </properties>
        </test-case>
        <test-case id="1011" name="ScorePulse_ShouldNotTrigger_WhenScoreSame" fullname="DEV19UITests.ScorePulse_ShouldNotTrigger_WhenScoreSame" methodname="ScorePulse_ShouldNotTrigger_WhenScoreSame" classname="DEV19UITests" runstate="Runnable" seed="727581719" result="Passed" start-time="2026-04-06 00:21:41Z" end-time="2026-04-06 00:21:41Z" duration="0.000052" asserts="0">
          <properties>
            <property name="platform" value="EditMode" />
          </properties>
        </test-case>
        <test-case id="1010" name="ScorePulse_ShouldTrigger_WhenScoreIncreases" fullname="DEV19UITests.ScorePulse_ShouldTrigger_WhenScoreIncreases" methodname="ScorePulse_ShouldTrigger_WhenScoreIncreases" classname="DEV19UITests" runstate="Runnable" seed="1196680947" result="Passed" start-time="2026-04-06 00:21:41Z" end-time="2026-04-06 00:21:41Z" duration="0.000039" asserts="0">
          <properties>
            <property name="platform" value="EditMode" />
          </properties>
        </test-case>
        <test-case id="1014" name="TurnBanner_EnemyTurn_ContainsAILabel" fullname="DEV19UITests.TurnBanner_EnemyTurn_ContainsAILabel" methodname="TurnBanner_EnemyTurn_ContainsAILabel" classname="DEV19UITests" runstate="Runnable" seed="1946657580" result="Passed" start-time="2026-04-06 00:21:41Z" end-time="2026-04-06 00:21:41Z" duration="0.000097" asserts="0">
          <properties>
            <property name="platform" value="EditMode" />
          </properties>
        </test-case>
        <test-case id="1013" name="TurnBanner_PlayerTurn_ContainsPlayerLabel" fullname="DEV19UITests.TurnBanner_PlayerTurn_ContainsPlayerLabel" methodname="TurnBanner_PlayerTurn_ContainsPlayerLabel" classname="DEV19UITests" runstate="Runnable" seed="700415165" result="Passed" start-time="2026-04-06 00:21:41Z" end-time="2026-04-06 00:21:41Z" duration="0.000061" asserts="0">
          <properties>
            <property name="platform" value="EditMode" />
          </properties>
        </test-case>
      </test-suite>
      <test-suite type="TestFixture" id="1020" name="DEV20RuneAutoConsumeTests" fullname="DEV20RuneAutoConsumeTests" classname="DEV20RuneAutoConsumeTests" runstate="Runnable" testcasecount="13" result="Passed" start-time="2026-04-06 00:21:41Z" end-time="2026-04-06 00:21:41Z" duration="0.006402" total="13" passed="13" failed="0" inconclusive="0" skipped="0" asserts="0">
        <properties>
          <property name="platform" value="EditMode" />
        </properties>
        <test-case id="1033" name="BuildConfirmText_ContainsManaAndSchInfo" fullname="DEV20RuneAutoConsumeTests.BuildConfirmText_ContainsManaAndSchInfo" methodname="BuildConfirmText_ContainsManaAndSchInfo" classname="DEV20RuneAutoConsumeTests" runstate="Runnable" seed="1861845700" result="Passed" start-time="2026-04-06 00:21:41Z" end-time="2026-04-06 00:21:41Z" duration="0.003035" asserts="0">
          <properties>
            <property name="platform" value="EditMode" />
          </properties>
        </test-case>
        <test-case id="1024" name="Compute_BothDeficits_RecycleThenTap" fullname="DEV20RuneAutoConsumeTests.Compute_BothDeficits_RecycleThenTap" methodname="Compute_BothDeficits_RecycleThenTap" classname="DEV20RuneAutoConsumeTests" runstate="Runnable" seed="1406765580" result="Passed" start-time="2026-04-06 00:21:41Z" end-time="2026-04-06 00:21:41Z" duration="0.000327" asserts="0">
          <properties>
            <property name="platform" value="EditMode" />
          </properties>
        </test-case>
        <test-case id="1021" name="Compute_CanAfford_WhenManaAndSchSufficient_NoOps" fullname="DEV20RuneAutoConsumeTests.Compute_CanAfford_WhenManaAndSchSufficient_NoOps" methodname="Compute_CanAfford_WhenManaAndSchSufficient_NoOps" classname="DEV20RuneAutoConsumeTests" runstate="Runnable" seed="237962642" result="Passed" start-time="2026-04-06 00:21:41Z" end-time="2026-04-06 00:21:41Z" duration="0.000308" asserts="0">
          <properties>
            <property name="platform" value="EditMode" />
          </properties>
        </test-case>
        <test-case id="1025" name="Compute_CannotAfford_WhenRunesInsufficient" fullname="DEV20RuneAutoConsumeTests.Compute_CannotAfford_WhenRunesInsufficient" methodname="Compute_CannotAfford_WhenRunesInsufficient" classname="DEV20RuneAutoConsumeTests" runstate="Runnable" seed="1367269428" result="Passed" start-time="2026-04-06 00:21:41Z" end-time="2026-04-06 00:21:41Z" duration="0.000148" asserts="0">
          <properties>
            <property name="platform" value="EditMode" />
          </properties>
        </test-case>
        <test-case id="1031" name="Compute_EmptyRunes_AffordableIfCurrentResourcesSuffice" fullname="DEV20RuneAutoConsumeTests.Compute_EmptyRunes_AffordableIfCurrentResourcesSuffice" methodname="Compute_EmptyRunes_AffordableIfCurrentResourcesSuffice" classname="DEV20RuneAutoConsumeTests" runstate="Runnable" seed="1785496577" result="Passed" start-time="2026-04-06 00:21:41Z" end-time="2026-04-06 00:21:41Z" duration="0.000119" asserts="0">
          <properties>
            <property name="platform" value="EditMode" />
          </properties>
        </test-case>
        <test-case id="1032" name="Compute_ExactlyEnoughRunes_CanAfford" fullname="DEV20RuneAutoConsumeTests.Compute_ExactlyEnoughRunes_CanAfford" methodname="Compute_ExactlyEnoughRunes_CanAfford" classname="DEV20RuneAutoConsumeTests" runstate="Runnable" seed="1528434130" result="Passed" start-time="2026-04-06 00:21:41Z" end-time="2026-04-06 00:21:41Z" duration="0.000158" asserts="0">
          <properties>
            <property name="platform" value="EditMode" />
          </properties>
        </test-case>
        <test-case id="1029" name="Compute_NullCard_ReturnsFalse" fullname="DEV20RuneAutoConsumeTests.Compute_NullCard_ReturnsFalse" methodname="Compute_NullCard_ReturnsFalse" classname="DEV20RuneAutoConsumeTests" runstate="Runnable" seed="135367359" result="Passed" start-time="2026-04-06 00:21:41Z" end-time="2026-04-06 00:21:41Z" duration="0.000082" asserts="0">
          <properties>
            <property name="platform" value="EditMode" />
          </properties>
        </test-case>
        <test-case id="1030" name="Compute_NullGameState_ReturnsFalse" fullname="DEV20RuneAutoConsumeTests.Compute_NullGameState_ReturnsFalse" methodname="Compute_NullGameState_ReturnsFalse" classname="DEV20RuneAutoConsumeTests" runstate="Runnable" seed="2069161283" result="Passed" start-time="2026-04-06 00:21:41Z" end-time="2026-04-06 00:21:41Z" duration="0.000065" asserts="0">
          <properties>
            <property name="platform" value="EditMode" />
          </properties>
        </test-case>
        <test-case id="1023" name="Compute_RecyclesRunes_WhenSchDeficit" fullname="DEV20RuneAutoConsumeTests.Compute_RecyclesRunes_WhenSchDeficit" methodname="Compute_RecyclesRunes_WhenSchDeficit" classname="DEV20RuneAutoConsumeTests" runstate="Runnable" seed="1422798473" result="Passed" start-time="2026-04-06 00:21:41Z" end-time="2026-04-06 00:21:41Z" duration="0.000224" asserts="0">
          <properties>
            <property name="platform" value="EditMode" />
          </properties>
        </test-case>
        <test-case id="1026" name="Compute_SkipsTappedRunes" fullname="DEV20RuneAutoConsumeTests.Compute_SkipsTappedRunes" methodname="Compute_SkipsTappedRunes" classname="DEV20RuneAutoConsumeTests" runstate="Runnable" seed="1679394098" result="Passed" start-time="2026-04-06 00:21:41Z" end-time="2026-04-06 00:21:41Z" duration="0.000215" asserts="0">
          <properties>
            <property name="platform" value="EditMode" />
          </properties>
        </test-case>
        <test-case id="1022" name="Compute_TapsRunes_WhenManaDeficit" fullname="DEV20RuneAutoConsumeTests.Compute_TapsRunes_WhenManaDeficit" methodname="Compute_TapsRunes_WhenManaDeficit" classname="DEV20RuneAutoConsumeTests" runstate="Runnable" seed="79317689" result="Passed" start-time="2026-04-06 00:21:41Z" end-time="2026-04-06 00:21:41Z" duration="0.000214" asserts="0">
          <properties>
            <property name="platform" value="EditMode" />
          </properties>
        </test-case>
        <test-case id="1027" name="Compute_WrongRuneType_NotUsedForSch" fullname="DEV20RuneAutoConsumeTests.Compute_WrongRuneType_NotUsedForSch" methodname="Compute_WrongRuneType_NotUsedForSch" classname="DEV20RuneAutoConsumeTests" runstate="Runnable" seed="537417884" result="Passed" start-time="2026-04-06 00:21:41Z" end-time="2026-04-06 00:21:41Z" duration="0.000166" asserts="0">
          <properties>
            <property name="platform" value="EditMode" />
          </properties>
        </test-case>
        <test-case id="1028" name="Compute_ZeroCostCard_AlwaysAffordable" fullname="DEV20RuneAutoConsumeTests.Compute_ZeroCostCard_AlwaysAffordable" methodname="Compute_ZeroCostCard_AlwaysAffordable" classname="DEV20RuneAutoConsumeTests" runstate="Runnable" seed="2075709754" result="Passed" start-time="2026-04-06 00:21:41Z" end-time="2026-04-06 00:21:41Z" duration="0.000122" asserts="0">
          <properties>
            <property name="platform" value="EditMode" />
          </properties>
        </test-case>
      </test-suite>
      <test-suite type="TestFixture" id="1034" name="DEV21ParticleTests" fullname="DEV21ParticleTests" classname="DEV21ParticleTests" runstate="Runnable" testcasecount="22" result="Passed" start-time="2026-04-06 00:21:41Z" end-time="2026-04-06 00:21:41Z" duration="0.007176" total="22" passed="22" failed="0" inconclusive="0" skipped="0" asserts="0">
        <properties>
          <property name="platform" value="EditMode" />
        </properties>
        <test-case id="1050" name="GameEventBus_OnUnitDiedAtPos_FiresCorrectArguments" fullname="DEV21ParticleTests.GameEventBus_OnUnitDiedAtPos_FiresCorrectArguments" methodname="GameEventBus_OnUnitDiedAtPos_FiresCorrectArguments" classname="DEV21ParticleTests" runstate="Runnable" seed="995876602" result="Passed" start-time="2026-04-06 00:21:41Z" end-time="2026-04-06 00:21:41Z" duration="0.001185" asserts="0">
          <properties>
            <property name="platform" value="EditMode" />
          </properties>
        </test-case>
        <test-case id="1051" name="GameEventBus_OnUnitDiedAtPos_NoSubscribers_DoesNotThrow" fullname="DEV21ParticleTests.GameEventBus_OnUnitDiedAtPos_NoSubscribers_DoesNotThrow" methodname="GameEventBus_OnUnitDiedAtPos_NoSubscribers_DoesNotThrow" classname="DEV21ParticleTests" runstate="Runnable" seed="848436832" result="Passed" start-time="2026-04-06 00:21:41Z" end-time="2026-04-06 00:21:41Z" duration="0.000156" asserts="0">
          <properties>
            <property name="platform" value="EditMode" />
          </properties>
        </test-case>
        <test-case id="1042" name="MouseTrail_DOT_MAX_SIZE_Is8" fullname="DEV21ParticleTests.MouseTrail_DOT_MAX_SIZE_Is8" methodname="MouseTrail_DOT_MAX_SIZE_Is8" classname="DEV21ParticleTests" runstate="Runnable" seed="23093928" result="Passed" start-time="2026-04-06 00:21:41Z" end-time="2026-04-06 00:21:41Z" duration="0.000510" asserts="0">
          <properties>
            <property name="platform" value="EditMode" />
          </properties>
        </test-case>
        <test-case id="1043" name="MouseTrail_HEAD_ALPHA_IsPositive" fullname="DEV21ParticleTests.MouseTrail_HEAD_ALPHA_IsPositive" methodname="MouseTrail_HEAD_ALPHA_IsPositive" classname="DEV21ParticleTests" runstate="Runnable" seed="537181211" result="Passed" start-time="2026-04-06 00:21:41Z" end-time="2026-04-06 00:21:41Z" duration="0.001554" asserts="0">
          <properties>
            <property name="platform" value="EditMode" />
          </properties>
        </test-case>
        <test-case id="1041" name="MouseTrail_TRAIL_LENGTH_Is18" fullname="DEV21ParticleTests.MouseTrail_TRAIL_LENGTH_Is18" methodname="MouseTrail_TRAIL_LENGTH_Is18" classname="DEV21ParticleTests" runstate="Runnable" seed="246657839" result="Passed" start-time="2026-04-06 00:21:41Z" end-time="2026-04-06 00:21:41Z" duration="0.000087" asserts="0">
          <properties>
            <property name="platform" value="EditMode" />
          </properties>
        </test-case>
        <test-case id="1035" name="ParticleManager_BG_COUNT_Is55" fullname="DEV21ParticleTests.ParticleManager_BG_COUNT_Is55" methodname="ParticleManager_BG_COUNT_Is55" classname="DEV21ParticleTests" runstate="Runnable" seed="1272656529" result="Passed" start-time="2026-04-06 00:21:41Z" end-time="2026-04-06 00:21:41Z" duration="0.000044" asserts="0">
          <properties>
            <property name="platform" value="EditMode" />
          </properties>
        </test-case>
        <test-case id="1037" name="ParticleManager_FIREFLY_COUNT_Is12" fullname="DEV21ParticleTests.ParticleManager_FIREFLY_COUNT_Is12" methodname="ParticleManager_FIREFLY_COUNT_Is12" classname="DEV21ParticleTests" runstate="Runnable" seed="945917381" result="Passed" start-time="2026-04-06 00:21:41Z" end-time="2026-04-06 00:21:41Z" duration="0.000037" asserts="0">
          <properties>
            <property name="platform" value="EditMode" />
          </properties>
        </test-case>
        <test-case id="1039" name="ParticleManager_LINE_POOL_Is80" fullname="DEV21ParticleTests.ParticleManager_LINE_POOL_Is80" methodname="ParticleManager_LINE_POOL_Is80" classname="DEV21ParticleTests" runstate="Runnable" seed="1021043597" result="Passed" start-time="2026-04-06 00:21:41Z" end-time="2026-04-06 00:21:41Z" duration="0.000031" asserts="0">
          <properties>
            <property name="platform" value="EditMode" />
          </properties>
        </test-case>
        <test-case id="1040" name="ParticleManager_LINE_RADIUS_Is90" fullname="DEV21ParticleTests.ParticleManager_LINE_RADIUS_Is90" methodname="ParticleManager_LINE_RADIUS_Is90" classname="DEV21ParticleTests" runstate="Runnable" seed="805207155" result="Passed" start-time="2026-04-06 00:21:41Z" end-time="2026-04-06 00:21:41Z" duration="0.000033" asserts="0">
          <properties>
            <property name="platform" value="EditMode" />
          </properties>
        </test-case>
        <test-case id="1054" name="ParticleManager_LineRadius_ExcludesParticlesAtExactDistance" fullname="DEV21ParticleTests.ParticleManager_LineRadius_ExcludesParticlesAtExactDistance" methodname="ParticleManager_LineRadius_ExcludesParticlesAtExactDistance" classname="DEV21ParticleTests" runstate="Runnable" seed="535886909" result="Passed" start-time="2026-04-06 00:21:41Z" end-time="2026-04-06 00:21:41Z" duration="0.000045" asserts="0">
          <properties>
            <property name="platform" value="EditMode" />
          </properties>
        </test-case>
        <test-case id="1055" name="ParticleManager_LineRadius_IncludesParticlesJustInside" fullname="DEV21ParticleTests.ParticleManager_LineRadius_IncludesParticlesJustInside" methodname="ParticleManager_LineRadius_IncludesParticlesJustInside" classname="DEV21ParticleTests" runstate="Runnable" seed="1023905766" result="Passed" start-time="2026-04-06 00:21:41Z" end-time="2026-04-06 00:21:41Z" duration="0.000038" asserts="0">
          <properties>
            <property name="platform" value="EditMode" />
          </properties>
        </test-case>
        <test-case id="1038" name="ParticleManager_MIST_COUNT_Is4" fullname="DEV21ParticleTests.ParticleManager_MIST_COUNT_Is4" methodname="ParticleManager_MIST_COUNT_Is4" classname="DEV21ParticleTests" runstate="Runnable" seed="1667417977" result="Passed" start-time="2026-04-06 00:21:41Z" end-time="2026-04-06 00:21:41Z" duration="0.000032" asserts="0">
          <properties>
            <property name="platform" value="EditMode" />
          </properties>
        </test-case>
        <test-case id="1036" name="ParticleManager_RUNE_COUNT_Is8" fullname="DEV21ParticleTests.ParticleManager_RUNE_COUNT_Is8" methodname="ParticleManager_RUNE_COUNT_Is8" classname="DEV21ParticleTests" runstate="Runnable" seed="1022638135" result="Passed" start-time="2026-04-06 00:21:41Z" end-time="2026-04-06 00:21:41Z" duration="0.000031" asserts="0">
          <properties>
            <property name="platform" value="EditMode" />
          </properties>
        </test-case>
        <test-case id="1052" name="SpellVFX_Awake_SubscribesToOnCardPlayed" fullname="DEV21ParticleTests.SpellVFX_Awake_SubscribesToOnCardPlayed" methodname="SpellVFX_Awake_SubscribesToOnCardPlayed" classname="DEV21ParticleTests" runstate="Runnable" seed="952052431" result="Passed" start-time="2026-04-06 00:21:41Z" end-time="2026-04-06 00:21:41Z" duration="0.000261" asserts="0">
          <properties>
            <property name="platform" value="EditMode" />
          </properties>
        </test-case>
        <test-case id="1053" name="SpellVFX_Destroy_UnsubscribesFromOnCardPlayed" fullname="DEV21ParticleTests.SpellVFX_Destroy_UnsubscribesFromOnCardPlayed" methodname="SpellVFX_Destroy_UnsubscribesFromOnCardPlayed" classname="DEV21ParticleTests" runstate="Runnable" seed="1544871940" result="Passed" start-time="2026-04-06 00:21:41Z" end-time="2026-04-06 00:21:41Z" duration="0.000153" asserts="0">
          <properties>
            <property name="platform" value="EditMode" />
          </properties>
        </test-case>
        <test-case id="1056" name="SpellVFX_GetCardBurstColor_AllRuneTypesReturnOpaqueColor" fullname="DEV21ParticleTests.SpellVFX_GetCardBurstColor_AllRuneTypesReturnOpaqueColor" methodname="SpellVFX_GetCardBurstColor_AllRuneTypesReturnOpaqueColor" classname="DEV21ParticleTests" runstate="Runnable" seed="2049829402" result="Passed" start-time="2026-04-06 00:21:41Z" end-time="2026-04-06 00:21:41Z" duration="0.000382" asserts="0">
          <properties>
            <property name="platform" value="EditMode" />
          </properties>
        </test-case>
        <test-case id="1044" name="SpellVFX_GetCardBurstColor_Blazing_IsOrangeRed" fullname="DEV21ParticleTests.SpellVFX_GetCardBurstColor_Blazing_IsOrangeRed" methodname="SpellVFX_GetCardBurstColor_Blazing_IsOrangeRed" classname="DEV21ParticleTests" runstate="Runnable" seed="513762225" result="Passed" start-time="2026-04-06 00:21:41Z" end-time="2026-04-06 00:21:41Z" duration="0.000268" asserts="0">
          <properties>
            <property name="platform" value="EditMode" />
          </properties>
        </test-case>
        <test-case id="1047" name="SpellVFX_GetCardBurstColor_Chaos_IsPurple" fullname="DEV21ParticleTests.SpellVFX_GetCardBurstColor_Chaos_IsPurple" methodname="SpellVFX_GetCardBurstColor_Chaos_IsPurple" classname="DEV21ParticleTests" runstate="Runnable" seed="2036987350" result="Passed" start-time="2026-04-06 00:21:41Z" end-time="2026-04-06 00:21:41Z" duration="0.000120" asserts="0">
          <properties>
            <property name="platform" value="EditMode" />
          </properties>
        </test-case>
        <test-case id="1049" name="SpellVFX_GetCardBurstColor_EachRuneTypeIsDistinct" fullname="DEV21ParticleTests.SpellVFX_GetCardBurstColor_EachRuneTypeIsDistinct" methodname="SpellVFX_GetCardBurstColor_EachRuneTypeIsDistinct" classname="DEV21ParticleTests" runstate="Runnable" seed="387032010" result="Passed" start-time="2026-04-06 00:21:41Z" end-time="2026-04-06 00:21:41Z" duration="0.000293" asserts="0">
          <properties>
            <property name="platform" value="EditMode" />
          </properties>
        </test-case>
        <test-case id="1048" name="SpellVFX_GetCardBurstColor_NullCard_ReturnsNonBlack" fullname="DEV21ParticleTests.SpellVFX_GetCardBurstColor_NullCard_ReturnsNonBlack" methodname="SpellVFX_GetCardBurstColor_NullCard_ReturnsNonBlack" classname="DEV21ParticleTests" runstate="Runnable" seed="879721508" result="Passed" start-time="2026-04-06 00:21:41Z" end-time="2026-04-06 00:21:41Z" duration="0.000084" asserts="0">
          <properties>
            <property name="platform" value="EditMode" />
          </properties>
        </test-case>
        <test-case id="1045" name="SpellVFX_GetCardBurstColor_Order_IsBlue" fullname="DEV21ParticleTests.SpellVFX_GetCardBurstColor_Order_IsBlue" methodname="SpellVFX_GetCardBurstColor_Order_IsBlue" classname="DEV21ParticleTests" runstate="Runnable" seed="741775278" result="Passed" start-time="2026-04-06 00:21:41Z" end-time="2026-04-06 00:21:41Z" duration="0.000097" asserts="0">
          <properties>
            <property name="platform" value="EditMode" />
          </properties>
        </test-case>
        <test-case id="1046" name="SpellVFX_GetCardBurstColor_Verdant_IsGreen" fullname="DEV21ParticleTests.SpellVFX_GetCardBurstColor_Verdant_IsGreen" methodname="SpellVFX_GetCardBurstColor_Verdant_IsGreen" classname="DEV21ParticleTests" runstate="Runnable" seed="901715237" result="Passed" start-time="2026-04-06 00:21:41Z" end-time="2026-04-06 00:21:41Z" duration="0.000108" asserts="0">
          <properties>
            <property name="platform" value="EditMode" />
          </properties>
        </test-case>
      </test-suite>
      <test-suite type="TestFixture" id="1057" name="DEV25VisualTests" fullname="DEV25VisualTests" classname="DEV25VisualTests" runstate="Runnable" testcasecount="15" result="Passed" start-time="2026-04-06 00:21:41Z" end-time="2026-04-06 00:21:41Z" duration="0.010089" total="15" passed="15" failed="0" inconclusive="0" skipped="0" asserts="0">
        <properties>
          <property name="platform" value="EditMode" />
        </properties>
        <test-case id="1072" name="BadgePositions_AboveCardTopEdge" fullname="DEV25VisualTests.BadgePositions_AboveCardTopEdge" methodname="BadgePositions_AboveCardTopEdge" classname="DEV25VisualTests" runstate="Runnable" seed="762333023" result="Passed" start-time="2026-04-06 00:21:41Z" end-time="2026-04-06 00:21:41Z" duration="0.000073" asserts="0">
          <properties>
            <property name="platform" value="EditMode" />
          </properties>
        </test-case>
        <test-case id="1071" name="BadgePositions_AreSymmetricAroundCenter" fullname="DEV25VisualTests.BadgePositions_AreSymmetricAroundCenter" methodname="BadgePositions_AreSymmetricAroundCenter" classname="DEV25VisualTests" runstate="Runnable" seed="674264475" result="Passed" start-time="2026-04-06 00:21:41Z" end-time="2026-04-06 00:21:41Z" duration="0.000166" asserts="0">
          <properties>
            <property name="platform" value="EditMode" />
          </properties>
        </test-case>
        <test-case id="1065" name="BuildBuffSummary_NoEquipmentSection_WhenEquipped" fullname="DEV25VisualTests.BuildBuffSummary_NoEquipmentSection_WhenEquipped" methodname="BuildBuffSummary_NoEquipmentSection_WhenEquipped" classname="DEV25VisualTests" runstate="Runnable" seed="631495761" result="Passed" start-time="2026-04-06 00:21:41Z" end-time="2026-04-06 00:21:41Z" duration="0.000384" asserts="0">
          <properties>
            <property name="platform" value="EditMode" />
          </properties>
        </test-case>
        <test-case id="1066" name="BuildEquipSummary_NullEquipment_ReturnsNone" fullname="DEV25VisualTests.BuildEquipSummary_NullEquipment_ReturnsNone" methodname="BuildEquipSummary_NullEquipment_ReturnsNone" classname="DEV25VisualTests" runstate="Runnable" seed="1220332773" result="Passed" start-time="2026-04-06 00:21:41Z" end-time="2026-04-06 00:21:41Z" duration="0.000223" asserts="0">
          <properties>
            <property name="platform" value="EditMode" />
          </properties>
        </test-case>
        <test-case id="1067" name="BuildEquipSummary_WithEquipment_ContainsEquipName" fullname="DEV25VisualTests.BuildEquipSummary_WithEquipment_ContainsEquipName" methodname="BuildEquipSummary_WithEquipment_ContainsEquipName" classname="DEV25VisualTests" runstate="Runnable" seed="1510202961" result="Passed" start-time="2026-04-06 00:21:41Z" end-time="2026-04-06 00:21:41Z" duration="0.000294" asserts="0">
          <properties>
            <property name="platform" value="EditMode" />
          </properties>
        </test-case>
        <test-case id="1068" name="GlassPanelFX_DefaultBorderWidth_InValidRange" fullname="DEV25VisualTests.GlassPanelFX_DefaultBorderWidth_InValidRange" methodname="GlassPanelFX_DefaultBorderWidth_InValidRange" classname="DEV25VisualTests" runstate="Runnable" seed="750256036" result="Passed" start-time="2026-04-06 00:21:41Z" end-time="2026-04-06 00:21:41Z" duration="0.000157" asserts="0">
          <properties>
            <property name="platform" value="EditMode" />
          </properties>
        </test-case>
        <test-case id="1069" name="GlassPanelFX_DefaultNoiseScale_InValidRange" fullname="DEV25VisualTests.GlassPanelFX_DefaultNoiseScale_InValidRange" methodname="GlassPanelFX_DefaultNoiseScale_InValidRange" classname="DEV25VisualTests" runstate="Runnable" seed="1963319009" result="Passed" start-time="2026-04-06 00:21:41Z" end-time="2026-04-06 00:21:41Z" duration="0.000049" asserts="0">
          <properties>
            <property name="platform" value="EditMode" />
          </properties>
        </test-case>
        <test-case id="1070" name="GlassPanelFX_DefaultNoiseStr_InValidRange" fullname="DEV25VisualTests.GlassPanelFX_DefaultNoiseStr_InValidRange" methodname="GlassPanelFX_DefaultNoiseStr_InValidRange" classname="DEV25VisualTests" runstate="Runnable" seed="1107697401" result="Passed" start-time="2026-04-06 00:21:41Z" end-time="2026-04-06 00:21:41Z" duration="0.000033" asserts="0">
          <properties>
            <property name="platform" value="EditMode" />
          </properties>
        </test-case>
        <test-case id="1061" name="GlassPanelFX_Destroy_DoesNotThrow" fullname="DEV25VisualTests.GlassPanelFX_Destroy_DoesNotThrow" methodname="GlassPanelFX_Destroy_DoesNotThrow" classname="DEV25VisualTests" runstate="Runnable" seed="600613080" result="Passed" start-time="2026-04-06 00:21:41Z" end-time="2026-04-06 00:21:41Z" duration="0.006370" asserts="0">
          <properties>
            <property name="platform" value="EditMode" />
          </properties>
        </test-case>
        <test-case id="1058" name="GlassPanelFX_RequiresImage_ComponentExists" fullname="DEV25VisualTests.GlassPanelFX_RequiresImage_ComponentExists" methodname="GlassPanelFX_RequiresImage_ComponentExists" classname="DEV25VisualTests" runstate="Runnable" seed="525115952" result="Passed" start-time="2026-04-06 00:21:41Z" end-time="2026-04-06 00:21:41Z" duration="0.000198" asserts="0">
          <properties>
            <property name="platform" value="EditMode" />
          </properties>
        </test-case>
        <test-case id="1059" name="GlassPanelFX_SetBorderColor_DoesNotThrow" fullname="DEV25VisualTests.GlassPanelFX_SetBorderColor_DoesNotThrow" methodname="GlassPanelFX_SetBorderColor_DoesNotThrow" classname="DEV25VisualTests" runstate="Runnable" seed="320918831" result="Passed" start-time="2026-04-06 00:21:41Z" end-time="2026-04-06 00:21:41Z" duration="0.000285" asserts="0">
          <properties>
            <property name="platform" value="EditMode" />
          </properties>
        </test-case>
        <test-case id="1060" name="GlassPanelFX_SetTintAlpha_DoesNotThrow" fullname="DEV25VisualTests.GlassPanelFX_SetTintAlpha_DoesNotThrow" methodname="GlassPanelFX_SetTintAlpha_DoesNotThrow" classname="DEV25VisualTests" runstate="Runnable" seed="48921572" result="Passed" start-time="2026-04-06 00:21:41Z" end-time="2026-04-06 00:21:41Z" duration="0.000244" asserts="0">
          <properties>
            <property name="platform" value="EditMode" />
          </properties>
        </test-case>
        <test-case id="1064" name="HasBuff_EquipmentAloneDoesNotTriggerBuff" fullname="DEV25VisualTests.HasBuff_EquipmentAloneDoesNotTriggerBuff" methodname="HasBuff_EquipmentAloneDoesNotTriggerBuff" classname="DEV25VisualTests" runstate="Runnable" seed="1908989984" result="Passed" start-time="2026-04-06 00:21:41Z" end-time="2026-04-06 00:21:41Z" duration="0.000167" asserts="0">
          <properties>
            <property name="platform" value="EditMode" />
          </properties>
        </test-case>
        <test-case id="1063" name="HasBuff_WithBuffTokens_ReturnsTrue" fullname="DEV25VisualTests.HasBuff_WithBuffTokens_ReturnsTrue" methodname="HasBuff_WithBuffTokens_ReturnsTrue" classname="DEV25VisualTests" runstate="Runnable" seed="1976530824" result="Passed" start-time="2026-04-06 00:21:41Z" end-time="2026-04-06 00:21:41Z" duration="0.000091" asserts="0">
          <properties>
            <property name="platform" value="EditMode" />
          </properties>
        </test-case>
        <test-case id="1062" name="HasBuff_WithNoBuffs_ReturnsFalse" fullname="DEV25VisualTests.HasBuff_WithNoBuffs_ReturnsFalse" methodname="HasBuff_WithNoBuffs_ReturnsFalse" classname="DEV25VisualTests" runstate="Runnable" seed="2072540743" result="Passed" start-time="2026-04-06 00:21:41Z" end-time="2026-04-06 00:21:41Z" duration="0.000056" asserts="0">
          <properties>
            <property name="platform" value="EditMode" />
          </properties>
        </test-case>
      </test-suite>
      <test-suite type="TestSuite" id="1819" name="FWTCG" fullname="FWTCG" runstate="Runnable" testcasecount="704" result="Failed" site="Child" start-time="2026-04-06 00:21:41Z" end-time="2026-04-06 00:21:41Z" duration="0.402467" total="704" passed="701" failed="3" inconclusive="0" skipped="0" asserts="0">
        <properties>
          <property name="platform" value="EditMode" />
        </properties>
        <failure>
          <message><![CDATA[One or more child tests had errors]]></message>
        </failure>
        <test-suite type="TestSuite" id="1820" name="Tests" fullname="FWTCG.Tests" runstate="Runnable" testcasecount="704" result="Failed" site="Child" start-time="2026-04-06 00:21:41Z" end-time="2026-04-06 00:21:41Z" duration="0.401341" total="704" passed="701" failed="3" inconclusive="0" skipped="0" asserts="0">
          <properties>
            <property name="platform" value="EditMode" />
          </properties>
          <failure>
            <message><![CDATA[One or more child tests had errors]]></message>
          </failure>
          <test-suite type="TestFixture" id="1073" name="BugFixBaseCardVisibilityTests" fullname="FWTCG.Tests.BugFixBaseCardVisibilityTests" classname="FWTCG.Tests.BugFixBaseCardVisibilityTests" runstate="Runnable" testcasecount="6" result="Passed" start-time="2026-04-06 00:21:41Z" end-time="2026-04-06 00:21:41Z" duration="0.005215" total="6" passed="6" failed="0" inconclusive="0" skipped="0" asserts="0">
            <properties>
              <property name="platform" value="EditMode" />
            </properties>
            <test-case id="1074" name="CardView_CancelEnterAnim_MethodExists" fullname="FWTCG.Tests.BugFixBaseCardVisibilityTests.CardView_CancelEnterAnim_MethodExists" methodname="CardView_CancelEnterAnim_MethodExists" classname="FWTCG.Tests.BugFixBaseCardVisibilityTests" runstate="Runnable" seed="527589954" result="Passed" start-time="2026-04-06 00:21:41Z" end-time="2026-04-06 00:21:41Z" duration="0.000127" asserts="0">
              <properties>
                <property name="platform" value="EditMode" />
              </properties>
            </test-case>
            <test-case id="1075" name="CardView_CancelEnterAnim_RestoresScale" fullname="FWTCG.Tests.BugFixBaseCardVisibilityTests.CardView_CancelEnterAnim_RestoresScale" methodname="CardView_CancelEnterAnim_RestoresScale" classname="FWTCG.Tests.BugFixBaseCardVisibilityTests" runstate="Runnable" seed="846860931" result="Passed" start-time="2026-04-06 00:21:41Z" end-time="2026-04-06 00:21:41Z" duration="0.000763" asserts="0">
              <properties>
                <property name="platform" value="EditMode" />
              </properties>
            </test-case>
            <test-case id="1076" name="CardView_HasEnterAnimCoroutineField" fullname="FWTCG.Tests.BugFixBaseCardVisibilityTests.CardView_HasEnterAnimCoroutineField" methodname="CardView_HasEnterAnimCoroutineField" classname="FWTCG.Tests.BugFixBaseCardVisibilityTests" runstate="Runnable" seed="1763836087" result="Passed" start-time="2026-04-06 00:21:41Z" end-time="2026-04-06 00:21:41Z" duration="0.000104" asserts="0">
              <properties>
                <property name="platform" value="EditMode" />
              </properties>
            </test-case>
            <test-case id="1079" name="GameManager_HasHeroHoverHandlers" fullname="FWTCG.Tests.BugFixBaseCardVisibilityTests.GameManager_HasHeroHoverHandlers" methodname="GameManager_HasHeroHoverHandlers" classname="FWTCG.Tests.BugFixBaseCardVisibilityTests" runstate="Runnable" seed="1739885933" result="Passed" start-time="2026-04-06 00:21:41Z" end-time="2026-04-06 00:21:41Z" duration="0.000082" asserts="0">
              <properties>
                <property name="platform" value="EditMode" />
              </properties>
            </test-case>
            <test-case id="1078" name="GameManager_HasPlayHeroWithRuneConfirmAsync" fullname="FWTCG.Tests.BugFixBaseCardVisibilityTests.GameManager_HasPlayHeroWithRuneConfirmAsync" methodname="GameManager_HasPlayHeroWithRuneConfirmAsync" classname="FWTCG.Tests.BugFixBaseCardVisibilityTests" runstate="Runnable" seed="381796780" result="Passed" start-time="2026-04-06 00:21:41Z" end-time="2026-04-06 00:21:41Z" duration="0.000051" asserts="0">
              <properties>
                <property name="platform" value="EditMode" />
              </properties>
            </test-case>
            <test-case id="1077" name="GameUI_HasHeroHoverFields" fullname="FWTCG.Tests.BugFixBaseCardVisibilityTests.GameUI_HasHeroHoverFields" methodname="GameUI_HasHeroHoverFields" classname="FWTCG.Tests.BugFixBaseCardVisibilityTests" runstate="Runnable" seed="2026117810" result="Passed" start-time="2026-04-06 00:21:41Z" end-time="2026-04-06 00:21:41Z" duration="0.000062" asserts="0">
              <properties>
                <property name="platform" value="EditMode" />
              </properties>
            </test-case>
          </test-suite>
          <test-suite type="TestFixture" id="1080" name="DEV10DataTests" fullname="FWTCG.Tests.DEV10DataTests" classname="FWTCG.Tests.DEV10DataTests" runstate="Runnable" testcasecount="17" result="Passed" start-time="2026-04-06 00:21:41Z" end-time="2026-04-06 00:21:41Z" duration="0.004990" total="17" passed="17" failed="0" inconclusive="0" skipped="0" asserts="0">
            <properties>
              <property name="platform" value="EditMode" />
            </properties>
            <test-case id="1095" name="CardData_Hero_CoexistsWithKeywords" fullname="FWTCG.Tests.DEV10DataTests.CardData_Hero_CoexistsWithKeywords" methodname="CardData_Hero_CoexistsWithKeywords" classname="FWTCG.Tests.DEV10DataTests" runstate="Runnable" seed="2042290162" result="Passed" start-time="2026-04-06 00:21:41Z" end-time="2026-04-06 00:21:41Z" duration="0.000182" asserts="0">
              <properties>
                <property name="platform" value="EditMode" />
              </properties>
            </test-case>
            <test-case id="1094" name="CardData_HeroAndSpell_BothFalse" fullname="FWTCG.Tests.DEV10DataTests.CardData_HeroAndSpell_BothFalse" methodname="CardData_HeroAndSpell_BothFalse" classname="FWTCG.Tests.DEV10DataTests" runstate="Runnable" seed="321479837" result="Passed" start-time="2026-04-06 00:21:41Z" end-time="2026-04-06 00:21:41Z" duration="0.000111" asserts="0">
              <properties>
                <property name="platform" value="EditMode" />
              </properties>
            </test-case>
            <test-case id="1081" name="CardData_IsHero_DefaultFalse" fullname="FWTCG.Tests.DEV10DataTests.CardData_IsHero_DefaultFalse" methodname="CardData_IsHero_DefaultFalse" classname="FWTCG.Tests.DEV10DataTests" runstate="Runnable" seed="2018238686" result="Passed" start-time="2026-04-06 00:21:41Z" end-time="2026-04-06 00:21:41Z" duration="0.000081" asserts="0">
              <properties>
                <property name="platform" value="EditMode" />
              </properties>
            </test-case>
            <test-case id="1082" name="CardData_IsHero_SetTrue" fullname="FWTCG.Tests.DEV10DataTests.CardData_IsHero_SetTrue" methodname="CardData_IsHero_SetTrue" classname="FWTCG.Tests.DEV10DataTests" runstate="Runnable" seed="1610172597" result="Passed" start-time="2026-04-06 00:21:41Z" end-time="2026-04-06 00:21:41Z" duration="0.000074" asserts="0">
              <properties>
                <property name="platform" value="EditMode" />
              </properties>
            </test-case>
            <test-case id="1091" name="DiscardPile_SupportsReverseOrder" fullname="FWTCG.Tests.DEV10DataTests.DiscardPile_SupportsReverseOrder" methodname="DiscardPile_SupportsReverseOrder" classname="FWTCG.Tests.DEV10DataTests" runstate="Runnable" seed="965105159" result="Passed" start-time="2026-04-06 00:21:41Z" end-time="2026-04-06 00:21:41Z" duration="0.000312" asserts="0">
              <properties>
                <property name="platform" value="EditMode" />
              </properties>
            </test-case>
            <test-case id="1097" name="ExileList_AddAndRemove" fullname="FWTCG.Tests.DEV10DataTests.ExileList_AddAndRemove" methodname="ExileList_AddAndRemove" classname="FWTCG.Tests.DEV10DataTests" runstate="Runnable" seed="1722945918" result="Passed" start-time="2026-04-06 00:21:41Z" end-time="2026-04-06 00:21:41Z" duration="0.000227" asserts="0">
              <properties>
                <property name="platform" value="EditMode" />
              </properties>
            </test-case>
            <test-case id="1083" name="GameState_HeroFields_InitNull" fullname="FWTCG.Tests.DEV10DataTests.GameState_HeroFields_InitNull" methodname="GameState_HeroFields_InitNull" classname="FWTCG.Tests.DEV10DataTests" runstate="Runnable" seed="879484638" result="Passed" start-time="2026-04-06 00:21:41Z" end-time="2026-04-06 00:21:41Z" duration="0.000078" asserts="0">
              <properties>
                <property name="platform" value="EditMode" />
              </properties>
            </test-case>
            <test-case id="1085" name="GameState_SetHero_Enemy" fullname="FWTCG.Tests.DEV10DataTests.GameState_SetHero_Enemy" methodname="GameState_SetHero_Enemy" classname="FWTCG.Tests.DEV10DataTests" runstate="Runnable" seed="1946666966" result="Passed" start-time="2026-04-06 00:21:41Z" end-time="2026-04-06 00:21:41Z" duration="0.000182" asserts="0">
              <properties>
                <property name="platform" value="EditMode" />
              </properties>
            </test-case>
            <test-case id="1084" name="GameState_SetHero_Player" fullname="FWTCG.Tests.DEV10DataTests.GameState_SetHero_Player" methodname="GameState_SetHero_Player" classname="FWTCG.Tests.DEV10DataTests" runstate="Runnable" seed="1873548493" result="Passed" start-time="2026-04-06 00:21:41Z" end-time="2026-04-06 00:21:41Z" duration="0.000136" asserts="0">
              <properties>
                <property name="platform" value="EditMode" />
              </properties>
            </test-case>
            <test-case id="1093" name="Hero_SetToNull_AfterPlayed" fullname="FWTCG.Tests.DEV10DataTests.Hero_SetToNull_AfterPlayed" methodname="Hero_SetToNull_AfterPlayed" classname="FWTCG.Tests.DEV10DataTests" runstate="Runnable" seed="1134564782" result="Passed" start-time="2026-04-06 00:21:41Z" end-time="2026-04-06 00:21:41Z" duration="0.000192" asserts="0">
              <properties>
                <property name="platform" value="EditMode" />
              </properties>
            </test-case>
            <test-case id="1096" name="HeroExtraction_EmptyDeck_NoError" fullname="FWTCG.Tests.DEV10DataTests.HeroExtraction_EmptyDeck_NoError" methodname="HeroExtraction_EmptyDeck_NoError" classname="FWTCG.Tests.DEV10DataTests" runstate="Runnable" seed="1735364264" result="Passed" start-time="2026-04-06 00:21:41Z" end-time="2026-04-06 00:21:41Z" duration="0.000119" asserts="0">
              <properties>
                <property name="platform" value="EditMode" />
              </properties>
            </test-case>
            <test-case id="1092" name="HeroExtraction_MultipleHeroes_OnlyFirstExtracted" fullname="FWTCG.Tests.DEV10DataTests.HeroExtraction_MultipleHeroes_OnlyFirstExtracted" methodname="HeroExtraction_MultipleHeroes_OnlyFirstExtracted" classname="FWTCG.Tests.DEV10DataTests" runstate="Runnable" seed="737586379" result="Passed" start-time="2026-04-06 00:21:41Z" end-time="2026-04-06 00:21:41Z" duration="0.000261" asserts="0">
              <properties>
                <property name="platform" value="EditMode" />
              </properties>
            </test-case>
            <test-case id="1087" name="HeroExtraction_NoHeroInDeck_HeroStaysNull" fullname="FWTCG.Tests.DEV10DataTests.HeroExtraction_NoHeroInDeck_HeroStaysNull" methodname="HeroExtraction_NoHeroInDeck_HeroStaysNull" classname="FWTCG.Tests.DEV10DataTests" runstate="Runnable" seed="1317766814" result="Passed" start-time="2026-04-06 00:21:41Z" end-time="2026-04-06 00:21:41Z" duration="0.000245" asserts="0">
              <properties>
                <property name="platform" value="EditMode" />
              </properties>
            </test-case>
            <test-case id="1086" name="HeroExtraction_RemovesHeroFromDeck" fullname="FWTCG.Tests.DEV10DataTests.HeroExtraction_RemovesHeroFromDeck" methodname="HeroExtraction_RemovesHeroFromDeck" classname="FWTCG.Tests.DEV10DataTests" runstate="Runnable" seed="36273854" result="Passed" start-time="2026-04-06 00:21:41Z" end-time="2026-04-06 00:21:41Z" duration="0.000448" asserts="0">
              <properties>
                <property name="platform" value="EditMode" />
              </properties>
            </test-case>
            <test-case id="1089" name="LegendInstance_DisplayData_CanBeSet" fullname="FWTCG.Tests.DEV10DataTests.LegendInstance_DisplayData_CanBeSet" methodname="LegendInstance_DisplayData_CanBeSet" classname="FWTCG.Tests.DEV10DataTests" runstate="Runnable" seed="601138897" result="Passed" start-time="2026-04-06 00:21:41Z" end-time="2026-04-06 00:21:41Z" duration="0.000171" asserts="0">
              <properties>
                <property name="platform" value="EditMode" />
              </properties>
            </test-case>
            <test-case id="1088" name="LegendInstance_DisplayData_DefaultNull" fullname="FWTCG.Tests.DEV10DataTests.LegendInstance_DisplayData_DefaultNull" methodname="LegendInstance_DisplayData_DefaultNull" classname="FWTCG.Tests.DEV10DataTests" runstate="Runnable" seed="1544883172" result="Passed" start-time="2026-04-06 00:21:41Z" end-time="2026-04-06 00:21:41Z" duration="0.000055" asserts="0">
              <properties>
                <property name="platform" value="EditMode" />
              </properties>
            </test-case>
            <test-case id="1090" name="TurnTimer_Constants" fullname="FWTCG.Tests.DEV10DataTests.TurnTimer_Constants" methodname="TurnTimer_Constants" classname="FWTCG.Tests.DEV10DataTests" runstate="Runnable" seed="1766583223" result="Passed" start-time="2026-04-06 00:21:41Z" end-time="2026-04-06 00:21:41Z" duration="0.000041" asserts="0">
              <properties>
                <property name="platform" value="EditMode" />
              </properties>
            </test-case>
          </test-suite>
          <test-suite type="TestFixture" id="1098" name="DEV11SpellEntryTests" fullname="FWTCG.Tests.DEV11SpellEntryTests" classname="FWTCG.Tests.DEV11SpellEntryTests" runstate="Runnable" testcasecount="14" result="Passed" start-time="2026-04-06 00:21:41Z" end-time="2026-04-06 00:21:41Z" duration="0.003778" total="14" passed="14" failed="0" inconclusive="0" skipped="0" asserts="0">
            <properties>
              <property name="platform" value="EditMode" />
            </properties>
            <test-case id="1109" name="ExtraTurn_PreventsTurnSwitch" fullname="FWTCG.Tests.DEV11SpellEntryTests.ExtraTurn_PreventsTurnSwitch" methodname="ExtraTurn_PreventsTurnSwitch" classname="FWTCG.Tests.DEV11SpellEntryTests" runstate="Runnable" seed="677897079" result="Passed" start-time="2026-04-06 00:21:41Z" end-time="2026-04-06 00:21:41Z" duration="0.000628" asserts="0">
              <properties>
                <property name="platform" value="EditMode" />
              </properties>
            </test-case>
            <test-case id="1112" name="FurnaceBlast_DamagesUpTo3Units" fullname="FWTCG.Tests.DEV11SpellEntryTests.FurnaceBlast_DamagesUpTo3Units" methodname="FurnaceBlast_DamagesUpTo3Units" classname="FWTCG.Tests.DEV11SpellEntryTests" runstate="Runnable" seed="1516481939" result="Passed" start-time="2026-04-06 00:21:41Z" end-time="2026-04-06 00:21:41Z" duration="0.000315" asserts="0">
              <properties>
                <property name="platform" value="EditMode" />
              </properties>
            </test-case>
            <test-case id="1100" name="GameState_ExtraTurnPending_CanBeSet" fullname="FWTCG.Tests.DEV11SpellEntryTests.GameState_ExtraTurnPending_CanBeSet" methodname="GameState_ExtraTurnPending_CanBeSet" classname="FWTCG.Tests.DEV11SpellEntryTests" runstate="Runnable" seed="140695898" result="Passed" start-time="2026-04-06 00:21:41Z" end-time="2026-04-06 00:21:41Z" duration="0.000084" asserts="0">
              <properties>
                <property name="platform" value="EditMode" />
              </properties>
            </test-case>
            <test-case id="1099" name="GameState_ExtraTurnPending_DefaultFalse" fullname="FWTCG.Tests.DEV11SpellEntryTests.GameState_ExtraTurnPending_DefaultFalse" methodname="GameState_ExtraTurnPending_DefaultFalse" classname="FWTCG.Tests.DEV11SpellEntryTests" runstate="Runnable" seed="79157269" result="Passed" start-time="2026-04-06 00:21:41Z" end-time="2026-04-06 00:21:41Z" duration="0.000057" asserts="0">
              <properties>
                <property name="platform" value="EditMode" />
              </properties>
            </test-case>
            <test-case id="1102" name="GameState_InspireNextUnit_CanBeSet" fullname="FWTCG.Tests.DEV11SpellEntryTests.GameState_InspireNextUnit_CanBeSet" methodname="GameState_InspireNextUnit_CanBeSet" classname="FWTCG.Tests.DEV11SpellEntryTests" runstate="Runnable" seed="1018989633" result="Passed" start-time="2026-04-06 00:21:41Z" end-time="2026-04-06 00:21:41Z" duration="0.000059" asserts="0">
              <properties>
                <property name="platform" value="EditMode" />
              </properties>
            </test-case>
            <test-case id="1101" name="GameState_InspireNextUnit_DefaultFalse" fullname="FWTCG.Tests.DEV11SpellEntryTests.GameState_InspireNextUnit_DefaultFalse" methodname="GameState_InspireNextUnit_DefaultFalse" classname="FWTCG.Tests.DEV11SpellEntryTests" runstate="Runnable" seed="454185094" result="Passed" start-time="2026-04-06 00:21:41Z" end-time="2026-04-06 00:21:41Z" duration="0.000067" asserts="0">
              <properties>
                <property name="platform" value="EditMode" />
              </properties>
            </test-case>
            <test-case id="1111" name="Inspire_NextUnitGetsBuffToken" fullname="FWTCG.Tests.DEV11SpellEntryTests.Inspire_NextUnitGetsBuffToken" methodname="Inspire_NextUnitGetsBuffToken" classname="FWTCG.Tests.DEV11SpellEntryTests" runstate="Runnable" seed="983885010" result="Passed" start-time="2026-04-06 00:21:41Z" end-time="2026-04-06 00:21:41Z" duration="0.000169" asserts="0">
              <properties>
                <property name="platform" value="EditMode" />
              </properties>
            </test-case>
            <test-case id="1110" name="Inspire_SetsFlag" fullname="FWTCG.Tests.DEV11SpellEntryTests.Inspire_SetsFlag" methodname="Inspire_SetsFlag" classname="FWTCG.Tests.DEV11SpellEntryTests" runstate="Runnable" seed="1001843243" result="Passed" start-time="2026-04-06 00:21:41Z" end-time="2026-04-06 00:21:41Z" duration="0.000078" asserts="0">
              <properties>
                <property name="platform" value="EditMode" />
              </properties>
            </test-case>
            <test-case id="1108" name="RuneRecycle_GainsSchematicEnergy" fullname="FWTCG.Tests.DEV11SpellEntryTests.RuneRecycle_GainsSchematicEnergy" methodname="RuneRecycle_GainsSchematicEnergy" classname="FWTCG.Tests.DEV11SpellEntryTests" runstate="Runnable" seed="798376605" result="Passed" start-time="2026-04-06 00:21:41Z" end-time="2026-04-06 00:21:41Z" duration="0.000152" asserts="0">
              <properties>
                <property name="platform" value="EditMode" />
              </properties>
            </test-case>
            <test-case id="1107" name="RuneRecycle_RemovesFromActiveRunes" fullname="FWTCG.Tests.DEV11SpellEntryTests.RuneRecycle_RemovesFromActiveRunes" methodname="RuneRecycle_RemovesFromActiveRunes" classname="FWTCG.Tests.DEV11SpellEntryTests" runstate="Runnable" seed="630778968" result="Passed" start-time="2026-04-06 00:21:41Z" end-time="2026-04-06 00:21:41Z" duration="0.000183" asserts="0">
              <properties>
                <property name="platform" value="EditMode" />
              </properties>
            </test-case>
            <test-case id="1105" name="UnitInstance_HasReactive_CanBeSet" fullname="FWTCG.Tests.DEV11SpellEntryTests.UnitInstance_HasReactive_CanBeSet" methodname="UnitInstance_HasReactive_CanBeSet" classname="FWTCG.Tests.DEV11SpellEntryTests" runstate="Runnable" seed="2043218228" result="Passed" start-time="2026-04-06 00:21:41Z" end-time="2026-04-06 00:21:41Z" duration="0.000130" asserts="0">
              <properties>
                <property name="platform" value="EditMode" />
              </properties>
            </test-case>
            <test-case id="1103" name="UnitInstance_HasReactive_DefaultFalse" fullname="FWTCG.Tests.DEV11SpellEntryTests.UnitInstance_HasReactive_DefaultFalse" methodname="UnitInstance_HasReactive_DefaultFalse" classname="FWTCG.Tests.DEV11SpellEntryTests" runstate="Runnable" seed="2054093872" result="Passed" start-time="2026-04-06 00:21:41Z" end-time="2026-04-06 00:21:41Z" duration="0.000111" asserts="0">
              <properties>
                <property name="platform" value="EditMode" />
              </properties>
            </test-case>
            <test-case id="1106" name="UnitInstance_UntargetableBySpells_CanBeSet" fullname="FWTCG.Tests.DEV11SpellEntryTests.UnitInstance_UntargetableBySpells_CanBeSet" methodname="UnitInstance_UntargetableBySpells_CanBeSet" classname="FWTCG.Tests.DEV11SpellEntryTests" runstate="Runnable" seed="918231828" result="Passed" start-time="2026-04-06 00:21:41Z" end-time="2026-04-06 00:21:41Z" duration="0.000305" asserts="0">
              <properties>
                <property name="platform" value="EditMode" />
              </properties>
            </test-case>
            <test-case id="1104" name="UnitInstance_UntargetableBySpells_DefaultFalse" fullname="FWTCG.Tests.DEV11SpellEntryTests.UnitInstance_UntargetableBySpells_DefaultFalse" methodname="UnitInstance_UntargetableBySpells_DefaultFalse" classname="FWTCG.Tests.DEV11SpellEntryTests" runstate="Runnable" seed="725204963" result="Passed" start-time="2026-04-06 00:21:41Z" end-time="2026-04-06 00:21:41Z" duration="0.000191" asserts="0">
              <properties>
                <property name="platform" value="EditMode" />
              </properties>
            </test-case>
          </test-suite>
          <test-suite type="TestFixture" id="1113" name="DEV12AITests" fullname="FWTCG.Tests.DEV12AITests" classname="FWTCG.Tests.DEV12AITests" runstate="Runnable" testcasecount="8" result="Passed" start-time="2026-04-06 00:21:41Z" end-time="2026-04-06 00:21:41Z" duration="0.002719" total="8" passed="8" failed="0" inconclusive="0" skipped="0" asserts="0">
            <properties>
              <property name="platform" value="EditMode" />
            </properties>
            <test-case id="1119" name="AIBoardScore_AILeading_ReturnsPositive" fullname="FWTCG.Tests.DEV12AITests.AIBoardScore_AILeading_ReturnsPositive" methodname="AIBoardScore_AILeading_ReturnsPositive" classname="FWTCG.Tests.DEV12AITests" runstate="Runnable" seed="801883716" result="Passed" start-time="2026-04-06 00:21:41Z" end-time="2026-04-06 00:21:41Z" duration="0.000611" asserts="0">
              <properties>
                <property name="platform" value="EditMode" />
              </properties>
            </test-case>
            <test-case id="1118" name="AIBoardScore_EvenGame_ReturnsZero" fullname="FWTCG.Tests.DEV12AITests.AIBoardScore_EvenGame_ReturnsZero" methodname="AIBoardScore_EvenGame_ReturnsZero" classname="FWTCG.Tests.DEV12AITests" runstate="Runnable" seed="1204063706" result="Passed" start-time="2026-04-06 00:21:41Z" end-time="2026-04-06 00:21:41Z" duration="0.000188" asserts="0">
              <properties>
                <property name="platform" value="EditMode" />
              </properties>
            </test-case>
            <test-case id="1115" name="AIRecycleRunes_NeedSch_RecyclesTapped" fullname="FWTCG.Tests.DEV12AITests.AIRecycleRunes_NeedSch_RecyclesTapped" methodname="AIRecycleRunes_NeedSch_RecyclesTapped" classname="FWTCG.Tests.DEV12AITests" runstate="Runnable" seed="1112805155" result="Passed" start-time="2026-04-06 00:21:41Z" end-time="2026-04-06 00:21:41Z" duration="0.000261" asserts="0">
              <properties>
                <property name="platform" value="EditMode" />
              </properties>
            </test-case>
            <test-case id="1114" name="AIRecycleRunes_NoNeed_DoesNothing" fullname="FWTCG.Tests.DEV12AITests.AIRecycleRunes_NoNeed_DoesNothing" methodname="AIRecycleRunes_NoNeed_DoesNothing" classname="FWTCG.Tests.DEV12AITests" runstate="Runnable" seed="610576514" result="Passed" start-time="2026-04-06 00:21:41Z" end-time="2026-04-06 00:21:41Z" duration="0.000221" asserts="0">
              <properties>
                <property name="platform" value="EditMode" />
              </properties>
            </test-case>
            <test-case id="1116" name="BadPoro_ConquestKeyword_ExistsOnCard" fullname="FWTCG.Tests.DEV12AITests.BadPoro_ConquestKeyword_ExistsOnCard" methodname="BadPoro_ConquestKeyword_ExistsOnCard" classname="FWTCG.Tests.DEV12AITests" runstate="Runnable" seed="96430008" result="Passed" start-time="2026-04-06 00:21:41Z" end-time="2026-04-06 00:21:41Z" duration="0.000156" asserts="0">
              <properties>
                <property name="platform" value="EditMode" />
              </properties>
            </test-case>
            <test-case id="1117" name="BadPoro_ConquestTrigger_DrawsCard" fullname="FWTCG.Tests.DEV12AITests.BadPoro_ConquestTrigger_DrawsCard" methodname="BadPoro_ConquestTrigger_DrawsCard" classname="FWTCG.Tests.DEV12AITests" runstate="Runnable" seed="2074103882" result="Passed" start-time="2026-04-06 00:21:41Z" end-time="2026-04-06 00:21:41Z" duration="0.000350" asserts="0">
              <properties>
                <property name="platform" value="EditMode" />
              </properties>
            </test-case>
            <test-case id="1120" name="GameState_GameOver_DefaultFalse" fullname="FWTCG.Tests.DEV12AITests.GameState_GameOver_DefaultFalse" methodname="GameState_GameOver_DefaultFalse" classname="FWTCG.Tests.DEV12AITests" runstate="Runnable" seed="1927463915" result="Passed" start-time="2026-04-06 00:21:41Z" end-time="2026-04-06 00:21:41Z" duration="0.000100" asserts="0">
              <properties>
                <property name="platform" value="EditMode" />
              </properties>
            </test-case>
            <test-case id="1121" name="GameState_GameOver_SetTrue" fullname="FWTCG.Tests.DEV12AITests.GameState_GameOver_SetTrue" methodname="GameState_GameOver_SetTrue" classname="FWTCG.Tests.DEV12AITests" runstate="Runnable" seed="1964463694" result="Passed" start-time="2026-04-06 00:21:41Z" end-time="2026-04-06 00:21:41Z" duration="0.000068" asserts="0">
              <properties>
                <property name="platform" value="EditMode" />
              </properties>
            </test-case>
          </test-suite>
          <test-suite type="TestFixture" id="1122" name="DEV13EquipTests" fullname="FWTCG.Tests.DEV13EquipTests" classname="FWTCG.Tests.DEV13EquipTests" runstate="Runnable" testcasecount="12" result="Passed" start-time="2026-04-06 00:21:41Z" end-time="2026-04-06 00:21:41Z" duration="0.003402" total="12" passed="12" failed="0" inconclusive="0" skipped="0" asserts="0">
            <properties>
              <property name="platform" value="EditMode" />
            </properties>
            <test-case id="1124" name="Equipment_AttachToUnit_SetsReferences" fullname="FWTCG.Tests.DEV13EquipTests.Equipment_AttachToUnit_SetsReferences" methodname="Equipment_AttachToUnit_SetsReferences" classname="FWTCG.Tests.DEV13EquipTests" runstate="Runnable" seed="1871936783" result="Passed" start-time="2026-04-06 00:21:41Z" end-time="2026-04-06 00:21:41Z" duration="0.000270" asserts="0">
              <properties>
                <property name="platform" value="EditMode" />
              </properties>
            </test-case>
            <test-case id="1125" name="Equipment_IsEquipment_True" fullname="FWTCG.Tests.DEV13EquipTests.Equipment_IsEquipment_True" methodname="Equipment_IsEquipment_True" classname="FWTCG.Tests.DEV13EquipTests" runstate="Runnable" seed="257666040" result="Passed" start-time="2026-04-06 00:21:41Z" end-time="2026-04-06 00:21:41Z" duration="0.000135" asserts="0">
              <properties>
                <property name="platform" value="EditMode" />
              </properties>
            </test-case>
            <test-case id="1134" name="GameRules_BattlefieldCount_Is2" fullname="FWTCG.Tests.DEV13EquipTests.GameRules_BattlefieldCount_Is2" methodname="GameRules_BattlefieldCount_Is2" classname="FWTCG.Tests.DEV13EquipTests" runstate="Runnable" seed="658882470" result="Passed" start-time="2026-04-06 00:21:41Z" end-time="2026-04-06 00:21:41Z" duration="0.000069" asserts="0">
              <properties>
                <property name="platform" value="EditMode" />
              </properties>
            </test-case>
            <test-case id="1129" name="GameRules_InitialHand_Is4" fullname="FWTCG.Tests.DEV13EquipTests.GameRules_InitialHand_Is4" methodname="GameRules_InitialHand_Is4" classname="FWTCG.Tests.DEV13EquipTests" runstate="Runnable" seed="1433673578" result="Passed" start-time="2026-04-06 00:21:41Z" end-time="2026-04-06 00:21:41Z" duration="0.000057" asserts="0">
              <properties>
                <property name="platform" value="EditMode" />
              </properties>
            </test-case>
            <test-case id="1133" name="GameRules_MaxRunes_Is12" fullname="FWTCG.Tests.DEV13EquipTests.GameRules_MaxRunes_Is12" methodname="GameRules_MaxRunes_Is12" classname="FWTCG.Tests.DEV13EquipTests" runstate="Runnable" seed="987534445" result="Passed" start-time="2026-04-06 00:21:41Z" end-time="2026-04-06 00:21:41Z" duration="0.000051" asserts="0">
              <properties>
                <property name="platform" value="EditMode" />
              </properties>
            </test-case>
            <test-case id="1131" name="GameRules_SecondPlayerRunes_Is3" fullname="FWTCG.Tests.DEV13EquipTests.GameRules_SecondPlayerRunes_Is3" methodname="GameRules_SecondPlayerRunes_Is3" classname="FWTCG.Tests.DEV13EquipTests" runstate="Runnable" seed="1016386046" result="Passed" start-time="2026-04-06 00:21:41Z" end-time="2026-04-06 00:21:41Z" duration="0.000082" asserts="0">
              <properties>
                <property name="platform" value="EditMode" />
              </properties>
            </test-case>
            <test-case id="1132" name="GameRules_StrongPower_Is5" fullname="FWTCG.Tests.DEV13EquipTests.GameRules_StrongPower_Is5" methodname="GameRules_StrongPower_Is5" classname="FWTCG.Tests.DEV13EquipTests" runstate="Runnable" seed="11429894" result="Passed" start-time="2026-04-06 00:21:41Z" end-time="2026-04-06 00:21:41Z" duration="0.000055" asserts="0">
              <properties>
                <property name="platform" value="EditMode" />
              </properties>
            </test-case>
            <test-case id="1130" name="GameRules_TurnTimer_Is30" fullname="FWTCG.Tests.DEV13EquipTests.GameRules_TurnTimer_Is30" methodname="GameRules_TurnTimer_Is30" classname="FWTCG.Tests.DEV13EquipTests" runstate="Runnable" seed="388100811" result="Passed" start-time="2026-04-06 00:21:41Z" end-time="2026-04-06 00:21:41Z" duration="0.000049" asserts="0">
              <properties>
                <property name="platform" value="EditMode" />
              </properties>
            </test-case>
            <test-case id="1128" name="GameRules_WinScore_Is8" fullname="FWTCG.Tests.DEV13EquipTests.GameRules_WinScore_Is8" methodname="GameRules_WinScore_Is8" classname="FWTCG.Tests.DEV13EquipTests" runstate="Runnable" seed="463680081" result="Passed" start-time="2026-04-06 00:21:41Z" end-time="2026-04-06 00:21:41Z" duration="0.000049" asserts="0">
              <properties>
                <property name="platform" value="EditMode" />
              </properties>
            </test-case>
            <test-case id="1126" name="SchCostCheck_InsufficientSch_BlocksPlay" fullname="FWTCG.Tests.DEV13EquipTests.SchCostCheck_InsufficientSch_BlocksPlay" methodname="SchCostCheck_InsufficientSch_BlocksPlay" classname="FWTCG.Tests.DEV13EquipTests" runstate="Runnable" seed="1913799737" result="Passed" start-time="2026-04-06 00:21:41Z" end-time="2026-04-06 00:21:41Z" duration="0.000157" asserts="0">
              <properties>
                <property name="platform" value="EditMode" />
              </properties>
            </test-case>
            <test-case id="1127" name="SchCostCheck_SufficientSch_AllowsPlay" fullname="FWTCG.Tests.DEV13EquipTests.SchCostCheck_SufficientSch_AllowsPlay" methodname="SchCostCheck_SufficientSch_AllowsPlay" classname="FWTCG.Tests.DEV13EquipTests" runstate="Runnable" seed="1126240132" result="Passed" start-time="2026-04-06 00:21:41Z" end-time="2026-04-06 00:21:41Z" duration="0.000156" asserts="0">
              <properties>
                <property name="platform" value="EditMode" />
              </properties>
            </test-case>
            <test-case id="1123" name="UnitInstance_AttachedEquipment_DefaultNull" fullname="FWTCG.Tests.DEV13EquipTests.UnitInstance_AttachedEquipment_DefaultNull" methodname="UnitInstance_AttachedEquipment_DefaultNull" classname="FWTCG.Tests.DEV13EquipTests" runstate="Runnable" seed="1141165908" result="Passed" start-time="2026-04-06 00:21:41Z" end-time="2026-04-06 00:21:41Z" duration="0.000136" asserts="0">
              <properties>
                <property name="platform" value="EditMode" />
              </properties>
            </test-case>
          </test-suite>
          <test-suite type="TestFixture" id="1135" name="DEV14SystemTests" fullname="FWTCG.Tests.DEV14SystemTests" classname="FWTCG.Tests.DEV14SystemTests" runstate="Runnable" testcasecount="9" result="Passed" start-time="2026-04-06 00:21:41Z" end-time="2026-04-06 00:21:41Z" duration="0.003009" total="9" passed="9" failed="0" inconclusive="0" skipped="0" asserts="0">
            <properties>
              <property name="platform" value="EditMode" />
            </properties>
            <test-case id="1141" name="AudioManager_CanBeCreated" fullname="FWTCG.Tests.DEV14SystemTests.AudioManager_CanBeCreated" methodname="AudioManager_CanBeCreated" classname="FWTCG.Tests.DEV14SystemTests" runstate="Runnable" seed="207000352" result="Passed" start-time="2026-04-06 00:21:41Z" end-time="2026-04-06 00:21:41Z" duration="0.000272" asserts="0">
              <properties>
                <property name="platform" value="EditMode" />
              </properties>
            </test-case>
            <test-case id="1136" name="BuffToken_DefaultZero" fullname="FWTCG.Tests.DEV14SystemTests.BuffToken_DefaultZero" methodname="BuffToken_DefaultZero" classname="FWTCG.Tests.DEV14SystemTests" runstate="Runnable" seed="1135496561" result="Passed" start-time="2026-04-06 00:21:41Z" end-time="2026-04-06 00:21:41Z" duration="0.000142" asserts="0">
              <properties>
                <property name="platform" value="EditMode" />
              </properties>
            </test-case>
            <test-case id="1137" name="BuffToken_Increment_IncreasesAtk" fullname="FWTCG.Tests.DEV14SystemTests.BuffToken_Increment_IncreasesAtk" methodname="BuffToken_Increment_IncreasesAtk" classname="FWTCG.Tests.DEV14SystemTests" runstate="Runnable" seed="1397860562" result="Passed" start-time="2026-04-06 00:21:41Z" end-time="2026-04-06 00:21:41Z" duration="0.000144" asserts="0">
              <properties>
                <property name="platform" value="EditMode" />
              </properties>
            </test-case>
            <test-case id="1138" name="BuffToken_SurvivesEndOfTurn" fullname="FWTCG.Tests.DEV14SystemTests.BuffToken_SurvivesEndOfTurn" methodname="BuffToken_SurvivesEndOfTurn" classname="FWTCG.Tests.DEV14SystemTests" runstate="Runnable" seed="764483711" result="Passed" start-time="2026-04-06 00:21:41Z" end-time="2026-04-06 00:21:41Z" duration="0.000171" asserts="0">
              <properties>
                <property name="platform" value="EditMode" />
              </properties>
            </test-case>
            <test-case id="1139" name="BuffToken_TempBonus_ClearedEndOfTurn" fullname="FWTCG.Tests.DEV14SystemTests.BuffToken_TempBonus_ClearedEndOfTurn" methodname="BuffToken_TempBonus_ClearedEndOfTurn" classname="FWTCG.Tests.DEV14SystemTests" runstate="Runnable" seed="597169439" result="Passed" start-time="2026-04-06 00:21:41Z" end-time="2026-04-06 00:21:41Z" duration="0.000139" asserts="0">
              <properties>
                <property name="platform" value="EditMode" />
              </properties>
            </test-case>
            <test-case id="1143" name="GameRules_CardCopies_KaisaHero_Is1" fullname="FWTCG.Tests.DEV14SystemTests.GameRules_CardCopies_KaisaHero_Is1" methodname="GameRules_CardCopies_KaisaHero_Is1" classname="FWTCG.Tests.DEV14SystemTests" runstate="Runnable" seed="1688538557" result="Passed" start-time="2026-04-06 00:21:41Z" end-time="2026-04-06 00:21:41Z" duration="0.000661" asserts="0">
              <properties>
                <property name="platform" value="EditMode" />
              </properties>
            </test-case>
            <test-case id="1142" name="GameRules_CardCopies_NoxusRecruit_Is2" fullname="FWTCG.Tests.DEV14SystemTests.GameRules_CardCopies_NoxusRecruit_Is2" methodname="GameRules_CardCopies_NoxusRecruit_Is2" classname="FWTCG.Tests.DEV14SystemTests" runstate="Runnable" seed="1947432691" result="Passed" start-time="2026-04-06 00:21:41Z" end-time="2026-04-06 00:21:41Z" duration="0.000092" asserts="0">
              <properties>
                <property name="platform" value="EditMode" />
              </properties>
            </test-case>
            <test-case id="1144" name="GameRules_CardCopies_Unknown_DefaultsTo1" fullname="FWTCG.Tests.DEV14SystemTests.GameRules_CardCopies_Unknown_DefaultsTo1" methodname="GameRules_CardCopies_Unknown_DefaultsTo1" classname="FWTCG.Tests.DEV14SystemTests" runstate="Runnable" seed="950961059" result="Passed" start-time="2026-04-06 00:21:41Z" end-time="2026-04-06 00:21:41Z" duration="0.000066" asserts="0">
              <properties>
                <property name="platform" value="EditMode" />
              </properties>
            </test-case>
            <test-case id="1140" name="SoftWeightedHand_FindsLowCostUnit" fullname="FWTCG.Tests.DEV14SystemTests.SoftWeightedHand_FindsLowCostUnit" methodname="SoftWeightedHand_FindsLowCostUnit" classname="FWTCG.Tests.DEV14SystemTests" runstate="Runnable" seed="929500045" result="Passed" start-time="2026-04-06 00:21:41Z" end-time="2026-04-06 00:21:41Z" duration="0.000391" asserts="0">
              <properties>
                <property name="platform" value="EditMode" />
              </properties>
            </test-case>
          </test-suite>
          <test-suite type="TestFixture" id="1145" name="DEV15ReactionTests" fullname="FWTCG.Tests.DEV15ReactionTests" classname="FWTCG.Tests.DEV15ReactionTests" runstate="Runnable" testcasecount="11" result="Passed" start-time="2026-04-06 00:21:41Z" end-time="2026-04-06 00:21:41Z" duration="0.003014" total="11" passed="11" failed="0" inconclusive="0" skipped="0" asserts="0">
            <properties>
              <property name="platform" value="EditMode" />
            </properties>
            <test-case id="1156" name="AiPickBestReactive_DuelStanceWithAllies" fullname="FWTCG.Tests.DEV15ReactionTests.AiPickBestReactive_DuelStanceWithAllies" methodname="AiPickBestReactive_DuelStanceWithAllies" classname="FWTCG.Tests.DEV15ReactionTests" runstate="Runnable" seed="1262304648" result="Passed" start-time="2026-04-06 00:21:41Z" end-time="2026-04-06 00:21:41Z" duration="0.000595" asserts="0">
              <properties>
                <property name="platform" value="EditMode" />
              </properties>
            </test-case>
            <test-case id="1152" name="AiPickBestReactive_EmptyListReturnsNull" fullname="FWTCG.Tests.DEV15ReactionTests.AiPickBestReactive_EmptyListReturnsNull" methodname="AiPickBestReactive_EmptyListReturnsNull" classname="FWTCG.Tests.DEV15ReactionTests" runstate="Runnable" seed="120540299" result="Passed" start-time="2026-04-06 00:21:41Z" end-time="2026-04-06 00:21:41Z" duration="0.000121" asserts="0">
              <properties>
                <property name="platform" value="EditMode" />
              </properties>
            </test-case>
            <test-case id="1147" name="AiPickBestReactive_FlashCounterVsPlayerSpell" fullname="FWTCG.Tests.DEV15ReactionTests.AiPickBestReactive_FlashCounterVsPlayerSpell" methodname="AiPickBestReactive_FlashCounterVsPlayerSpell" classname="FWTCG.Tests.DEV15ReactionTests" runstate="Runnable" seed="856604079" result="Passed" start-time="2026-04-06 00:21:41Z" end-time="2026-04-06 00:21:41Z" duration="0.000183" asserts="0">
              <properties>
                <property name="platform" value="EditMode" />
              </properties>
            </test-case>
[...]
              <properties>
                <property name="platform" value="EditMode" />
              </properties>
              <output><![CDATA[
IgnoreFailingMessages:true

IgnoreFailingMessages:false
]]></output>
            </test-case>
            <test-case id="1620" name="IconBar_SetValue_ZeroAndEmpty" fullname="FWTCG.Tests.VFX7Tests.IconBar_SetValue_ZeroAndEmpty" methodname="IconBar_SetValue_ZeroAndEmpty" classname="FWTCG.Tests.VFX7Tests" runstate="Runnable" seed="694831847" result="Passed" start-time="2026-04-06 00:21:41Z" end-time="2026-04-06 00:21:41Z" duration="0.000713" asserts="0">
              <properties>
                <property name="platform" value="EditMode" />
              </properties>
              <output><![CDATA[
IgnoreFailingMessages:true

IgnoreFailingMessages:false
]]></output>
            </test-case>
            <test-case id="1637" name="MouseLineFX_DotCount_Is12" fullname="FWTCG.Tests.VFX7Tests.MouseLineFX_DotCount_Is12" methodname="MouseLineFX_DotCount_Is12" classname="FWTCG.Tests.VFX7Tests" runstate="Runnable" seed="1008851596" result="Passed" start-time="2026-04-06 00:21:41Z" end-time="2026-04-06 00:21:41Z" duration="0.000074" asserts="0">
              <properties>
                <property name="platform" value="EditMode" />
              </properties>
            </test-case>
            <test-case id="1638" name="MouseLineFX_DotSize_Is6" fullname="FWTCG.Tests.VFX7Tests.MouseLineFX_DotSize_Is6" methodname="MouseLineFX_DotSize_Is6" classname="FWTCG.Tests.VFX7Tests" runstate="Runnable" seed="271923330" result="Passed" start-time="2026-04-06 00:21:41Z" end-time="2026-04-06 00:21:41Z" duration="0.000057" asserts="0">
              <properties>
                <property name="platform" value="EditMode" />
              </properties>
            </test-case>
            <test-case id="1630" name="TargetHighlight_FadeSpeed_Is2" fullname="FWTCG.Tests.VFX7Tests.TargetHighlight_FadeSpeed_Is2" methodname="TargetHighlight_FadeSpeed_Is2" classname="FWTCG.Tests.VFX7Tests" runstate="Runnable" seed="485314680" result="Passed" start-time="2026-04-06 00:21:41Z" end-time="2026-04-06 00:21:41Z" duration="0.000048" asserts="0">
              <properties>
                <property name="platform" value="EditMode" />
              </properties>
            </test-case>
            <test-case id="1623" name="TimerPulse_Freq_Is2Hz" fullname="FWTCG.Tests.VFX7Tests.TimerPulse_Freq_Is2Hz" methodname="TimerPulse_Freq_Is2Hz" classname="FWTCG.Tests.VFX7Tests" runstate="Runnable" seed="795356412" result="Passed" start-time="2026-04-06 00:21:41Z" end-time="2026-04-06 00:21:41Z" duration="0.000039" asserts="0">
              <properties>
                <property name="platform" value="EditMode" />
              </properties>
            </test-case>
            <test-case id="1624" name="TimerPulse_Scale_Is115Percent" fullname="FWTCG.Tests.VFX7Tests.TimerPulse_Scale_Is115Percent" methodname="TimerPulse_Scale_Is115Percent" classname="FWTCG.Tests.VFX7Tests" runstate="Runnable" seed="326174691" result="Passed" start-time="2026-04-06 00:21:41Z" end-time="2026-04-06 00:21:41Z" duration="0.000037" asserts="0">
              <properties>
                <property name="platform" value="EditMode" />
              </properties>
            </test-case>
          </test-suite>
          <test-suite type="TestFixture" id="1642" name="VFX8ProjectileTests" fullname="FWTCG.Tests.VFX8ProjectileTests" classname="FWTCG.Tests.VFX8ProjectileTests" runstate="Runnable" testcasecount="28" result="Passed" start-time="2026-04-06 00:21:41Z" end-time="2026-04-06 00:21:41Z" duration="0.006220" total="28" passed="28" failed="0" inconclusive="0" skipped="0" asserts="0">
            <properties>
              <property name="platform" value="EditMode" />
            </properties>
            <test-case id="1652" name="FXTool_DoProjectileFX_CallbackStored" fullname="FWTCG.Tests.VFX8ProjectileTests.FXTool_DoProjectileFX_CallbackStored" methodname="FXTool_DoProjectileFX_CallbackStored" classname="FWTCG.Tests.VFX8ProjectileTests" runstate="Runnable" seed="642352391" result="Passed" start-time="2026-04-06 00:21:41Z" end-time="2026-04-06 00:21:41Z" duration="0.000865" asserts="0">
              <properties>
                <property name="platform" value="EditMode" />
              </properties>
              <output><![CDATA[
IgnoreFailingMessages:true
]]></output>
            </test-case>
            <test-case id="1651" name="FXTool_DoProjectileFX_CreatesGOWithProjectile" fullname="FWTCG.Tests.VFX8ProjectileTests.FXTool_DoProjectileFX_CreatesGOWithProjectile" methodname="FXTool_DoProjectileFX_CreatesGOWithProjectile" classname="FWTCG.Tests.VFX8ProjectileTests" runstate="Runnable" seed="1921020487" result="Passed" start-time="2026-04-06 00:21:41Z" end-time="2026-04-06 00:21:41Z" duration="0.000274" asserts="0">
              <properties>
                <property name="platform" value="EditMode" />
              </properties>
              <output><![CDATA[
IgnoreFailingMessages:true
]]></output>
            </test-case>
            <test-case id="1650" name="FXTool_DoProjectileFX_NullPrefab_ReturnsNull" fullname="FWTCG.Tests.VFX8ProjectileTests.FXTool_DoProjectileFX_NullPrefab_ReturnsNull" methodname="FXTool_DoProjectileFX_NullPrefab_ReturnsNull" classname="FWTCG.Tests.VFX8ProjectileTests" runstate="Runnable" seed="960396706" result="Passed" start-time="2026-04-06 00:21:41Z" end-time="2026-04-06 00:21:41Z" duration="0.000089" asserts="0">
              <properties>
                <property name="platform" value="EditMode" />
              </properties>
            </test-case>
            <test-case id="1659" name="GetProjectileFXName_AllRuneTypes_NonNull" fullname="FWTCG.Tests.VFX8ProjectileTests.GetProjectileFXName_AllRuneTypes_NonNull" methodname="GetProjectileFXName_AllRuneTypes_NonNull" classname="FWTCG.Tests.VFX8ProjectileTests" runstate="Runnable" seed="1591465371" result="Passed" start-time="2026-04-06 00:21:41Z" end-time="2026-04-06 00:21:41Z" duration="0.000182" asserts="0">
              <properties>
                <property name="platform" value="EditMode" />
              </properties>
            </test-case>
            <test-case id="1660" name="GetProjectileFXName_Blazing_IsFlame" fullname="FWTCG.Tests.VFX8ProjectileTests.GetProjectileFXName_Blazing_IsFlame" methodname="GetProjectileFXName_Blazing_IsFlame" classname="FWTCG.Tests.VFX8ProjectileTests" runstate="Runnable" seed="268116355" result="Passed" start-time="2026-04-06 00:21:41Z" end-time="2026-04-06 00:21:41Z" duration="0.000051" asserts="0">
              <properties>
                <property name="platform" value="EditMode" />
              </properties>
            </test-case>
            <test-case id="1664" name="GetProjectileFXName_Chaos_IsCast" fullname="FWTCG.Tests.VFX8ProjectileTests.GetProjectileFXName_Chaos_IsCast" methodname="GetProjectileFXName_Chaos_IsCast" classname="FWTCG.Tests.VFX8ProjectileTests" runstate="Runnable" seed="2651794" result="Passed" start-time="2026-04-06 00:21:41Z" end-time="2026-04-06 00:21:41Z" duration="0.000038" asserts="0">
              <properties>
                <property name="platform" value="EditMode" />
              </properties>
            </test-case>
            <test-case id="1663" name="GetProjectileFXName_Crushing_IsHit" fullname="FWTCG.Tests.VFX8ProjectileTests.GetProjectileFXName_Crushing_IsHit" methodname="GetProjectileFXName_Crushing_IsHit" classname="FWTCG.Tests.VFX8ProjectileTests" runstate="Runnable" seed="1982467067" result="Passed" start-time="2026-04-06 00:21:41Z" end-time="2026-04-06 00:21:41Z" duration="0.000038" asserts="0">
              <properties>
                <property name="platform" value="EditMode" />
              </properties>
            </test-case>
            <test-case id="1665" name="GetProjectileFXName_Order_IsWater" fullname="FWTCG.Tests.VFX8ProjectileTests.GetProjectileFXName_Order_IsWater" methodname="GetProjectileFXName_Order_IsWater" classname="FWTCG.Tests.VFX8ProjectileTests" runstate="Runnable" seed="917517169" result="Passed" start-time="2026-04-06 00:21:41Z" end-time="2026-04-06 00:21:41Z" duration="0.000035" asserts="0">
              <properties>
                <property name="platform" value="EditMode" />
              </properties>
            </test-case>
            <test-case id="1661" name="GetProjectileFXName_Radiant_IsRayGlow" fullname="FWTCG.Tests.VFX8ProjectileTests.GetProjectileFXName_Radiant_IsRayGlow" methodname="GetProjectileFXName_Radiant_IsRayGlow" classname="FWTCG.Tests.VFX8ProjectileTests" runstate="Runnable" seed="1099826712" result="Passed" start-time="2026-04-06 00:21:41Z" end-time="2026-04-06 00:21:41Z" duration="0.000033" asserts="0">
              <properties>
                <property name="platform" value="EditMode" />
              </properties>
            </test-case>
            <test-case id="1662" name="GetProjectileFXName_Verdant_IsLeaf" fullname="FWTCG.Tests.VFX8ProjectileTests.GetProjectileFXName_Verdant_IsLeaf" methodname="GetProjectileFXName_Verdant_IsLeaf" classname="FWTCG.Tests.VFX8ProjectileTests" runstate="Runnable" seed="1423280861" result="Passed" start-time="2026-04-06 00:21:41Z" end-time="2026-04-06 00:21:41Z" duration="0.000238" asserts="0">
              <properties>
                <property name="platform" value="EditMode" />
              </properties>
            </test-case>
            <test-case id="1644" name="Projectile_ArcHeightRatio_Is03" fullname="FWTCG.Tests.VFX8ProjectileTests.Projectile_ArcHeightRatio_Is03" methodname="Projectile_ArcHeightRatio_Is03" classname="FWTCG.Tests.VFX8ProjectileTests" runstate="Runnable" seed="1353251187" result="Passed" start-time="2026-04-06 00:21:41Z" end-time="2026-04-06 00:21:41Z" duration="0.000072" asserts="0">
              <properties>
                <property name="platform" value="EditMode" />
              </properties>
            </test-case>
            <test-case id="1643" name="Projectile_DefaultDuration_Is04" fullname="FWTCG.Tests.VFX8ProjectileTests.Projectile_DefaultDuration_Is04" methodname="Projectile_DefaultDuration_Is04" classname="FWTCG.Tests.VFX8ProjectileTests" runstate="Runnable" seed="1061047456" result="Passed" start-time="2026-04-06 00:21:41Z" end-time="2026-04-06 00:21:41Z" duration="0.000042" asserts="0">
              <properties>
                <property name="platform" value="EditMode" />
              </properties>
            </test-case>
            <test-case id="1647" name="Projectile_Init_ClampsMinDuration" fullname="FWTCG.Tests.VFX8ProjectileTests.Projectile_Init_ClampsMinDuration" methodname="Projectile_Init_ClampsMinDuration" classname="FWTCG.Tests.VFX8ProjectileTests" runstate="Runnable" seed="1593523520" result="Passed" start-time="2026-04-06 00:21:41Z" end-time="2026-04-06 00:21:41Z" duration="0.000232" asserts="0">
              <properties>
                <property name="platform" value="EditMode" />
              </properties>
              <output><![CDATA[
IgnoreFailingMessages:true
]]></output>
            </test-case>
            <test-case id="1648" name="Projectile_Init_ControlPointAboveMidpoint" fullname="FWTCG.Tests.VFX8ProjectileTests.Projectile_Init_ControlPointAboveMidpoint" methodname="Projectile_Init_ControlPointAboveMidpoint" classname="FWTCG.Tests.VFX8ProjectileTests" runstate="Runnable" seed="468778997" result="Passed" start-time="2026-04-06 00:21:41Z" end-time="2026-04-06 00:21:41Z" duration="0.000281" asserts="0">
              <properties>
                <property name="platform" value="EditMode" />
              </properties>
              <output><![CDATA[
IgnoreFailingMessages:true
]]></output>
            </test-case>
            <test-case id="1649" name="Projectile_Init_PositionAtStart" fullname="FWTCG.Tests.VFX8ProjectileTests.Projectile_Init_PositionAtStart" methodname="Projectile_Init_PositionAtStart" classname="FWTCG.Tests.VFX8ProjectileTests" runstate="Runnable" seed="1582725784" result="Passed" start-time="2026-04-06 00:21:41Z" end-time="2026-04-06 00:21:41Z" duration="0.000235" asserts="0">
              <properties>
                <property name="platform" value="EditMode" />
              </properties>
              <output><![CDATA[
IgnoreFailingMessages:true
]]></output>
            </test-case>
            <test-case id="1646" name="Projectile_Init_StoresStartEnd" fullname="FWTCG.Tests.VFX8ProjectileTests.Projectile_Init_StoresStartEnd" methodname="Projectile_Init_StoresStartEnd" classname="FWTCG.Tests.VFX8ProjectileTests" runstate="Runnable" seed="1348691960" result="Passed" start-time="2026-04-06 00:21:41Z" end-time="2026-04-06 00:21:41Z" duration="0.000270" asserts="0">
              <properties>
                <property name="platform" value="EditMode" />
              </properties>
              <output><![CDATA[
IgnoreFailingMessages:true
]]></output>
            </test-case>
            <test-case id="1645" name="Projectile_MinDuration_Is005" fullname="FWTCG.Tests.VFX8ProjectileTests.Projectile_MinDuration_Is005" methodname="Projectile_MinDuration_Is005" classname="FWTCG.Tests.VFX8ProjectileTests" runstate="Runnable" seed="817418649" result="Passed" start-time="2026-04-06 00:21:41Z" end-time="2026-04-06 00:21:41Z" duration="0.000062" asserts="0">
              <properties>
                <property name="platform" value="EditMode" />
              </properties>
            </test-case>
            <test-case id="1670" name="Projectile_NegativeDuration_ClampsToMin" fullname="FWTCG.Tests.VFX8ProjectileTests.Projectile_NegativeDuration_ClampsToMin" methodname="Projectile_NegativeDuration_ClampsToMin" classname="FWTCG.Tests.VFX8ProjectileTests" runstate="Runnable" seed="201199816" result="Passed" start-time="2026-04-06 00:21:41Z" end-time="2026-04-06 00:21:41Z" duration="0.000203" asserts="0">
              <properties>
                <property name="platform" value="EditMode" />
              </properties>
              <output><![CDATA[
IgnoreFailingMessages:true
]]></output>
            </test-case>
            <test-case id="1669" name="Projectile_ZeroDist_NoException" fullname="FWTCG.Tests.VFX8ProjectileTests.Projectile_ZeroDist_NoException" methodname="Projectile_ZeroDist_NoException" classname="FWTCG.Tests.VFX8ProjectileTests" runstate="Runnable" seed="353066178" result="Passed" start-time="2026-04-06 00:21:41Z" end-time="2026-04-06 00:21:41Z" duration="0.000243" asserts="0">
              <properties>
                <property name="platform" value="EditMode" />
              </properties>
              <output><![CDATA[
IgnoreFailingMessages:true
]]></output>
            </test-case>
            <test-case id="1657" name="ResolveProjectile_EffectIdOverride_HexRay" fullname="FWTCG.Tests.VFX8ProjectileTests.ResolveProjectile_EffectIdOverride_HexRay" methodname="ResolveProjectile_EffectIdOverride_HexRay" classname="FWTCG.Tests.VFX8ProjectileTests" runstate="Runnable" seed="332216506" result="Passed" start-time="2026-04-06 00:21:41Z" end-time="2026-04-06 00:21:41Z" duration="0.000242" asserts="0">
              <properties>
                <property name="platform" value="EditMode" />
              </properties>
            </test-case>
            <test-case id="1658" name="ResolveProjectile_EffectIdOverride_Slam" fullname="FWTCG.Tests.VFX8ProjectileTests.ResolveProjectile_EffectIdOverride_Slam" methodname="ResolveProjectile_EffectIdOverride_Slam" classname="FWTCG.Tests.VFX8ProjectileTests" runstate="Runnable" seed="244927620" result="Passed" start-time="2026-04-06 00:21:41Z" end-time="2026-04-06 00:21:41Z" duration="0.000110" asserts="0">
              <properties>
                <property name="platform" value="EditMode" />
              </properties>
            </test-case>
            <test-case id="1655" name="ResolveProjectile_EquipmentCard_ReturnsFXByRuneType" fullname="FWTCG.Tests.VFX8ProjectileTests.ResolveProjectile_EquipmentCard_ReturnsFXByRuneType" methodname="ResolveProjectile_EquipmentCard_ReturnsFXByRuneType" classname="FWTCG.Tests.VFX8ProjectileTests" runstate="Runnable" seed="1181150382" result="Passed" start-time="2026-04-06 00:21:41Z" end-time="2026-04-06 00:21:41Z" duration="0.000095" asserts="0">
              <properties>
                <property name="platform" value="EditMode" />
              </properties>
            </test-case>
            <test-case id="1653" name="ResolveProjectile_NullCard_ReturnsNull" fullname="FWTCG.Tests.VFX8ProjectileTests.ResolveProjectile_NullCard_ReturnsNull" methodname="ResolveProjectile_NullCard_ReturnsNull" classname="FWTCG.Tests.VFX8ProjectileTests" runstate="Runnable" seed="467434046" result="Passed" start-time="2026-04-06 00:21:41Z" end-time="2026-04-06 00:21:41Z" duration="0.000046" asserts="0">
              <properties>
                <property name="platform" value="EditMode" />
              </properties>
            </test-case>
            <test-case id="1654" name="ResolveProjectile_SpellCard_ReturnsFXByRuneType" fullname="FWTCG.Tests.VFX8ProjectileTests.ResolveProjectile_SpellCard_ReturnsFXByRuneType" methodname="ResolveProjectile_SpellCard_ReturnsFXByRuneType" classname="FWTCG.Tests.VFX8ProjectileTests" runstate="Runnable" seed="951229951" result="Passed" start-time="2026-04-06 00:21:41Z" end-time="2026-04-06 00:21:41Z" duration="0.000086" asserts="0">
              <properties>
                <property name="platform" value="EditMode" />
              </properties>
            </test-case>
            <test-case id="1656" name="ResolveProjectile_UnitCard_ReturnsNull" fullname="FWTCG.Tests.VFX8ProjectileTests.ResolveProjectile_UnitCard_ReturnsNull" methodname="ResolveProjectile_UnitCard_ReturnsNull" classname="FWTCG.Tests.VFX8ProjectileTests" runstate="Runnable" seed="1413176428" result="Passed" start-time="2026-04-06 00:21:41Z" end-time="2026-04-06 00:21:41Z" duration="0.000100" asserts="0">
              <properties>
                <property name="platform" value="EditMode" />
              </properties>
            </test-case>
            <test-case id="1668" name="SpellVFX_AIOriginY_Positive" fullname="FWTCG.Tests.VFX8ProjectileTests.SpellVFX_AIOriginY_Positive" methodname="SpellVFX_AIOriginY_Positive" classname="FWTCG.Tests.VFX8ProjectileTests" runstate="Runnable" seed="1029398876" result="Passed" start-time="2026-04-06 00:21:41Z" end-time="2026-04-06 00:21:41Z" duration="0.000058" asserts="0">
              <properties>
                <property name="platform" value="EditMode" />
              </properties>
            </test-case>
            <test-case id="1667" name="SpellVFX_PlayerHandY_Negative" fullname="FWTCG.Tests.VFX8ProjectileTests.SpellVFX_PlayerHandY_Negative" methodname="SpellVFX_PlayerHandY_Negative" classname="FWTCG.Tests.VFX8ProjectileTests" runstate="Runnable" seed="1434443913" result="Passed" start-time="2026-04-06 00:21:41Z" end-time="2026-04-06 00:21:41Z" duration="0.000046" asserts="0">
              <properties>
                <property name="platform" value="EditMode" />
              </properties>
            </test-case>
            <test-case id="1666" name="SpellVFX_ProjectileDuration_Matches" fullname="FWTCG.Tests.VFX8ProjectileTests.SpellVFX_ProjectileDuration_Matches" methodname="SpellVFX_ProjectileDuration_Matches" classname="FWTCG.Tests.VFX8ProjectileTests" runstate="Runnable" seed="2087405257" result="Passed" start-time="2026-04-06 00:21:41Z" end-time="2026-04-06 00:21:41Z" duration="0.000039" asserts="0">
              <properties>
                <property name="platform" value="EditMode" />
              </properties>
              <output><![CDATA[Saving results to: E:\claudeCode\unity\FWTCG_UNITY_V3\TestResults-dot2b.xml
]]></output>
            </test-case>
          </test-suite>
        </test-suite>
      </test-suite>
    </test-suite>
  </test-suite>
</test-run>