<?xml version="1.0" encoding="utf-8"?>
<test-run id="2" testcasecount="895" result="Failed(Child)" total="895" passed="885" failed="10" inconclusive="0" skipped="0" asserts="0" engine-version="3.5.0.0" clr-version="4.0.30319.42000" start-time="2026-04-06 02:26:16Z" end-time="2026-04-06 02:26:18Z" duration="2.6687714">
  <test-suite type="TestSuite" id="1000" name="FWTCG_UNITY_V3" fullname="FWTCG_UNITY_V3" runstate="Runnable" testcasecount="895" result="Failed" site="Child" start-time="2026-04-06 02:26:16Z" end-time="2026-04-06 02:26:18Z" duration="2.668771" total="895" passed="885" failed="10" inconclusive="0" skipped="0" asserts="0">
    <properties>
      <property name="platform" value="EditMode" />
    </properties>
    <failure>
      <message><![CDATA[One or more child tests had errors]]></message>
    </failure>
    <test-suite type="Assembly" id="1892" name="FWTCG.Tests.EditMode.dll" fullname="E:/claudeCode/unity/FWTCG_UNITY_V3/Library/ScriptAssemblies/FWTCG.Tests.EditMode.dll" runstate="Runnable" testcasecount="844" result="Failed" site="Child" start-time="2026-04-06 02:26:16Z" end-time="2026-04-06 02:26:16Z" duration="0.478260" total="844" passed="841" failed="3" inconclusive="0" skipped="0" asserts="0">
      <properties>
        <property name="_PID" value="139812" />
        <property name="_APPDOMAIN" value="Unity Child Domain" />
        <property name="platform" value="EditMode" />
      </properties>
      <failure>
        <message><![CDATA[One or more child tests had errors]]></message>
      </failure>
      <test-suite type="TestFixture" id="1001" name="DEV19UITests" fullname="DEV19UITests" classname="DEV19UITests" runstate="Runnable" testcasecount="18" result="Passed" start-time="2026-04-06 02:26:16Z" end-time="2026-04-06 02:26:16Z" duration="0.026020" total="18" passed="18" failed="0" inconclusive="0" skipped="0" asserts="0">
        <properties>
          <property name="platform" value="EditMode" />
        </properties>
        <test-case id="1005" name="AskPromptUI_Singleton_Instance_NotNullAfterAwake" fullname="DEV19UITests.AskPromptUI_Singleton_Instance_NotNullAfterAwake" methodname="AskPromptUI_Singleton_Instance_NotNullAfterAwake" classname="DEV19UITests" runstate="Runnable" seed="699395343" result="Passed" start-time="2026-04-06 02:26:16Z" end-time="2026-04-06 02:26:16Z" duration="0.008339" asserts="0">
          <properties>
            <property name="platform" value="EditMode" />
          </properties>
        </test-case>
        <test-case id="1003" name="AskPromptUI_WaitForCardChoice_ReturnsNullImmediately_WhenEmptyList" fullname="DEV19UITests.AskPromptUI_WaitForCardChoice_ReturnsNullImmediately_WhenEmptyList" methodname="AskPromptUI_WaitForCardChoice_ReturnsNullImmediately_WhenEmptyList" classname="DEV19UITests" runstate="Runnable" seed="519465236" result="Passed" start-time="2026-04-06 02:26:16Z" end-time="2026-04-06 02:26:16Z" duration="0.001535" asserts="0">
          <properties>
            <property name="platform" value="EditMode" />
          </properties>
        </test-case>
        <test-case id="1002" name="AskPromptUI_WaitForCardChoice_ReturnsNullImmediately_WhenNullCards" fullname="DEV19UITests.AskPromptUI_WaitForCardChoice_ReturnsNullImmediately_WhenNullCards" methodname="AskPromptUI_WaitForCardChoice_ReturnsNullImmediately_WhenNullCards" classname="DEV19UITests" runstate="Runnable" seed="57765091" result="Passed" start-time="2026-04-06 02:26:16Z" end-time="2026-04-06 02:26:16Z" duration="0.000237" asserts="0">
          <properties>
            <property name="platform" value="EditMode" />
          </properties>
        </test-case>
        <test-case id="1004" name="AskPromptUI_WaitForConfirm_TaskNotCompleted_BeforeButtonPress" fullname="DEV19UITests.AskPromptUI_WaitForConfirm_TaskNotCompleted_BeforeButtonPress" methodname="AskPromptUI_WaitForConfirm_TaskNotCompleted_BeforeButtonPress" classname="DEV19UITests" runstate="Runnable" seed="128331093" result="Passed" start-time="2026-04-06 02:26:16Z" end-time="2026-04-06 02:26:16Z" duration="0.000613" asserts="0">
          <properties>
            <property name="platform" value="EditMode" />
          </properties>
        </test-case>
        <test-case id="1017" name="EndTurnPulse_ActiveWhenPlayerAction" fullname="DEV19UITests.EndTurnPulse_ActiveWhenPlayerAction" methodname="EndTurnPulse_ActiveWhenPlayerAction" classname="DEV19UITests" runstate="Runnable" seed="1089530354" result="Passed" start-time="2026-04-06 02:26:16Z" end-time="2026-04-06 02:26:16Z" duration="0.000090" asserts="0">
          <properties>
            <property name="platform" value="EditMode" />
          </properties>
        </test-case>
        <test-case id="1018" name="EndTurnPulse_InactiveWhenAITurn" fullname="DEV19UITests.EndTurnPulse_InactiveWhenAITurn" methodname="EndTurnPulse_InactiveWhenAITurn" classname="DEV19UITests" runstate="Runnable" seed="552188547" result="Passed" start-time="2026-04-06 02:26:16Z" end-time="2026-04-06 02:26:16Z" duration="0.000150" asserts="0">
          <properties>
            <property name="platform" value="EditMode" />
          </properties>
        </test-case>
        <test-case id="1019" name="EndTurnPulse_InactiveWhenNotActionPhase" fullname="DEV19UITests.EndTurnPulse_InactiveWhenNotActionPhase" methodname="EndTurnPulse_InactiveWhenNotActionPhase" classname="DEV19UITests" runstate="Runnable" seed="620505266" result="Passed" start-time="2026-04-06 02:26:16Z" end-time="2026-04-06 02:26:16Z" duration="0.000089" asserts="0">
          <properties>
            <property name="platform" value="EditMode" />
          </properties>
        </test-case>
        <test-case id="1009" name="GameEventBus_FireDuelBanner_NoSubscribers_DoesNotThrow" fullname="DEV19UITests.GameEventBus_FireDuelBanner_NoSubscribers_DoesNotThrow" methodname="GameEventBus_FireDuelBanner_NoSubscribers_DoesNotThrow" classname="DEV19UITests" runstate="Runnable" seed="385354598" result="Passed" start-time="2026-04-06 02:26:16Z" end-time="2026-04-06 02:26:16Z" duration="0.000595" asserts="0">
          <properties>
            <property name="platform" value="EditMode" />
          </properties>
        </test-case>
        <test-case id="1008" name="GameEventBus_FireDuelBanner_TriggersSubscribers" fullname="DEV19UITests.GameEventBus_FireDuelBanner_TriggersSubscribers" methodname="GameEventBus_FireDuelBanner_TriggersSubscribers" classname="DEV19UITests" runstate="Runnable" seed="1811439979" result="Passed" start-time="2026-04-06 02:26:16Z" end-time="2026-04-06 02:26:16Z" duration="0.002080" asserts="0">
          <properties>
            <property name="platform" value="EditMode" />
          </properties>
        </test-case>
        <test-case id="1015" name="ReactRibbon_ShouldAnimate_WhenButtonBecomesInteractable" fullname="DEV19UITests.ReactRibbon_ShouldAnimate_WhenButtonBecomesInteractable" methodname="ReactRibbon_ShouldAnimate_WhenButtonBecomesInteractable" classname="DEV19UITests" runstate="Runnable" seed="121535696" result="Passed" start-time="2026-04-06 02:26:16Z" end-time="2026-04-06 02:26:16Z" duration="0.000065" asserts="0">
          <properties>
            <property name="platform" value="EditMode" />
          </properties>
        </test-case>
        <test-case id="1016" name="ReactRibbon_ShouldNotAnimate_WhenButtonAlreadyInteractable" fullname="DEV19UITests.ReactRibbon_ShouldNotAnimate_WhenButtonAlreadyInteractable" methodname="ReactRibbon_ShouldNotAnimate_WhenButtonAlreadyInteractable" classname="DEV19UITests" runstate="Runnable" seed="2140189992" result="Passed" start-time="2026-04-06 02:26:16Z" end-time="2026-04-06 02:26:16Z" duration="0.000044" asserts="0">
          <properties>
            <property name="platform" value="EditMode" />
          </properties>
        </test-case>
        <test-case id="1006" name="ScoreManager_OnScoreAdded_FiresWithCorrectOwnerAndScore" fullname="DEV19UITests.ScoreManager_OnScoreAdded_FiresWithCorrectOwnerAndScore" methodname="ScoreManager_OnScoreAdded_FiresWithCorrectOwnerAndScore" classname="DEV19UITests" runstate="Runnable" seed="531747093" result="Passed" start-time="2026-04-06 02:26:16Z" end-time="2026-04-06 02:26:16Z" duration="0.004159" asserts="0">
          <properties>
            <property name="platform" value="EditMode" />
          </properties>
          <output><![CDATA[[得分] 玩家 +1 (hold) → 1/8
]]></output>
        </test-case>
        <test-case id="1007" name="ScoreManager_OnScoreAdded_NotFiredWhenGameOver" fullname="DEV19UITests.ScoreManager_OnScoreAdded_NotFiredWhenGameOver" methodname="ScoreManager_OnScoreAdded_NotFiredWhenGameOver" classname="DEV19UITests" runstate="Runnable" seed="1599458085" result="Passed" start-time="2026-04-06 02:26:16Z" end-time="2026-04-06 02:26:16Z" duration="0.000211" asserts="0">
          <properties>
            <property name="platform" value="EditMode" />
          </properties>
        </test-case>
        <test-case id="1012" name="ScorePulse_CircleIndex_IsNewScoreMinusOne" fullname="DEV19UITests.ScorePulse_CircleIndex_IsNewScoreMinusOne" methodname="ScorePulse_CircleIndex_IsNewScoreMinusOne" classname="DEV19UITests" runstate="Runnable" seed="181598260" result="Passed" start-time="2026-04-06 02:26:16Z" end-time="2026-04-06 02:26:16Z" duration="0.000077" asserts="0">
          <properties>
            <property name="platform" value="EditMode" />
          </properties>
        </test-case>
        <test-case id="1011" name="ScorePulse_ShouldNotTrigger_WhenScoreSame" fullname="DEV19UITests.ScorePulse_ShouldNotTrigger_WhenScoreSame" methodname="ScorePulse_ShouldNotTrigger_WhenScoreSame" classname="DEV19UITests" runstate="Runnable" seed="257114322" result="Passed" start-time="2026-04-06 02:26:16Z" end-time="2026-04-06 02:26:16Z" duration="0.000053" asserts="0">
          <properties>
            <property name="platform" value="EditMode" />
          </properties>
        </test-case>
        <test-case id="1010" name="ScorePulse_ShouldTrigger_WhenScoreIncreases" fullname="DEV19UITests.ScorePulse_ShouldTrigger_WhenScoreIncreases" methodname="ScorePulse_ShouldTrigger_WhenScoreIncreases" classname="DEV19UITests" runstate="Runnable" seed="1354638083" result="Passed" start-time="2026-04-06 02:26:16Z" end-time="2026-04-06 02:26:16Z" duration="0.000046" asserts="0">
          <properties>
            <property name="platform" value="EditMode" />
          </properties>
        </test-case>
        <test-case id="1014" name="TurnBanner_EnemyTurn_ContainsAILabel" fullname="DEV19UITests.TurnBanner_EnemyTurn_ContainsAILabel" methodname="TurnBanner_EnemyTurn_ContainsAILabel" classname="DEV19UITests" runstate="Runnable" seed="763536407" result="Passed" start-time="2026-04-06 02:26:16Z" end-time="2026-04-06 02:26:16Z" duration="0.000101" asserts="0">
          <properties>
            <property name="platform" value="EditMode" />
          </properties>
        </test-case>
        <test-case id="1013" name="TurnBanner_PlayerTurn_ContainsPlayerLabel" fullname="DEV19UITests.TurnBanner_PlayerTurn_ContainsPlayerLabel" methodname="TurnBanner_PlayerTurn_ContainsPlayerLabel" classname="DEV19UITests" runstate="Runnable" seed="183859271" result="Passed" start-time="2026-04-06 02:26:16Z" end-time="2026-04-06 02:26:16Z" duration="0.000071" asserts="0">
          <properties>
            <property name="platform" value="EditMode" />
          </properties>
        </test-case>
      </test-suite>
      <test-suite type="TestFixture" id="1020" name="DEV20RuneAutoConsumeTests" fullname="DEV20RuneAutoConsumeTests" classname="DEV20RuneAutoConsumeTests" runstate="Runnable" testcasecount="13" result="Passed" start-time="2026-04-06 02:26:16Z" end-time="2026-04-06 02:26:16Z" duration="0.006714" total="13" passed="13" failed="0" inconclusive="0" skipped="0" asserts="0">
        <properties>
          <property name="platform" value="EditMode" />
        </properties>
        <test-case id="1033" name="BuildConfirmText_ContainsManaAndSchInfo" fullname="DEV20RuneAutoConsumeTests.BuildConfirmText_ContainsManaAndSchInfo" methodname="BuildConfirmText_ContainsManaAndSchInfo" classname="DEV20RuneAutoConsumeTests" runstate="Runnable" seed="525522439" result="Passed" start-time="2026-04-06 02:26:16Z" end-time="2026-04-06 02:26:16Z" duration="0.003157" asserts="0">
          <properties>
            <property name="platform" value="EditMode" />
          </properties>
        </test-case>
        <test-case id="1024" name="Compute_BothDeficits_RecycleThenTap" fullname="DEV20RuneAutoConsumeTests.Compute_BothDeficits_RecycleThenTap" methodname="Compute_BothDeficits_RecycleThenTap" classname="DEV20RuneAutoConsumeTests" runstate="Runnable" seed="1440314505" result="Passed" start-time="2026-04-06 02:26:16Z" end-time="2026-04-06 02:26:16Z" duration="0.000397" asserts="0">
          <properties>
            <property name="platform" value="EditMode" />
          </properties>
        </test-case>
        <test-case id="1021" name="Compute_CanAfford_WhenManaAndSchSufficient_NoOps" fullname="DEV20RuneAutoConsumeTests.Compute_CanAfford_WhenManaAndSchSufficient_NoOps" methodname="Compute_CanAfford_WhenManaAndSchSufficient_NoOps" classname="DEV20RuneAutoConsumeTests" runstate="Runnable" seed="1336819533" result="Passed" start-time="2026-04-06 02:26:16Z" end-time="2026-04-06 02:26:16Z" duration="0.000323" asserts="0">
          <properties>
            <property name="platform" value="EditMode" />
          </properties>
        </test-case>
        <test-case id="1025" name="Compute_CannotAfford_WhenRunesInsufficient" fullname="DEV20RuneAutoConsumeTests.Compute_CannotAfford_WhenRunesInsufficient" methodname="Compute_CannotAfford_WhenRunesInsufficient" classname="DEV20RuneAutoConsumeTests" runstate="Runnable" seed="768088922" result="Passed" start-time="2026-04-06 02:26:16Z" end-time="2026-04-06 02:26:16Z" duration="0.000200" asserts="0">
          <properties>
            <property name="platform" value="EditMode" />
          </properties>
        </test-case>
        <test-case id="1031" name="Compute_EmptyRunes_AffordableIfCurrentResourcesSuffice" fullname="DEV20RuneAutoConsumeTests.Compute_EmptyRunes_AffordableIfCurrentResourcesSuffice" methodname="Compute_EmptyRunes_AffordableIfCurrentResourcesSuffice" classname="DEV20RuneAutoConsumeTests" runstate="Runnable" seed="568359560" result="Passed" start-time="2026-04-06 02:26:16Z" end-time="2026-04-06 02:26:16Z" duration="0.000148" asserts="0">
          <properties>
            <property name="platform" value="EditMode" />
          </properties>
        </test-case>
        <test-case id="1032" name="Compute_ExactlyEnoughRunes_CanAfford" fullname="DEV20RuneAutoConsumeTests.Compute_ExactlyEnoughRunes_CanAfford" methodname="Compute_ExactlyEnoughRunes_CanAfford" classname="DEV20RuneAutoConsumeTests" runstate="Runnable" seed="340075260" result="Passed" start-time="2026-04-06 02:26:16Z" end-time="2026-04-06 02:26:16Z" duration="0.000173" asserts="0">
          <properties>
            <property name="platform" value="EditMode" />
          </properties>
        </test-case>
        <test-case id="1029" name="Compute_NullCard_ReturnsFalse" fullname="DEV20RuneAutoConsumeTests.Compute_NullCard_ReturnsFalse" methodname="Compute_NullCard_ReturnsFalse" classname="DEV20RuneAutoConsumeTests" runstate="Runnable" seed="721954633" result="Passed" start-time="2026-04-06 02:26:16Z" end-time="2026-04-06 02:26:16Z" duration="0.000097" asserts="0">
          <properties>
            <property name="platform" value="EditMode" />
          </properties>
        </test-case>
        <test-case id="1030" name="Compute_NullGameState_ReturnsFalse" fullname="DEV20RuneAutoConsumeTests.Compute_NullGameState_ReturnsFalse" methodname="Compute_NullGameState_ReturnsFalse" classname="DEV20RuneAutoConsumeTests" runstate="Runnable" seed="1919788115" result="Passed" start-time="2026-04-06 02:26:16Z" end-time="2026-04-06 02:26:16Z" duration="0.000069" asserts="0">
          <properties>
            <property name="platform" value="EditMode" />
          </properties>
        </test-case>
        <test-case id="1023" name="Compute_RecyclesRunes_WhenSchDeficit" fullname="DEV20RuneAutoConsumeTests.Compute_RecyclesRunes_WhenSchDeficit" methodname="Compute_RecyclesRunes_WhenSchDeficit" classname="DEV20RuneAutoConsumeTests" runstate="Runnable" seed="1104228108" result="Passed" start-time="2026-04-06 02:26:16Z" end-time="2026-04-06 02:26:16Z" duration="0.000228" asserts="0">
          <properties>
            <property name="platform" value="EditMode" />
          </properties>
        </test-case>
        <test-case id="1026" name="Compute_SkipsTappedRunes" fullname="DEV20RuneAutoConsumeTests.Compute_SkipsTappedRunes" methodname="Compute_SkipsTappedRunes" classname="DEV20RuneAutoConsumeTests" runstate="Runnable" seed="1143011638" result="Passed" start-time="2026-04-06 02:26:16Z" end-time="2026-04-06 02:26:16Z" duration="0.000236" asserts="0">
          <properties>
            <property name="platform" value="EditMode" />
          </properties>
        </test-case>
        <test-case id="1022" name="Compute_TapsRunes_WhenManaDeficit" fullname="DEV20RuneAutoConsumeTests.Compute_TapsRunes_WhenManaDeficit" methodname="Compute_TapsRunes_WhenManaDeficit" classname="DEV20RuneAutoConsumeTests" runstate="Runnable" seed="265960945" result="Passed" start-time="2026-04-06 02:26:16Z" end-time="2026-04-06 02:26:16Z" duration="0.000219" asserts="0">
          <properties>
            <property name="platform" value="EditMode" />
          </properties>
        </test-case>
        <test-case id="1027" name="Compute_WrongRuneType_NotUsedForSch" fullname="DEV20RuneAutoConsumeTests.Compute_WrongRuneType_NotUsedForSch" methodname="Compute_WrongRuneType_NotUsedForSch" classname="DEV20RuneAutoConsumeTests" runstate="Runnable" seed="1672649449" result="Passed" start-time="2026-04-06 02:26:16Z" end-time="2026-04-06 02:26:16Z" duration="0.000174" asserts="0">
          <properties>
            <property name="platform" value="EditMode" />
          </properties>
        </test-case>
        <test-case id="1028" name="Compute_ZeroCostCard_AlwaysAffordable" fullname="DEV20RuneAutoConsumeTests.Compute_ZeroCostCard_AlwaysAffordable" methodname="Compute_ZeroCostCard_AlwaysAffordable" classname="DEV20RuneAutoConsumeTests" runstate="Runnable" seed="1783301936" result="Passed" start-time="2026-04-06 02:26:16Z" end-time="2026-04-06 02:26:16Z" duration="0.000114" asserts="0">
          <properties>
            <property name="platform" value="EditMode" />
          </properties>
        </test-case>
      </test-suite>
      <test-suite type="TestFixture" id="1034" name="DEV21ParticleTests" fullname="DEV21ParticleTests" classname="DEV21ParticleTests" runstate="Runnable" testcasecount="22" result="Passed" start-time="2026-04-06 02:26:16Z" end-time="2026-04-06 02:26:16Z" duration="0.007297" total="22" passed="22" failed="0" inconclusive="0" skipped="0" asserts="0">
        <properties>
          <property name="platform" value="EditMode" />
        </properties>
        <test-case id="1050" name="GameEventBus_OnUnitDiedAtPos_FiresCorrectArguments" fullname="DEV21ParticleTests.GameEventBus_OnUnitDiedAtPos_FiresCorrectArguments" methodname="GameEventBus_OnUnitDiedAtPos_FiresCorrectArguments" classname="DEV21ParticleTests" runstate="Runnable" seed="240215308" result="Passed" start-time="2026-04-06 02:26:16Z" end-time="2026-04-06 02:26:16Z" duration="0.001278" asserts="0">
          <properties>
            <property name="platform" value="EditMode" />
          </properties>
        </test-case>
        <test-case id="1051" name="GameEventBus_OnUnitDiedAtPos_NoSubscribers_DoesNotThrow" fullname="DEV21ParticleTests.GameEventBus_OnUnitDiedAtPos_NoSubscribers_DoesNotThrow" methodname="GameEventBus_OnUnitDiedAtPos_NoSubscribers_DoesNotThrow" classname="DEV21ParticleTests" runstate="Runnable" seed="1226467632" result="Passed" start-time="2026-04-06 02:26:16Z" end-time="2026-04-06 02:26:16Z" duration="0.000186" asserts="0">
          <properties>
            <property name="platform" value="EditMode" />
          </properties>
        </test-case>
        <test-case id="1042" name="MouseTrail_DOT_MAX_SIZE_Is8" fullname="DEV21ParticleTests.MouseTrail_DOT_MAX_SIZE_Is8" methodname="MouseTrail_DOT_MAX_SIZE_Is8" classname="DEV21ParticleTests" runstate="Runnable" seed="1267129519" result="Passed" start-time="2026-04-06 02:26:16Z" end-time="2026-04-06 02:26:16Z" duration="0.000326" asserts="0">
          <properties>
            <property name="platform" value="EditMode" />
          </properties>
        </test-case>
        <test-case id="1043" name="MouseTrail_HEAD_ALPHA_IsPositive" fullname="DEV21ParticleTests.MouseTrail_HEAD_ALPHA_IsPositive" methodname="MouseTrail_HEAD_ALPHA_IsPositive" classname="DEV21ParticleTests" runstate="Runnable" seed="32208401" result="Passed" start-time="2026-04-06 02:26:16Z" end-time="2026-04-06 02:26:16Z" duration="0.001618" asserts="0">
          <properties>
            <property name="platform" value="EditMode" />
          </properties>
        </test-case>
        <test-case id="1041" name="MouseTrail_TRAIL_LENGTH_Is18" fullname="DEV21ParticleTests.MouseTrail_TRAIL_LENGTH_Is18" methodname="MouseTrail_TRAIL_LENGTH_Is18" classname="DEV21ParticleTests" runstate="Runnable" seed="790535256" result="Passed" start-time="2026-04-06 02:26:16Z" end-time="2026-04-06 02:26:16Z" duration="0.000065" asserts="0">
          <properties>
            <property name="platform" value="EditMode" />
          </properties>
        </test-case>
        <test-case id="1035" name="ParticleManager_BG_COUNT_Is55" fullname="DEV21ParticleTests.ParticleManager_BG_COUNT_Is55" methodname="ParticleManager_BG_COUNT_Is55" classname="DEV21ParticleTests" runstate="Runnable" seed="258521554" result="Passed" start-time="2026-04-06 02:26:16Z" end-time="2026-04-06 02:26:16Z" duration="0.000053" asserts="0">
          <properties>
            <property name="platform" value="EditMode" />
          </properties>
        </test-case>
        <test-case id="1037" name="ParticleManager_FIREFLY_COUNT_Is12" fullname="DEV21ParticleTests.ParticleManager_FIREFLY_COUNT_Is12" methodname="ParticleManager_FIREFLY_COUNT_Is12" classname="DEV21ParticleTests" runstate="Runnable" seed="1724612498" result="Passed" start-time="2026-04-06 02:26:16Z" end-time="2026-04-06 02:26:16Z" duration="0.000047" asserts="0">
          <properties>
            <property name="platform" value="EditMode" />
          </properties>
        </test-case>
        <test-case id="1039" name="ParticleManager_LINE_POOL_Is80" fullname="DEV21ParticleTests.ParticleManager_LINE_POOL_Is80" methodname="ParticleManager_LINE_POOL_Is80" classname="DEV21ParticleTests" runstate="Runnable" seed="726572453" result="Passed" start-time="2026-04-06 02:26:16Z" end-time="2026-04-06 02:26:16Z" duration="0.000042" asserts="0">
          <properties>
            <property name="platform" value="EditMode" />
          </properties>
        </test-case>
        <test-case id="1040" name="ParticleManager_LINE_RADIUS_Is90" fullname="DEV21ParticleTests.ParticleManager_LINE_RADIUS_Is90" methodname="ParticleManager_LINE_RADIUS_Is90" classname="DEV21ParticleTests" runstate="Runnable" seed="1442568397" result="Passed" start-time="2026-04-06 02:26:16Z" end-time="2026-04-06 02:26:16Z" duration="0.000038" asserts="0">
          <properties>
            <property name="platform" value="EditMode" />
          </properties>
        </test-case>
        <test-case id="1054" name="ParticleManager_LineRadius_ExcludesParticlesAtExactDistance" fullname="DEV21ParticleTests.ParticleManager_LineRadius_ExcludesParticlesAtExactDistance" methodname="ParticleManager_LineRadius_ExcludesParticlesAtExactDistance" classname="DEV21ParticleTests" runstate="Runnable" seed="1894266740" result="Passed" start-time="2026-04-06 02:26:16Z" end-time="2026-04-06 02:26:16Z" duration="0.000056" asserts="0">
          <properties>
            <property name="platform" value="EditMode" />
          </properties>
        </test-case>
        <test-case id="1055" name="ParticleManager_LineRadius_IncludesParticlesJustInside" fullname="DEV21ParticleTests.ParticleManager_LineRadius_IncludesParticlesJustInside" methodname="ParticleManager_LineRadius_IncludesParticlesJustInside" classname="DEV21ParticleTests" runstate="Runnable" seed="1384833940" result="Passed" start-time="2026-04-06 02:26:16Z" end-time="2026-04-06 02:26:16Z" duration="0.000052" asserts="0">
          <properties>
            <property name="platform" value="EditMode" />
          </properties>
        </test-case>
        <test-case id="1038" name="ParticleManager_MIST_COUNT_Is4" fullname="DEV21ParticleTests.ParticleManager_MIST_COUNT_Is4" methodname="ParticleManager_MIST_COUNT_Is4" classname="DEV21ParticleTests" runstate="Runnable" seed="1442777199" result="Passed" start-time="2026-04-06 02:26:16Z" end-time="2026-04-06 02:26:16Z" duration="0.000049" asserts="0">
          <properties>
            <property name="platform" value="EditMode" />
          </properties>
        </test-case>
        <test-case id="1036" name="ParticleManager_RUNE_COUNT_Is8" fullname="DEV21ParticleTests.ParticleManager_RUNE_COUNT_Is8" methodname="ParticleManager_RUNE_COUNT_Is8" classname="DEV21ParticleTests" runstate="Runnable" seed="1599032889" result="Passed" start-time="2026-04-06 02:26:16Z" end-time="2026-04-06 02:26:16Z" duration="0.000095" asserts="0">
          <properties>
            <property name="platform" value="EditMode" />
          </properties>
        </test-case>
        <test-case id="1052" name="SpellVFX_Awake_SubscribesToOnCardPlayed" fullname="DEV21ParticleTests.SpellVFX_Awake_SubscribesToOnCardPlayed" methodname="SpellVFX_Awake_SubscribesToOnCardPlayed" classname="DEV21ParticleTests" runstate="Runnable" seed="1853183419" result="Passed" start-time="2026-04-06 02:26:16Z" end-time="2026-04-06 02:26:16Z" duration="0.000312" asserts="0">
          <properties>
            <property name="platform" value="EditMode" />
          </properties>
        </test-case>
        <test-case id="1053" name="SpellVFX_Destroy_UnsubscribesFromOnCardPlayed" fullname="DEV21ParticleTests.SpellVFX_Destroy_UnsubscribesFromOnCardPlayed" methodname="SpellVFX_Destroy_UnsubscribesFromOnCardPlayed" classname="DEV21ParticleTests" runstate="Runnable" seed="1329548298" result="Passed" start-time="2026-04-06 02:26:16Z" end-time="2026-04-06 02:26:16Z" duration="0.000161" asserts="0">
          <properties>
            <property name="platform" value="EditMode" />
          </properties>
        </test-case>
        <test-case id="1056" name="SpellVFX_GetCardBurstColor_AllRuneTypesReturnOpaqueColor" fullname="DEV21ParticleTests.SpellVFX_GetCardBurstColor_AllRuneTypesReturnOpaqueColor" methodname="SpellVFX_GetCardBurstColor_AllRuneTypesReturnOpaqueColor" classname="DEV21ParticleTests" runstate="Runnable" seed="1077347759" result="Passed" start-time="2026-04-06 02:26:16Z" end-time="2026-04-06 02:26:16Z" duration="0.000433" asserts="0">
          <properties>
            <property name="platform" value="EditMode" />
          </properties>
        </test-case>
        <test-case id="1044" name="SpellVFX_GetCardBurstColor_Blazing_IsOrangeRed" fullname="DEV21ParticleTests.SpellVFX_GetCardBurstColor_Blazing_IsOrangeRed" methodname="SpellVFX_GetCardBurstColor_Blazing_IsOrangeRed" classname="DEV21ParticleTests" runstate="Runnable" seed="1261757058" result="Passed" start-time="2026-04-06 02:26:16Z" end-time="2026-04-06 02:26:16Z" duration="0.000230" asserts="0">
          <properties>
            <property name="platform" value="EditMode" />
          </properties>
        </test-case>
        <test-case id="1047" name="SpellVFX_GetCardBurstColor_Chaos_IsPurple" fullname="DEV21ParticleTests.SpellVFX_GetCardBurstColor_Chaos_IsPurple" methodname="SpellVFX_GetCardBurstColor_Chaos_IsPurple" classname="DEV21ParticleTests" runstate="Runnable" seed="591516694" result="Passed" start-time="2026-04-06 02:26:16Z" end-time="2026-04-06 02:26:16Z" duration="0.000104" asserts="0">
          <properties>
            <property name="platform" value="EditMode" />
          </properties>
        </test-case>
        <test-case id="1049" name="SpellVFX_GetCardBurstColor_EachRuneTypeIsDistinct" fullname="DEV21ParticleTests.SpellVFX_GetCardBurstColor_EachRuneTypeIsDistinct" methodname="SpellVFX_GetCardBurstColor_EachRuneTypeIsDistinct" classname="DEV21ParticleTests" runstate="Runnable" seed="498901115" result="Passed" start-time="2026-04-06 02:26:16Z" end-time="2026-04-06 02:26:16Z" duration="0.000324" asserts="0">
          <properties>
            <property name="platform" value="EditMode" />
          </properties>
        </test-case>
        <test-case id="1048" name="SpellVFX_GetCardBurstColor_NullCard_ReturnsNonBlack" fullname="DEV21ParticleTests.SpellVFX_GetCardBurstColor_NullCard_ReturnsNonBlack" methodname="SpellVFX_GetCardBurstColor_NullCard_ReturnsNonBlack" classname="DEV21ParticleTests" runstate="Runnable" seed="1242339791" result="Passed" start-time="2026-04-06 02:26:16Z" end-time="2026-04-06 02:26:16Z" duration="0.000098" asserts="0">
          <properties>
            <property name="platform" value="EditMode" />
          </properties>
        </test-case>
        <test-case id="1045" name="SpellVFX_GetCardBurstColor_Order_IsBlue" fullname="DEV21ParticleTests.SpellVFX_GetCardBurstColor_Order_IsBlue" methodname="SpellVFX_GetCardBurstColor_Order_IsBlue" classname="DEV21ParticleTests" runstate="Runnable" seed="1755214839" result="Passed" start-time="2026-04-06 02:26:16Z" end-time="2026-04-06 02:26:16Z" duration="0.000099" asserts="0">
          <properties>
            <property name="platform" value="EditMode" />
          </properties>
        </test-case>
        <test-case id="1046" name="SpellVFX_GetCardBurstColor_Verdant_IsGreen" fullname="DEV21ParticleTests.SpellVFX_GetCardBurstColor_Verdant_IsGreen" methodname="SpellVFX_GetCardBurstColor_Verdant_IsGreen" classname="DEV21ParticleTests" runstate="Runnable" seed="317745639" result="Passed" start-time="2026-04-06 02:26:16Z" end-time="2026-04-06 02:26:16Z" duration="0.000076" asserts="0">
          <properties>
            <property name="platform" value="EditMode" />
          </properties>
        </test-case>
      </test-suite>
      <test-suite type="TestFixture" id="1057" name="DEV25VisualTests" fullname="DEV25VisualTests" classname="DEV25VisualTests" runstate="Runnable" testcasecount="15" result="Passed" start-time="2026-04-06 02:26:16Z" end-time="2026-04-06 02:26:16Z" duration="0.011567" total="15" passed="15" failed="0" inconclusive="0" skipped="0" asserts="0">
        <properties>
          <property name="platform" value="EditMode" />
        </properties>
        <test-case id="1072" name="BadgePositions_AboveCardTopEdge" fullname="DEV25VisualTests.BadgePositions_AboveCardTopEdge" methodname="BadgePositions_AboveCardTopEdge" classname="DEV25VisualTests" runstate="Runnable" seed="1410657821" result="Passed" start-time="2026-04-06 02:26:16Z" end-time="2026-04-06 02:26:16Z" duration="0.000104" asserts="0">
          <properties>
            <property name="platform" value="EditMode" />
          </properties>
        </test-case>
        <test-case id="1071" name="BadgePositions_AreSymmetricAroundCenter" fullname="DEV25VisualTests.BadgePositions_AreSymmetricAroundCenter" methodname="BadgePositions_AreSymmetricAroundCenter" classname="DEV25VisualTests" runstate="Runnable" seed="49671151" result="Passed" start-time="2026-04-06 02:26:16Z" end-time="2026-04-06 02:26:16Z" duration="0.000170" asserts="0">
          <properties>
            <property name="platform" value="EditMode" />
          </properties>
        </test-case>
        <test-case id="1065" name="BuildBuffSummary_NoEquipmentSection_WhenEquipped" fullname="DEV25VisualTests.BuildBuffSummary_NoEquipmentSection_WhenEquipped" methodname="BuildBuffSummary_NoEquipmentSection_WhenEquipped" classname="DEV25VisualTests" runstate="Runnable" seed="152157783" result="Passed" start-time="2026-04-06 02:26:16Z" end-time="2026-04-06 02:26:16Z" duration="0.000401" asserts="0">
          <properties>
            <property name="platform" value="EditMode" />
          </properties>
        </test-case>
        <test-case id="1066" name="BuildEquipSummary_NullEquipment_ReturnsNone" fullname="DEV25VisualTests.BuildEquipSummary_NullEquipment_ReturnsNone" methodname="BuildEquipSummary_NullEquipment_ReturnsNone" classname="DEV25VisualTests" runstate="Runnable" seed="1644176964" result="Passed" start-time="2026-04-06 02:26:16Z" end-time="2026-04-06 02:26:16Z" duration="0.000238" asserts="0">
          <properties>
            <property name="platform" value="EditMode" />
          </properties>
        </test-case>
        <test-case id="1067" name="BuildEquipSummary_WithEquipment_ContainsEquipName" fullname="DEV25VisualTests.BuildEquipSummary_WithEquipment_ContainsEquipName" methodname="BuildEquipSummary_WithEquipment_ContainsEquipName" classname="DEV25VisualTests" runstate="Runnable" seed="1899393035" result="Passed" start-time="2026-04-06 02:26:16Z" end-time="2026-04-06 02:26:16Z" duration="0.000298" asserts="0">
          <properties>
            <property name="platform" value="EditMode" />
          </properties>
        </test-case>
        <test-case id="1068" name="GlassPanelFX_DefaultBorderWidth_InValidRange" fullname="DEV25VisualTests.GlassPanelFX_DefaultBorderWidth_InValidRange" methodname="GlassPanelFX_DefaultBorderWidth_InValidRange" classname="DEV25VisualTests" runstate="Runnable" seed="264254843" result="Passed" start-time="2026-04-06 02:26:16Z" end-time="2026-04-06 02:26:16Z" duration="0.000198" asserts="0">
          <properties>
            <property name="platform" value="EditMode" />
          </properties>
        </test-case>
        <test-case id="1069" name="GlassPanelFX_DefaultNoiseScale_InValidRange" fullname="DEV25VisualTests.GlassPanelFX_DefaultNoiseScale_InValidRange" methodname="GlassPanelFX_DefaultNoiseScale_InValidRange" classname="DEV25VisualTests" runstate="Runnable" seed="1072299597" result="Passed" start-time="2026-04-06 02:26:16Z" end-time="2026-04-06 02:26:16Z" duration="0.000053" asserts="0">
          <properties>
            <property name="platform" value="EditMode" />
          </properties>
        </test-case>
        <test-case id="1070" name="GlassPanelFX_DefaultNoiseStr_InValidRange" fullname="DEV25VisualTests.GlassPanelFX_DefaultNoiseStr_InValidRange" methodname="GlassPanelFX_DefaultNoiseStr_InValidRange" classname="DEV25VisualTests" runstate="Runnable" seed="1821497700" result="Passed" start-time="2026-04-06 02:26:16Z" end-time="2026-04-06 02:26:16Z" duration="0.000041" asserts="0">
          <properties>
            <property name="platform" value="EditMode" />
          </properties>
        </test-case>
        <test-case id="1061" name="GlassPanelFX_Destroy_DoesNotThrow" fullname="DEV25VisualTests.GlassPanelFX_Destroy_DoesNotThrow" methodname="GlassPanelFX_Destroy_DoesNotThrow" classname="DEV25VisualTests" runstate="Runnable" seed="2116915288" result="Passed" start-time="2026-04-06 02:26:16Z" end-time="2026-04-06 02:26:16Z" duration="0.007393" asserts="0">
          <properties>
            <property name="platform" value="EditMode" />
          </properties>
        </test-case>
        <test-case id="1058" name="GlassPanelFX_RequiresImage_ComponentExists" fullname="DEV25VisualTests.GlassPanelFX_RequiresImage_ComponentExists" methodname="GlassPanelFX_RequiresImage_ComponentExists" classname="DEV25VisualTests" runstate="Runnable" seed="355037226" result="Passed" start-time="2026-04-06 02:26:16Z" end-time="2026-04-06 02:26:16Z" duration="0.000269" asserts="0">
          <properties>
            <property name="platform" value="EditMode" />
          </properties>
        </test-case>
        <test-case id="1059" name="GlassPanelFX_SetBorderColor_DoesNotThrow" fullname="DEV25VisualTests.GlassPanelFX_SetBorderColor_DoesNotThrow" methodname="GlassPanelFX_SetBorderColor_DoesNotThrow" classname="DEV25VisualTests" runstate="Runnable" seed="563449884" result="Passed" start-time="2026-04-06 02:26:16Z" end-time="2026-04-06 02:26:16Z" duration="0.000381" asserts="0">
          <properties>
            <property name="platform" value="EditMode" />
          </properties>
        </test-case>
        <test-case id="1060" name="GlassPanelFX_SetTintAlpha_DoesNotThrow" fullname="DEV25VisualTests.GlassPanelFX_SetTintAlpha_DoesNotThrow" methodname="GlassPanelFX_SetTintAlpha_DoesNotThrow" classname="DEV25VisualTests" runstate="Runnable" seed="1702511502" result="Passed" start-time="2026-04-06 02:26:16Z" end-time="2026-04-06 02:26:16Z" duration="0.000261" asserts="0">
          <properties>
            <property name="platform" value="EditMode" />
          </properties>
        </test-case>
        <test-case id="1064" name="HasBuff_EquipmentAloneDoesNotTriggerBuff" fullname="DEV25VisualTests.HasBuff_EquipmentAloneDoesNotTriggerBuff" methodname="HasBuff_EquipmentAloneDoesNotTriggerBuff" classname="DEV25VisualTests" runstate="Runnable" seed="2042756982" result="Passed" start-time="2026-04-06 02:26:16Z" end-time="2026-04-06 02:26:16Z" duration="0.000206" asserts="0">
          <properties>
            <property name="platform" value="EditMode" />
          </properties>
        </test-case>
        <test-case id="1063" name="HasBuff_WithBuffTokens_ReturnsTrue" fullname="DEV25VisualTests.HasBuff_WithBuffTokens_ReturnsTrue" methodname="HasBuff_WithBuffTokens_ReturnsTrue" classname="DEV25VisualTests" runstate="Runnable" seed="4928652" result="Passed" start-time="2026-04-06 02:26:16Z" end-time="2026-04-06 02:26:16Z" duration="0.000115" asserts="0">
          <properties>
            <property name="platform" value="EditMode" />
          </properties>
        </test-case>
        <test-case id="1062" name="HasBuff_WithNoBuffs_ReturnsFalse" fullname="DEV25VisualTests.HasBuff_WithNoBuffs_ReturnsFalse" methodname="HasBuff_WithNoBuffs_ReturnsFalse" classname="DEV25VisualTests" runstate="Runnable" seed="837081194" result="Passed" start-time="2026-04-06 02:26:16Z" end-time="2026-04-06 02:26:16Z" duration="0.000066" asserts="0">
          <properties>
            <property name="platform" value="EditMode" />
          </properties>
        </test-case>
      </test-suite>
      <test-suite type="TestSuite" id="1893" name="FWTCG" fullname="FWTCG" runstate="Runnable" testcasecount="776" result="Failed" site="Child" start-time="2026-04-06 02:26:16Z" end-time="2026-04-06 02:26:16Z" duration="0.424642" total="776" passed="773" failed="3" inconclusive="0" skipped="0" asserts="0">
        <properties>
          <property name="platform" value="EditMode" />
        </properties>
        <failure>
          <message><![CDATA[One or more child tests had errors]]></message>
        </failure>
        <test-suite type="TestSuite" id="1894" name="Tests" fullname="FWTCG.Tests" runstate="Runnable" testcasecount="776" result="Failed" site="Child" start-time="2026-04-06 02:26:16Z" end-time="2026-04-06 02:26:16Z" duration="0.423281" total="776" passed="773" failed="3" inconclusive="0" skipped="0" asserts="0">
          <properties>
            <property name="platform" value="EditMode" />
          </properties>
          <failure>
            <message><![CDATA[One or more child tests had errors]]></message>
          </failure>
          <test-suite type="TestFixture" id="1073" name="BugFixBaseCardVisibilityTests" fullname="FWTCG.Tests.BugFixBaseCardVisibilityTests" classname="FWTCG.Tests.BugFixBaseCardVisibilityTests" runstate="Runnable" testcasecount="6" result="Passed" start-time="2026-04-06 02:26:16Z" end-time="2026-04-06 02:26:16Z" duration="0.004620" total="6" passed="6" failed="0" inconclusive="0" skipped="0" asserts="0">
            <properties>
              <property name="platform" value="EditMode" />
            </properties>
            <test-case id="1074" name="CardView_CancelEnterAnim_MethodExists" fullname="FWTCG.Tests.BugFixBaseCardVisibilityTests.CardView_CancelEnterAnim_MethodExists" methodname="CardView_CancelEnterAnim_MethodExists" classname="FWTCG.Tests.BugFixBaseCardVisibilityTests" runstate="Runnable" seed="1703653580" result="Passed" start-time="2026-04-06 02:26:16Z" end-time="2026-04-06 02:26:16Z" duration="0.000145" asserts="0">
              <properties>
                <property name="platform" value="EditMode" />
              </properties>
            </test-case>
            <test-case id="1075" name="CardView_CancelEnterAnim_RestoresScale" fullname="FWTCG.Tests.BugFixBaseCardVisibilityTests.CardView_CancelEnterAnim_RestoresScale" methodname="CardView_CancelEnterAnim_RestoresScale" classname="FWTCG.Tests.BugFixBaseCardVisibilityTests" runstate="Runnable" seed="18340224" result="Passed" start-time="2026-04-06 02:26:16Z" end-time="2026-04-06 02:26:16Z" duration="0.000792" asserts="0">
              <properties>
                <property name="platform" value="EditMode" />
              </properties>
            </test-case>
            <test-case id="1076" name="CardView_HasEnterAnimCoroutineField" fullname="FWTCG.Tests.BugFixBaseCardVisibilityTests.CardView_HasEnterAnimCoroutineField" methodname="CardView_HasEnterAnimCoroutineField" classname="FWTCG.Tests.BugFixBaseCardVisibilityTests" runstate="Runnable" seed="502575478" result="Passed" start-time="2026-04-06 02:26:16Z" end-time="2026-04-06 02:26:16Z" duration="0.000118" asserts="0">
              <properties>
                <property name="platform" value="EditMode" />
              </properties>
            </test-case>
            <test-case id="1079" name="GameManager_HasHeroHoverHandlers" fullname="FWTCG.Tests.BugFixBaseCardVisibilityTests.GameManager_HasHeroHoverHandlers" methodname="GameManager_HasHeroHoverHandlers" classname="FWTCG.Tests.BugFixBaseCardVisibilityTests" runstate="Runnable" seed="119579058" result="Passed" start-time="2026-04-06 02:26:16Z" end-time="2026-04-06 02:26:16Z" duration="0.000086" asserts="0">
              <properties>
                <property name="platform" value="EditMode" />
              </properties>
            </test-case>
            <test-case id="1078" name="GameManager_HasPlayHeroWithRuneConfirmAsync" fullname="FWTCG.Tests.BugFixBaseCardVisibilityTests.GameManager_HasPlayHeroWithRuneConfirmAsync" methodname="GameManager_HasPlayHeroWithRuneConfirmAsync" classname="FWTCG.Tests.BugFixBaseCardVisibilityTests" runstate="Runnable" seed="1402198439" result="Passed" start-time="2026-04-06 02:26:16Z" end-time="2026-04-06 02:26:16Z" duration="0.000050" asserts="0">
              <properties>
                <property name="platform" value="EditMode" />
              </properties>
            </test-case>
            <test-case id="1077" name="GameUI_HasHeroHoverFields" fullname="FWTCG.Tests.BugFixBaseCardVisibilityTests.GameUI_HasHeroHoverFields" methodname="GameUI_HasHeroHoverFields" classname="FWTCG.Tests.BugFixBaseCardVisibilityTests" runstate="Runnable" seed="264924744" result="Passed" start-time="2026-04-06 02:26:16Z" end-time="2026-04-06 02:26:16Z" duration="0.000069" asserts="0">
              <properties>
                <property name="platform" value="EditMode" />
              </properties>
            </test-case>
          </test-suite>
          <test-suite type="TestFixture" id="1080" name="DEV10DataTests" fullname="FWTCG.Tests.DEV10DataTests" classname="FWTCG.Tests.DEV10DataTests" runstate="Runnable" testcasecount="17" result="Passed" start-time="2026-04-06 02:26:16Z" end-time="2026-04-06 02:26:16Z" duration="0.004846" total="17" passed="17" failed="0" inconclusive="0" skipped="0" asserts="0">
            <properties>
              <property name="platform" value="EditMode" />
            </properties>
            <test-case id="1095" name="CardData_Hero_CoexistsWithKeywords" fullname="FWTCG.Tests.DEV10DataTests.CardData_Hero_CoexistsWithKeywords" methodname="CardData_Hero_CoexistsWithKeywords" classname="FWTCG.Tests.DEV10DataTests" runstate="Runnable" seed="112265696" result="Passed" start-time="2026-04-06 02:26:16Z" end-time="2026-04-06 02:26:16Z" duration="0.000193" asserts="0">
              <properties>
                <property name="platform" value="EditMode" />
              </properties>
            </test-case>
            <test-case id="1094" name="CardData_HeroAndSpell_BothFalse" fullname="FWTCG.Tests.DEV10DataTests.CardData_HeroAndSpell_BothFalse" methodname="CardData_HeroAndSpell_BothFalse" classname="FWTCG.Tests.DEV10DataTests" runstate="Runnable" seed="1545142213" result="Passed" start-time="2026-04-06 02:26:16Z" end-time="2026-04-06 02:26:16Z" duration="0.000127" asserts="0">
              <properties>
                <property name="platform" value="EditMode" />
              </properties>
            </test-case>
            <test-case id="1081" name="CardData_IsHero_DefaultFalse" fullname="FWTCG.Tests.DEV10DataTests.CardData_IsHero_DefaultFalse" methodname="CardData_IsHero_DefaultFalse" classname="FWTCG.Tests.DEV10DataTests" runstate="Runnable" seed="606837268" result="Passed" start-time="2026-04-06 02:26:16Z" end-time="2026-04-06 02:26:16Z" duration="0.000087" asserts="0">
              <properties>
                <property name="platform" value="EditMode" />
              </properties>
            </test-case>
            <test-case id="1082" name="CardData_IsHero_SetTrue" fullname="FWTCG.Tests.DEV10DataTests.CardData_IsHero_SetTrue" methodname="CardData_IsHero_SetTrue" classname="FWTCG.Tests.DEV10DataTests" runstate="Runnable" seed="1387611640" result="Passed" start-time="2026-04-06 02:26:16Z" end-time="2026-04-06 02:26:16Z" duration="0.000078" asserts="0">
              <properties>
                <property name="platform" value="EditMode" />
              </properties>
            </test-case>
            <test-case id="1091" name="DiscardPile_SupportsReverseOrder" fullname="FWTCG.Tests.DEV10DataTests.DiscardPile_SupportsReverseOrder" methodname="DiscardPile_SupportsReverseOrder" classname="FWTCG.Tests.DEV10DataTests" runstate="Runnable" seed="628176546" result="Passed" start-time="2026-04-06 02:26:16Z" end-time="2026-04-06 02:26:16Z" duration="0.000347" asserts="0">
              <properties>
                <property name="platform" value="EditMode" />
              </properties>
            </test-case>
            <test-case id="1097" name="ExileList_AddAndRemove" fullname="FWTCG.Tests.DEV10DataTests.ExileList_AddAndRemove" methodname="ExileList_AddAndRemove" classname="FWTCG.Tests.DEV10DataTests" runstate="Runnable" seed="298037023" result="Passed" start-time="2026-04-06 02:26:16Z" end-time="2026-04-06 02:26:16Z" duration="0.000258" asserts="0">
              <properties>
                <property name="platform" value="EditMode" />
              </properties>
            </test-case>
            <test-case id="1083" name="GameState_HeroFields_InitNull" fullname="FWTCG.Tests.DEV10DataTests.GameState_HeroFields_InitNull" methodname="GameState_HeroFields_InitNull" classname="FWTCG.Tests.DEV10DataTests" runstate="Runnable" seed="2074035724" result="Passed" start-time="2026-04-06 02:26:16Z" end-time="2026-04-06 02:26:16Z" duration="0.000090" asserts="0">
              <properties>
                <property name="platform" value="EditMode" />
              </properties>
            </test-case>
            <test-case id="1085" name="GameState_SetHero_Enemy" fullname="FWTCG.Tests.DEV10DataTests.GameState_SetHero_Enemy" methodname="GameState_SetHero_Enemy" classname="FWTCG.Tests.DEV10DataTests" runstate="Runnable" seed="1745452769" result="Passed" start-time="2026-04-06 02:26:16Z" end-time="2026-04-06 02:26:16Z" duration="0.000214" asserts="0">
              <properties>
                <property name="platform" value="EditMode" />
              </properties>
            </test-case>
            <test-case id="1084" name="GameState_SetHero_Player" fullname="FWTCG.Tests.DEV10DataTests.GameState_SetHero_Player" methodname="GameState_SetHero_Player" classname="FWTCG.Tests.DEV10DataTests" runstate="Runnable" seed="1302446468" result="Passed" start-time="2026-04-06 02:26:16Z" end-time="2026-04-06 02:26:16Z" duration="0.000153" asserts="0">
              <properties>
                <property name="platform" value="EditMode" />
              </properties>
            </test-case>
            <test-case id="1093" name="Hero_SetToNull_AfterPlayed" fullname="FWTCG.Tests.DEV10DataTests.Hero_SetToNull_AfterPlayed" methodname="Hero_SetToNull_AfterPlayed" classname="FWTCG.Tests.DEV10DataTests" runstate="Runnable" seed="2079181315" result="Passed" start-time="2026-04-06 02:26:16Z" end-time="2026-04-06 02:26:16Z" duration="0.000201" asserts="0">
              <properties>
                <property name="platform" value="EditMode" />
              </properties>
            </test-case>
            <test-case id="1096" name="HeroExtraction_EmptyDeck_NoError" fullname="FWTCG.Tests.DEV10DataTests.HeroExtraction_EmptyDeck_NoError" methodname="HeroExtraction_EmptyDeck_NoError" classname="FWTCG.Tests.DEV10DataTests" runstate="Runnable" seed="1879554656" result="Passed" start-time="2026-04-06 02:26:16Z" end-time="2026-04-06 02:26:16Z" duration="0.000136" asserts="0">
              <properties>
                <property name="platform" value="EditMode" />
              </properties>
            </test-case>
            <test-case id="1092" name="HeroExtraction_MultipleHeroes_OnlyFirstExtracted" fullname="FWTCG.Tests.DEV10DataTests.HeroExtraction_MultipleHeroes_OnlyFirstExtracted" methodname="HeroExtraction_MultipleHeroes_OnlyFirstExtracted" classname="FWTCG.Tests.DEV10DataTests" runstate="Runnable" seed="1179703966" result="Passed" start-time="2026-04-06 02:26:16Z" end-time="2026-04-06 02:26:16Z" duration="0.000316" asserts="0">
              <properties>
                <property name="platform" value="EditMode" />
              </properties>
            </test-case>
            <test-case id="1087" name="HeroExtraction_NoHeroInDeck_HeroStaysNull" fullname="FWTCG.Tests.DEV10DataTests.HeroExtraction_NoHeroInDeck_HeroStaysNull" methodname="HeroExtraction_NoHeroInDeck_HeroStaysNull" classname="FWTCG.Tests.DEV10DataTests" runstate="Runnable" seed="27635701" result="Passed" start-time="2026-04-06 02:26:16Z" end-time="2026-04-06 02:26:16Z" duration="0.000248" asserts="0">
              <properties>
                <property name="platform" value="EditMode" />
              </properties>
            </test-case>
            <test-case id="1086" name="HeroExtraction_RemovesHeroFromDeck" fullname="FWTCG.Tests.DEV10DataTests.HeroExtraction_RemovesHeroFromDeck" methodname="HeroExtraction_RemovesHeroFromDeck" classname="FWTCG.Tests.DEV10DataTests" runstate="Runnable" seed="1020019300" result="Passed" start-time="2026-04-06 02:26:16Z" end-time="2026-04-06 02:26:16Z" duration="0.000485" asserts="0">
              <properties>
                <property name="platform" value="EditMode" />
              </properties>
            </test-case>
            <test-case id="1089" name="LegendInstance_DisplayData_CanBeSet" fullname="FWTCG.Tests.DEV10DataTests.LegendInstance_DisplayData_CanBeSet" methodname="LegendInstance_DisplayData_CanBeSet" classname="FWTCG.Tests.DEV10DataTests" runstate="Runnable" seed="1429136634" result="Passed" start-time="2026-04-06 02:26:16Z" end-time="2026-04-06 02:26:16Z" duration="0.000194" asserts="0">
              <properties>
                <property name="platform" value="EditMode" />
              </properties>
            </test-case>
            <test-case id="1088" name="LegendInstance_DisplayData_DefaultNull" fullname="FWTCG.Tests.DEV10DataTests.LegendInstance_DisplayData_DefaultNull" methodname="LegendInstance_DisplayData_DefaultNull" classname="FWTCG.Tests.DEV10DataTests" runstate="Runnable" seed="1143010842" result="Passed" start-time="2026-04-06 02:26:16Z" end-time="2026-04-06 02:26:16Z" duration="0.000058" asserts="0">
              <properties>
                <property name="platform" value="EditMode" />
              </properties>
            </test-case>
            <test-case id="1090" name="TurnTimer_Constants" fullname="FWTCG.Tests.DEV10DataTests.TurnTimer_Constants" methodname="TurnTimer_Constants" classname="FWTCG.Tests.DEV10DataTests" runstate="Runnable" seed="1202536922" result="Passed" start-time="2026-04-06 02:26:16Z" end-time="2026-04-06 02:26:16Z" duration="0.000051" asserts="0">
              <properties>
                <property name="platform" value="EditMode" />
              </properties>
            </test-case>
          </test-suite>
          <test-suite type="TestFixture" id="1098" name="DEV11SpellEntryTests" fullname="FWTCG.Tests.DEV11SpellEntryTests" classname="FWTCG.Tests.DEV11SpellEntryTests" runstate="Runnable" testcasecount="14" result="Passed" start-time="2026-04-06 02:26:16Z" end-time="2026-04-06 02:26:16Z" duration="0.003835" total="14" passed="14" failed="0" inconclusive="0" skipped="0" asserts="0">
            <properties>
              <property name="platform" value="EditMode" />
            </properties>
            <test-case id="1109" name="ExtraTurn_PreventsTurnSwitch" fullname="FWTCG.Tests.DEV11SpellEntryTests.ExtraTurn_PreventsTurnSwitch" methodname="ExtraTurn_PreventsTurnSwitch" classname="FWTCG.Tests.DEV11SpellEntryTests" runstate="Runnable" seed="2095064323" result="Passed" start-time="2026-04-06 02:26:16Z" end-time="2026-04-06 02:26:16Z" duration="0.000696" asserts="0">
              <properties>
                <property name="platform" value="EditMode" />
              </properties>
            </test-case>
            <test-case id="1112" name="FurnaceBlast_DamagesUpTo3Units" fullname="FWTCG.Tests.DEV11SpellEntryTests.FurnaceBlast_DamagesUpTo3Units" methodname="FurnaceBlast_DamagesUpTo3Units" classname="FWTCG.Tests.DEV11SpellEntryTests" runstate="Runnable" seed="381716204" result="Passed" start-time="2026-04-06 02:26:16Z" end-time="2026-04-06 02:26:16Z" duration="0.000328" asserts="0">
              <properties>
                <property name="platform" value="EditMode" />
              </properties>
            </test-case>
            <test-case id="1100" name="GameState_ExtraTurnPending_CanBeSet" fullname="FWTCG.Tests.DEV11SpellEntryTests.GameState_ExtraTurnPending_CanBeSet" methodname="GameState_ExtraTurnPending_CanBeSet" classname="FWTCG.Tests.DEV11SpellEntryTests" runstate="Runnable" seed="1757468865" result="Passed" start-time="2026-04-06 02:26:16Z" end-time="2026-04-06 02:26:16Z" duration="0.000103" asserts="0">
              <properties>
                <property name="platform" value="EditMode" />
              </properties>
            </test-case>
            <test-case id="1099" name="GameState_ExtraTurnPending_DefaultFalse" fullname="FWTCG.Tests.DEV11SpellEntryTests.GameState_ExtraTurnPending_DefaultFalse" methodname="GameState_ExtraTurnPending_DefaultFalse" classname="FWTCG.Tests.DEV11SpellEntryTests" runstate="Runnable" seed="1025806854" result="Passed" start-time="2026-04-06 02:26:16Z" end-time="2026-04-06 02:26:16Z" duration="0.000070" asserts="0">
              <properties>
                <property name="platform" value="EditMode" />
              </properties>
            </test-case>
            <test-case id="1102" name="GameState_InspireNextUnit_CanBeSet" fullname="FWTCG.Tests.DEV11SpellEntryTests.GameState_InspireNextUnit_CanBeSet" methodname="GameState_InspireNextUnit_CanBeSet" classname="FWTCG.Tests.DEV11SpellEntryTests" runstate="Runnable" seed="817123398" result="Passed" start-time="2026-04-06 02:26:16Z" end-time="2026-04-06 02:26:16Z" duration="0.000063" asserts="0">
              <properties>
                <property name="platform" value="EditMode" />
              </properties>
            </test-case>
            <test-case id="1101" name="GameState_InspireNextUnit_DefaultFalse" fullname="FWTCG.Tests.DEV11SpellEntryTests.GameState_InspireNextUnit_DefaultFalse" methodname="GameState_InspireNextUnit_DefaultFalse" classname="FWTCG.Tests.DEV11SpellEntryTests" runstate="Runnable" seed="796756636" result="Passed" start-time="2026-04-06 02:26:16Z" end-time="2026-04-06 02:26:16Z" duration="0.000061" asserts="0">
              <properties>
                <property name="platform" value="EditMode" />
              </properties>
            </test-case>
            <test-case id="1111" name="Inspire_NextUnitGetsBuffToken" fullname="FWTCG.Tests.DEV11SpellEntryTests.Inspire_NextUnitGetsBuffToken" methodname="Inspire_NextUnitGetsBuffToken" classname="FWTCG.Tests.DEV11SpellEntryTests" runstate="Runnable" seed="1016035224" result="Passed" start-time="2026-04-06 02:26:16Z" end-time="2026-04-06 02:26:16Z" duration="0.000184" asserts="0">
              <properties>
                <property name="platform" value="EditMode" />
              </properties>
            </test-case>
            <test-case id="1110" name="Inspire_SetsFlag" fullname="FWTCG.Tests.DEV11SpellEntryTests.Inspire_SetsFlag" methodname="Inspire_SetsFlag" classname="FWTCG.Tests.DEV11SpellEntryTests" runstate="Runnable" seed="1979252158" result="Passed" start-time="2026-04-06 02:26:16Z" end-time="2026-04-06 02:26:16Z" duration="0.000092" asserts="0">
              <properties>
                <property name="platform" value="EditMode" />
              </properties>
            </test-case>
            <test-case id="1108" name="RuneRecycle_GainsSchematicEnergy" fullname="FWTCG.Tests.DEV11SpellEntryTests.RuneRecycle_GainsSchematicEnergy" methodname="RuneRecycle_GainsSchematicEnergy" classname="FWTCG.Tests.DEV11SpellEntryTests" runstate="Runnable" seed="139560274" result="Passed" start-time="2026-04-06 02:26:16Z" end-time="2026-04-06 02:26:16Z" duration="0.000177" asserts="0">
              <properties>
                <property name="platform" value="EditMode" />
              </properties>
            </test-case>
            <test-case id="1107" name="RuneRecycle_RemovesFromActiveRunes" fullname="FWTCG.Tests.DEV11SpellEntryTests.RuneRecycle_RemovesFromActiveRunes" methodname="RuneRecycle_RemovesFromActiveRunes" classname="FWTCG.Tests.DEV11SpellEntryTests" runstate="Runnable" seed="209135606" result="Passed" start-time="2026-04-06 02:26:16Z" end-time="2026-04-06 02:26:16Z" duration="0.000200" asserts="0">
              <properties>
                <property name="platform" value="EditMode" />
              </properties>
            </test-case>
            <test-case id="1105" name="UnitInstance_HasReactive_CanBeSet" fullname="FWTCG.Tests.DEV11SpellEntryTests.UnitInstance_HasReactive_CanBeSet" methodname="UnitInstance_HasReactive_CanBeSet" classname="FWTCG.Tests.DEV11SpellEntryTests" runstate="Runnable" seed="855002672" result="Passed" start-time="2026-04-06 02:26:16Z" end-time="2026-04-06 02:26:16Z" duration="0.000151" asserts="0">
              <properties>
                <property name="platform" value="EditMode" />
              </properties>
            </test-case>
            <test-case id="1103" name="UnitInstance_HasReactive_DefaultFalse" fullname="FWTCG.Tests.DEV11SpellEntryTests.UnitInstance_HasReactive_DefaultFalse" methodname="UnitInstance_HasReactive_DefaultFalse" classname="FWTCG.Tests.DEV11SpellEntryTests" runstate="Runnable" seed="231295659" result="Passed" start-time="2026-04-06 02:26:16Z" end-time="2026-04-06 02:26:16Z" duration="0.000126" asserts="0">
              <properties>
                <property name="platform" value="EditMode" />
              </properties>
            </test-case>
            <test-case id="1106" name="UnitInstance_UntargetableBySpells_CanBeSet" fullname="FWTCG.Tests.DEV11SpellEntryTests.UnitInstance_UntargetableBySpells_CanBeSet" methodname="UnitInstance_UntargetableBySpells_CanBeSet" classname="FWTCG.Tests.DEV11SpellEntryTests" runstate="Runnable" seed="1748535715" result="Passed" start-time="2026-04-06 02:26:16Z" end-time="2026-04-06 02:26:16Z" duration="0.000142" asserts="0">
              <properties>
                <property name="platform" value="EditMode" />
              </properties>
            </test-case>
            <test-case id="1104" name="UnitInstance_UntargetableBySpells_DefaultFalse" fullname="FWTCG.Tests.DEV11SpellEntryTests.UnitInstance_UntargetableBySpells_DefaultFalse" methodname="UnitInstance_UntargetableBySpells_DefaultFalse" classname="FWTCG.Tests.DEV11SpellEntryTests" runstate="Runnable" seed="1708603187" result="Passed" start-time="2026-04-06 02:26:16Z" end-time="2026-04-06 02:26:16Z" duration="0.000121" asserts="0">
              <properties>
                <property name="platform" value="EditMode" />
              </properties>
            </test-case>
          </test-suite>
          <test-suite type="TestFixture" id="1113" name="DEV12AITests" fullname="FWTCG.Tests.DEV12AITests" classname="FWTCG.Tests.DEV12AITests" runstate="Runnable" testcasecount="8" result="Passed" start-time="2026-04-06 02:26:16Z" end-time="2026-04-06 02:26:16Z" duration="0.002591" total="8" passed="8" failed="0" inconclusive="0" skipped="0" asserts="0">
            <properties>
              <property name="platform" value="EditMode" />
            </properties>
            <test-case id="1119" name="AIBoardScore_AILeading_ReturnsPositive" fullname="FWTCG.Tests.DEV12AITests.AIBoardScore_AILeading_ReturnsPositive" methodname="AIBoardScore_AILeading_ReturnsPositive" classname="FWTCG.Tests.DEV12AITests" runstate="Runnable" seed="502227861" result="Passed" start-time="2026-04-06 02:26:16Z" end-time="2026-04-06 02:26:16Z" duration="0.000688" asserts="0">
              <properties>
                <property name="platform" value="EditMode" />
              </properties>
            </test-case>
            <test-case id="1118" name="AIBoardScore_EvenGame_ReturnsZero" fullname="FWTCG.Tests.DEV12AITests.AIBoardScore_EvenGame_ReturnsZero" methodname="AIBoardScore_EvenGame_ReturnsZero" classname="FWTCG.Tests.DEV12AITests" runstate="Runnable" seed="1168030338" result="Passed" start-time="2026-04-06 02:26:16Z" end-time="2026-04-06 02:26:16Z" duration="0.000101" asserts="0">
              <properties>
                <property name="platform" value="EditMode" />
              </properties>
            </test-case>
            <test-case id="1115" name="AIRecycleRunes_NeedSch_RecyclesTapped" fullname="FWTCG.Tests.DEV12AITests.AIRecycleRunes_NeedSch_RecyclesTapped" methodname="AIRecycleRunes_NeedSch_RecyclesTapped" classname="FWTCG.Tests.DEV12AITests" runstate="Runnable" seed="1043718523" result="Passed" start-time="2026-04-06 02:26:16Z" end-time="2026-04-06 02:26:16Z" duration="0.000186" asserts="0">
              <properties>
                <property name="platform" value="EditMode" />
              </properties>
            </test-case>
            <test-case id="1114" name="AIRecycleRunes_NoNeed_DoesNothing" fullname="FWTCG.Tests.DEV12AITests.AIRecycleRunes_NoNeed_DoesNothing" methodname="AIRecycleRunes_NoNeed_DoesNothing" classname="FWTCG.Tests.DEV12AITests" runstate="Runnable" seed="87595067" result="Passed" start-time="2026-04-06 02:26:16Z" end-time="2026-04-06 02:26:16Z" duration="0.000231" asserts="0">
              <properties>
                <property name="platform" value="EditMode" />
              </properties>
            </test-case>
            <test-case id="1116" name="BadPoro_ConquestKeyword_ExistsOnCard" fullname="FWTCG.Tests.DEV12AITests.BadPoro_ConquestKeyword_ExistsOnCard" methodname="BadPoro_ConquestKeyword_ExistsOnCard" classname="FWTCG.Tests.DEV12AITests" runstate="Runnable" seed="2013170145" result="Passed" start-time="2026-04-06 02:26:16Z" end-time="2026-04-06 02:26:16Z" duration="0.000149" asserts="0">
              <properties>
                <property name="platform" value="EditMode" />
              </properties>
            </test-case>
            <test-case id="1117" name="BadPoro_ConquestTrigger_DrawsCard" fullname="FWTCG.Tests.DEV12AITests.BadPoro_ConquestTrigger_DrawsCard" methodname="BadPoro_ConquestTrigger_DrawsCard" classname="FWTCG.Tests.DEV12AITests" runstate="Runnable" seed="435853032" result="Passed" start-time="2026-04-06 02:26:16Z" end-time="2026-04-06 02:26:16Z" duration="0.000323" asserts="0">
              <properties>
                <property name="platform" value="EditMode" />
              </properties>
            </test-case>
            <test-case id="1120" name="GameState_GameOver_DefaultFalse" fullname="FWTCG.Tests.DEV12AITests.GameState_GameOver_DefaultFalse" methodname="GameState_GameOver_DefaultFalse" classname="FWTCG.Tests.DEV12AITests" runstate="Runnable" seed="171054217" result="Passed" start-time="2026-04-06 02:26:16Z" end-time="2026-04-06 02:26:16Z" duration="0.000088" asserts="0">
              <properties>
                <property name="platform" value="EditMode" />
              </properties>
            </test-case>
            <test-case id="1121" name="GameState_GameOver_SetTrue" fullname="FWTCG.Tests.DEV12AITests.GameState_GameOver_SetTrue" methodname="GameState_GameOver_SetTrue" classname="FWTCG.Tests.DEV12AITests" runstate="Runnable" seed="825316224" result="Passed" start-time="2026-04-06 02:26:16Z" end-time="2026-04-06 02:26:16Z" duration="0.000077" asserts="0">
              <properties>
                <property name="platform" value="EditMode" />
              </properties>
            </test-case>
          </test-suite>
          <test-suite type="TestFixture" id="1122" name="DEV13EquipTests" fullname="FWTCG.Tests.DEV13EquipTests" classname="FWTCG.Tests.DEV13EquipTests" runstate="Runnable" testcasecount="12" result="Passed" start-time="2026-04-06 02:26:16Z" end-time="2026-04-06 02:26:16Z" duration="0.002964" total="12" passed="12" failed="0" inconclusive="0" skipped="0" asserts="0">
            <properties>
              <property name="platform" value="EditMode" />
            </properties>
            <test-case id="1124" name="Equipment_AttachToUnit_SetsReferences" fullname="FWTCG.Tests.DEV13EquipTests.Equipment_AttachToUnit_SetsReferences" methodname="Equipment_AttachToUnit_SetsReferences" classname="FWTCG.Tests.DEV13EquipTests" runstate="Runnable" seed="1948142460" result="Passed" start-time="2026-04-06 02:26:16Z" end-time="2026-04-06 02:26:16Z" duration="0.000307" asserts="0">
              <properties>
                <property name="platform" value="EditMode" />
              </properties>
            </test-case>
            <test-case id="1125" name="Equipment_IsEquipment_True" fullname="FWTCG.Tests.DEV13EquipTests.Equipment_IsEquipment_True" methodname="Equipment_IsEquipment_True" classname="FWTCG.Tests.DEV13EquipTests" runstate="Runnable" seed="913167916" result="Passed" start-time="2026-04-06 02:26:16Z" end-time="2026-04-06 02:26:16Z" duration="0.000168" asserts="0">
              <properties>
                <property name="platform" value="EditMode" />
              </properties>
            </test-case>
            <test-case id="1134" name="GameRules_BattlefieldCount_Is2" fullname="FWTCG.Tests.DEV13EquipTests.GameRules_BattlefieldCount_Is2" methodname="GameRules_BattlefieldCount_Is2" classname="FWTCG.Tests.DEV13EquipTests" runstate="Runnable" seed="144987774" result="Passed" start-time="2026-04-06 02:26:16Z" end-time="2026-04-06 02:26:16Z" duration="0.000093" asserts="0">
              <properties>
                <property name="platform" value="EditMode" />
              </properties>
            </test-case>
            <test-case id="1129" name="GameRules_InitialHand_Is4" fullname="FWTCG.Tests.DEV13EquipTests.GameRules_InitialHand_Is4" methodname="GameRules_InitialHand_Is4" classname="FWTCG.Tests.DEV13EquipTests" runstate="Runnable" seed="175846025" result="Passed" start-time="2026-04-06 02:26:16Z" end-time="2026-04-06 02:26:16Z" duration="0.000066" asserts="0">
              <properties>
                <property name="platform" value="EditMode" />
              </properties>
            </test-case>
            <test-case id="1133" name="GameRules_MaxRunes_Is12" fullname="FWTCG.Tests.DEV13EquipTests.GameRules_MaxRunes_Is12" methodname="GameRules_MaxRunes_Is12" classname="FWTCG.Tests.DEV13EquipTests" runstate="Runnable" seed="1333793608" result="Passed" start-time="2026-04-06 02:26:16Z" end-time="2026-04-06 02:26:16Z" duration="0.000059" asserts="0">
              <properties>
                <property name="platform" value="EditMode" />
              </properties>
            </test-case>
            <test-case id="1131" name="GameRules_SecondPlayerRunes_Is3" fullname="FWTCG.Tests.DEV13EquipTests.GameRules_SecondPlayerRunes_Is3" methodname="GameRules_SecondPlayerRunes_Is3" classname="FWTCG.Tests.DEV13EquipTests" runstate="Runnable" seed="999968846" result="Passed" start-time="2026-04-06 02:26:16Z" end-time="2026-04-06 02:26:16Z" duration="0.000066" asserts="0">
              <properties>
                <property name="platform" value="EditMode" />
              </properties>
            </test-case>
            <test-case id="1132" name="GameRules_StrongPower_Is5" fullname="FWTCG.Tests.DEV13EquipTests.GameRules_StrongPower_Is5" methodname="GameRules_StrongPower_Is5" classname="FWTCG.Tests.DEV13EquipTests" runstate="Runnable" seed="951877045" result="Passed" start-time="2026-04-06 02:26:16Z" end-time="2026-04-06 02:26:16Z" duration="0.000053" asserts="0">
              <properties>
                <property name="platform" value="EditMode" />
              </properties>
            </test-case>
            <test-case id="1130" name="GameRules_TurnTimer_Is30" fullname="FWTCG.Tests.DEV13EquipTests.GameRules_TurnTimer_Is30" methodname="GameRules_TurnTimer_Is30" classname="FWTCG.Tests.DEV13EquipTests" runstate="Runnable" seed="353184247" result="Passed" start-time="2026-04-06 02:26:16Z" end-time="2026-04-06 02:26:16Z" duration="0.000058" asserts="0">
              <properties>
                <property name="platform" value="EditMode" />
              </properties>
            </test-case>
            <test-case id="1128" name="GameRules_WinScore_Is8" fullname="FWTCG.Tests.DEV13EquipTests.GameRules_WinScore_Is8" methodname="GameRules_WinScore_Is8" classname="FWTCG.Tests.DEV13EquipTests" runstate="Runnable" seed="1773119399" result="Passed" start-time="2026-04-06 02:26:16Z" end-time="2026-04-06 02:26:16Z" duration="0.000054" asserts="0">
              <properties>
                <property name="platform" value="EditMode" />
              </properties>
            </test-case>
            <test-case id="1126" name="SchCostCheck_InsufficientSch_BlocksPlay" fullname="FWTCG.Tests.DEV13EquipTests.SchCostCheck_InsufficientSch_BlocksPlay" methodname="SchCostCheck_InsufficientSch_BlocksPlay" classname="FWTCG.Tests.DEV13EquipTests" runstate="Runnable" seed="2031520209" result="Passed" start-time="2026-04-06 02:26:16Z" end-time="2026-04-06 02:26:16Z" duration="0.000176" asserts="0">
              <properties>
                <property name="platform" value="EditMode" />
              </properties>
            </test-case>
            <test-case id="1127" name="SchCostCheck_SufficientSch_AllowsPlay" fullname="FWTCG.Tests.DEV13EquipTests.SchCostCheck_SufficientSch_AllowsPlay" methodname="SchCostCheck_SufficientSch_AllowsPlay" classname="FWTCG.Tests.DEV13EquipTests" runstate="Runnable" seed="81811657" result="Passed" start-time="2026-04-06 02:26:16Z" end-time="2026-04-06 02:26:16Z" duration="0.000269" asserts="0">
              <properties>
                <property name="platform" value="EditMode" />
              </properties>
            </test-case>
            <test-case id="1123" name="UnitInstance_AttachedEquipment_DefaultNull" fullname="FWTCG.Tests.DEV13EquipTests.UnitInstance_AttachedEquipment_DefaultNull" methodname="UnitInstance_AttachedEquipment_DefaultNull" classname="FWTCG.Tests.DEV13EquipTests" runstate="Runnable" seed="1378626341" result="Passed" start-time="2026-04-06 02:26:16Z" end-time="2026-04-06 02:26:16Z" duration="0.000166" asserts="0">
              <properties>
                <property name="platform" value="EditMode" />
              </properties>
            </test-case>
          </test-suite>
          <test-suite type="TestFixture" id="1135" name="DEV14SystemTests" fullname="FWTCG.Tests.DEV14SystemTests" classname="FWTCG.Tests.DEV14SystemTests" runstate="Runnable" testcasecount="9" result="Passed" start-time="2026-04-06 02:26:16Z" end-time="2026-04-06 02:26:16Z" duration="0.004474" total="9" passed="9" failed="0" inconclusive="0" skipped="0" asserts="0">
            <properties>
              <property name="platform" value="EditMode" />
            </properties>
            <test-case id="1141" name="AudioManager_CanBeCreated" fullname="FWTCG.Tests.DEV14SystemTests.AudioManager_CanBeCreated" methodname="AudioManager_CanBeCreated" classname="FWTCG.Tests.DEV14SystemTests" runstate="Runnable" seed="1538213122" result="Passed" start-time="2026-04-06 02:26:16Z" end-time="2026-04-06 02:26:16Z" duration="0.000292" asserts="0">
              <properties>
                <property name="platform" value="EditMode" />
              </properties>
            </test-case>
            <test-case id="1136" name="BuffToken_DefaultZero" fullname="FWTCG.Tests.DEV14SystemTests.BuffToken_DefaultZero" methodname="BuffToken_DefaultZero" classname="FWTCG.Tests.DEV14SystemTests" runstate="Runnable" seed="332726695" result="Passed" start-time="2026-04-06 02:26:16Z" end-time="2026-04-06 02:26:16Z" duration="0.000150" asserts="0">
              <properties>
                <property name="platform" value="EditMode" />
              </properties>
            </test-case>
            <test-case id="1137" name="BuffToken_Increment_IncreasesAtk" fullname="FWTCG.Tests.DEV14SystemTests.BuffToken_Increment_IncreasesAtk" methodname="BuffToken_Increment_IncreasesAtk" classname="FWTCG.Tests.DEV14SystemTests" runstate="Runnable" seed="1708369371" result="Passed" start-time="2026-04-06 02:26:16Z" end-time="2026-04-06 02:26:16Z" duration="0.000170" asserts="0">
              <properties>
                <property name="platform" value="EditMode" />
              </properties>
            </test-case>
            <test-case id="1138" name="BuffToken_SurvivesEndOfTurn" fullname="FWTCG.Tests.DEV14SystemTests.BuffToken_SurvivesEndOfTurn" methodname="BuffToken_SurvivesEndOfTurn" classname="FWTCG.Tests.DEV14SystemTests" runstate="Runnable" seed="516003085" result="Passed" start-time="2026-04-06 02:26:16Z" end-time="2026-04-06 02:26:16Z" duration="0.000199" asserts="0">
              <properties>
                <property name="platform" value="EditMode" />
              </properties>
            </test-case>
            <test-case id="1139" name="BuffToken_TempBonus_ClearedEndOfTurn" fullname="FWTCG.Tests.DEV14SystemTests.BuffToken_TempBonus_ClearedEndOfTurn" methodname="BuffToken_TempBonus_ClearedEndOfTurn" classname="FWTCG.Tests.DEV14SystemTests" runstate="Runnable" seed="596271747" result="Passed" start-time="2026-04-06 02:26:16Z" end-time="2026-04-06 02:26:16Z" duration="0.000163" asserts="0">
              <properties>
                <property name="platform" value="EditMode" />
              </properties>
            </test-case>
            <test-case id="1143" name="GameRules_CardCopies_KaisaHero_Is1" fullname="FWTCG.Tests.DEV14SystemTests.GameRules_CardCopies_KaisaHero_Is1" methodname="GameRules_CardCopies_KaisaHero_Is1" classname="FWTCG.Tests.DEV14SystemTests" runstate="Runnable" seed="508149871" result="Passed" start-time="2026-04-06 02:26:16Z" end-time="2026-04-06 02:26:16Z" duration="0.000956" asserts="0">
              <properties>
                <property name="platform" value="EditMode" />
              </properties>
            </test-case>
            <test-case id="1142" name="GameRules_CardCopies_NoxusRecruit_Is2" fullname="FWTCG.Tests.DEV14SystemTests.GameRules_CardCopies_NoxusRecruit_Is2" methodname="GameRules_CardCopies_NoxusRecruit_Is2" classname="FWTCG.Tests.DEV14SystemTests" runstate="Runnable" seed="1550437824" result="Passed" start-time="2026-04-06 02:26:16Z" end-time="2026-04-06 02:26:16Z" duration="0.000114" asserts="0">
              <properties>
                <property name="platform" value="EditMode" />
              </properties>
            </test-case>
            <test-case id="1144" name="GameRules_CardCopies_Unknown_DefaultsTo1" fullname="FWTCG.Tests.DEV14SystemTests.GameRules_CardCopies_Unknown_DefaultsTo1" methodname="GameRules_CardCopies_Unknown_DefaultsTo1" classname="FWTCG.Tests.DEV14SystemTests" runstate="Runnable" seed="2083486921" result="Passed" start-time="2026-04-06 02:26:16Z" end-time="2026-04-06 02:26:16Z" duration="0.000083" asserts="0">
              <properties>
                <property name="platform" value="EditMode" />
              </properties>
            </test-case>
            <test-case id="1140" name="SoftWeightedHand_FindsLowCostUnit" fullname="FWTCG.Tests.DEV14SystemTests.SoftWeightedHand_FindsLowCostUnit" methodname="SoftWeightedHand_FindsLowCostUnit" classname="FWTCG.Tests.DEV14SystemTests" runstate="Runnable" seed="1640289917" result="Passed" start-time="2026-04-06 02:26:16Z" end-time="2026-04-06 02:26:16Z" duration="0.000547" asserts="0">
              <properties>
                <property name="platform" value="EditMode" />
              </properties>
            </test-case>
          </test-suite>
          <test-suite type="TestFixture" id="1145" name="DEV15ReactionTests" fullname="FWTCG.Tests.DEV15ReactionTests" classname="FWTCG.Tests.DEV15ReactionTests" runstate="Runnable" testcasecount="11" result="Passed" start-time="2026-04-06 02:26:16Z" end-time="2026-04-06 02:26:16Z" duration="0.003541" total="11" passed="11" failed="0" inconclusive="0" skipped="0" asserts="0">
            <properties>
              <property name="platform" value="EditMode" />
            </properties>
            <test-case id="1156" name="AiPickBestReactive_DuelStanceWithAllies" fullname="FWTCG.Tests.DEV15ReactionTests.AiPickBestReactive_DuelStanceWithAllies" methodname="AiPickBestReactive_DuelStanceWithAllies" classname="FWTCG.Tests.DEV15ReactionTests" runstate="Runnable" seed="2072982627" result="Passed" start-time="2026-04-06 02:26:16Z" end-time="2026-04-06 02:26:16Z" duration="0.000668" asserts="0">
              <properties>
                <property name="platform" value="EditMode" />
              </properties>
            </test-case>
            <test-case id="1152" name="AiPickBestReactive_EmptyListReturnsNull" fullname="FWTCG.Tests.DEV15ReactionTests.AiPickBestReactive_EmptyListReturnsNull" methodname="AiPickBestReactive_EmptyListReturnsNull" classname="FWTCG.Tests.DEV15ReactionTests" runstate="Runnable" seed="565151778" result="Passed" start-time="2026-04-06 02:26:16Z" end-time="2026-04-06 02:26:16Z" duration="0.000137" asserts="0">
              <properties>
                <property name="platform" value="EditMode" />
              </properties>
            </test-case>
            <test-case id="1147" name="AiPickBestReactive_FlashCounterVsPlayerSpell" fullname="FWTCG.Tests.DEV15ReactionTests.AiPickBestReactive_FlashCounterVsPlayerSpell" methodname="AiPickBestReactive_FlashCounterVsPlayerSpell" classname="FWTCG.Tests.DEV15ReactionTests" runstate="Runnable" seed="931471501" result="Passed" start-time="2026-04-06 02:26:16Z" end-time="2026-04-06 02:26:16Z" duration="0.000212" asserts="0">
              <properties>
                <property name="platform" value="EditMode" />
              </properties>
            </test-case>
[...]
              </properties>
            </test-case>
            <test-case id="1940" name="AssignMaterialTool_WithValidParameters_AssignsMaterial" fullname="McpUnity.Tests.MaterialToolsTests.AssignMaterialTool_WithValidParameters_AssignsMaterial" methodname="AssignMaterialTool_WithValidParameters_AssignsMaterial" classname="McpUnity.Tests.MaterialToolsTests" runstate="Runnable" seed="564948330" result="Passed" start-time="2026-04-06 02:26:17Z" end-time="2026-04-06 02:26:17Z" duration="0.216200" asserts="0">
              <properties>
                <property name="platform" value="EditMode" />
              </properties>
              <output><![CDATA[[MCP Unity] [MCP Unity] Assigned material 'TestMaterial' to 'TestCube' at slot 0
]]></output>
            </test-case>
            <test-case id="1927" name="CreateMaterialTool_WithDefaultShader_UsesAutoDetectedShader" fullname="McpUnity.Tests.MaterialToolsTests.CreateMaterialTool_WithDefaultShader_UsesAutoDetectedShader" methodname="CreateMaterialTool_WithDefaultShader_UsesAutoDetectedShader" classname="McpUnity.Tests.MaterialToolsTests" runstate="Runnable" seed="1651391495" result="Passed" start-time="2026-04-06 02:26:17Z" end-time="2026-04-06 02:26:17Z" duration="0.095115" asserts="0">
              <properties>
                <property name="platform" value="EditMode" />
              </properties>
              <output><![CDATA[[MCP Unity] [MCP Unity] Created material 'TestMaterial' with shader 'Standard' at 'Assets/TestMaterials\TestMaterial.mat'
]]></output>
            </test-case>
            <test-case id="1926" name="CreateMaterialTool_WithInvalidShader_ReturnsError" fullname="McpUnity.Tests.MaterialToolsTests.CreateMaterialTool_WithInvalidShader_ReturnsError" methodname="CreateMaterialTool_WithInvalidShader_ReturnsError" classname="McpUnity.Tests.MaterialToolsTests" runstate="Runnable" seed="1702857654" result="Passed" start-time="2026-04-06 02:26:17Z" end-time="2026-04-06 02:26:17Z" duration="0.047008" asserts="0">
              <properties>
                <property name="platform" value="EditMode" />
              </properties>
            </test-case>
            <test-case id="1924" name="CreateMaterialTool_WithMissingName_ReturnsError" fullname="McpUnity.Tests.MaterialToolsTests.CreateMaterialTool_WithMissingName_ReturnsError" methodname="CreateMaterialTool_WithMissingName_ReturnsError" classname="McpUnity.Tests.MaterialToolsTests" runstate="Runnable" seed="459474606" result="Passed" start-time="2026-04-06 02:26:17Z" end-time="2026-04-06 02:26:17Z" duration="0.045143" asserts="0">
              <properties>
                <property name="platform" value="EditMode" />
              </properties>
            </test-case>
            <test-case id="1925" name="CreateMaterialTool_WithMissingSavePath_ReturnsError" fullname="McpUnity.Tests.MaterialToolsTests.CreateMaterialTool_WithMissingSavePath_ReturnsError" methodname="CreateMaterialTool_WithMissingSavePath_ReturnsError" classname="McpUnity.Tests.MaterialToolsTests" runstate="Runnable" seed="409435659" result="Passed" start-time="2026-04-06 02:26:17Z" end-time="2026-04-06 02:26:17Z" duration="0.048400" asserts="0">
              <properties>
                <property name="platform" value="EditMode" />
              </properties>
            </test-case>
            <test-case id="1923" name="CreateMaterialTool_WithProperties_AppliesProperties" fullname="McpUnity.Tests.MaterialToolsTests.CreateMaterialTool_WithProperties_AppliesProperties" methodname="CreateMaterialTool_WithProperties_AppliesProperties" classname="McpUnity.Tests.MaterialToolsTests" runstate="Runnable" seed="316804671" result="Passed" start-time="2026-04-06 02:26:17Z" end-time="2026-04-06 02:26:17Z" duration="0.094689" asserts="0">
              <properties>
                <property name="platform" value="EditMode" />
              </properties>
              <output><![CDATA[[MCP Unity] [MCP Unity] Created material 'TestMaterialWithProps' with shader 'Standard' at 'Assets/TestMaterials\TestMaterial.mat'
]]></output>
            </test-case>
            <test-case id="1922" name="CreateMaterialTool_WithValidParameters_CreatesMaterial" fullname="McpUnity.Tests.MaterialToolsTests.CreateMaterialTool_WithValidParameters_CreatesMaterial" methodname="CreateMaterialTool_WithValidParameters_CreatesMaterial" classname="McpUnity.Tests.MaterialToolsTests" runstate="Runnable" seed="848361366" result="Passed" start-time="2026-04-06 02:26:17Z" end-time="2026-04-06 02:26:17Z" duration="0.094862" asserts="0">
              <properties>
                <property name="platform" value="EditMode" />
              </properties>
              <output><![CDATA[[MCP Unity] [MCP Unity] Created material 'TestMaterial' with shader 'Standard' at 'Assets/TestMaterials\TestMaterial.mat'
]]></output>
            </test-case>
            <test-case id="1918" name="FindShader_WithNonExistentShader_ReturnsNull" fullname="McpUnity.Tests.MaterialToolsTests.FindShader_WithNonExistentShader_ReturnsNull" methodname="FindShader_WithNonExistentShader_ReturnsNull" classname="McpUnity.Tests.MaterialToolsTests" runstate="Runnable" seed="1182286455" result="Passed" start-time="2026-04-06 02:26:17Z" end-time="2026-04-06 02:26:17Z" duration="0.048231" asserts="0">
              <properties>
                <property name="platform" value="EditMode" />
              </properties>
            </test-case>
            <test-case id="1916" name="FindShader_WithStandardShader_ReturnsShader" fullname="McpUnity.Tests.MaterialToolsTests.FindShader_WithStandardShader_ReturnsShader" methodname="FindShader_WithStandardShader_ReturnsShader" classname="McpUnity.Tests.MaterialToolsTests" runstate="Runnable" seed="181511065" result="Passed" start-time="2026-04-06 02:26:17Z" end-time="2026-04-06 02:26:18Z" duration="0.047583" asserts="0">
              <properties>
                <property name="platform" value="EditMode" />
              </properties>
            </test-case>
            <test-case id="1917" name="FindShader_WithUnlitColor_ReturnsShader" fullname="McpUnity.Tests.MaterialToolsTests.FindShader_WithUnlitColor_ReturnsShader" methodname="FindShader_WithUnlitColor_ReturnsShader" classname="McpUnity.Tests.MaterialToolsTests" runstate="Runnable" seed="228915230" result="Passed" start-time="2026-04-06 02:26:18Z" end-time="2026-04-06 02:26:18Z" duration="0.048076" asserts="0">
              <properties>
                <property name="platform" value="EditMode" />
              </properties>
            </test-case>
            <test-case id="1931" name="GetMaterialInfoTool_ReturnsCorrectPropertyTypes" fullname="McpUnity.Tests.MaterialToolsTests.GetMaterialInfoTool_ReturnsCorrectPropertyTypes" methodname="GetMaterialInfoTool_ReturnsCorrectPropertyTypes" classname="McpUnity.Tests.MaterialToolsTests" runstate="Runnable" seed="2017588453" result="Passed" start-time="2026-04-06 02:26:18Z" end-time="2026-04-06 02:26:18Z" duration="0.077250" asserts="0">
              <properties>
                <property name="platform" value="EditMode" />
              </properties>
              <output><![CDATA[[MCP Unity] [MCP Unity] Retrieved info for material 'TestMaterial'
]]></output>
            </test-case>
            <test-case id="1929" name="GetMaterialInfoTool_WithMissingMaterialPath_ReturnsError" fullname="McpUnity.Tests.MaterialToolsTests.GetMaterialInfoTool_WithMissingMaterialPath_ReturnsError" methodname="GetMaterialInfoTool_WithMissingMaterialPath_ReturnsError" classname="McpUnity.Tests.MaterialToolsTests" runstate="Runnable" seed="1843637345" result="Passed" start-time="2026-04-06 02:26:18Z" end-time="2026-04-06 02:26:18Z" duration="0.046894" asserts="0">
              <properties>
                <property name="platform" value="EditMode" />
              </properties>
            </test-case>
            <test-case id="1930" name="GetMaterialInfoTool_WithNonExistentMaterial_ReturnsError" fullname="McpUnity.Tests.MaterialToolsTests.GetMaterialInfoTool_WithNonExistentMaterial_ReturnsError" methodname="GetMaterialInfoTool_WithNonExistentMaterial_ReturnsError" classname="McpUnity.Tests.MaterialToolsTests" runstate="Runnable" seed="214189311" result="Passed" start-time="2026-04-06 02:26:18Z" end-time="2026-04-06 02:26:18Z" duration="0.045954" asserts="0">
              <properties>
                <property name="platform" value="EditMode" />
              </properties>
            </test-case>
            <test-case id="1928" name="GetMaterialInfoTool_WithValidMaterial_ReturnsInfo" fullname="McpUnity.Tests.MaterialToolsTests.GetMaterialInfoTool_WithValidMaterial_ReturnsInfo" methodname="GetMaterialInfoTool_WithValidMaterial_ReturnsInfo" classname="McpUnity.Tests.MaterialToolsTests" runstate="Runnable" seed="156840923" result="Passed" start-time="2026-04-06 02:26:18Z" end-time="2026-04-06 02:26:18Z" duration="0.078699" asserts="0">
              <properties>
                <property name="platform" value="EditMode" />
              </properties>
              <output><![CDATA[[MCP Unity] [MCP Unity] Retrieved info for material 'TestMaterial'
]]></output>
            </test-case>
            <test-case id="1921" name="LoadMaterial_WithEmptyPath_ReturnsNull" fullname="McpUnity.Tests.MaterialToolsTests.LoadMaterial_WithEmptyPath_ReturnsNull" methodname="LoadMaterial_WithEmptyPath_ReturnsNull" classname="McpUnity.Tests.MaterialToolsTests" runstate="Runnable" seed="748572327" result="Passed" start-time="2026-04-06 02:26:18Z" end-time="2026-04-06 02:26:18Z" duration="0.045587" asserts="0">
              <properties>
                <property name="platform" value="EditMode" />
              </properties>
            </test-case>
            <test-case id="1919" name="LoadMaterial_WithNonExistentPath_ReturnsNull" fullname="McpUnity.Tests.MaterialToolsTests.LoadMaterial_WithNonExistentPath_ReturnsNull" methodname="LoadMaterial_WithNonExistentPath_ReturnsNull" classname="McpUnity.Tests.MaterialToolsTests" runstate="Runnable" seed="884148933" result="Passed" start-time="2026-04-06 02:26:18Z" end-time="2026-04-06 02:26:18Z" duration="0.047350" asserts="0">
              <properties>
                <property name="platform" value="EditMode" />
              </properties>
            </test-case>
            <test-case id="1920" name="LoadMaterial_WithNullPath_ReturnsNull" fullname="McpUnity.Tests.MaterialToolsTests.LoadMaterial_WithNullPath_ReturnsNull" methodname="LoadMaterial_WithNullPath_ReturnsNull" classname="McpUnity.Tests.MaterialToolsTests" runstate="Runnable" seed="1311985866" result="Passed" start-time="2026-04-06 02:26:18Z" end-time="2026-04-06 02:26:18Z" duration="0.047420" asserts="0">
              <properties>
                <property name="platform" value="EditMode" />
              </properties>
            </test-case>
            <test-case id="1934" name="ModifyMaterialTool_WithEmptyProperties_ReturnsError" fullname="McpUnity.Tests.MaterialToolsTests.ModifyMaterialTool_WithEmptyProperties_ReturnsError" methodname="ModifyMaterialTool_WithEmptyProperties_ReturnsError" classname="McpUnity.Tests.MaterialToolsTests" runstate="Runnable" seed="1078168057" result="Passed" start-time="2026-04-06 02:26:18Z" end-time="2026-04-06 02:26:18Z" duration="0.045667" asserts="0">
              <properties>
                <property name="platform" value="EditMode" />
              </properties>
            </test-case>
            <test-case id="1933" name="ModifyMaterialTool_WithMissingMaterialPath_ReturnsError" fullname="McpUnity.Tests.MaterialToolsTests.ModifyMaterialTool_WithMissingMaterialPath_ReturnsError" methodname="ModifyMaterialTool_WithMissingMaterialPath_ReturnsError" classname="McpUnity.Tests.MaterialToolsTests" runstate="Runnable" seed="385169302" result="Passed" start-time="2026-04-06 02:26:18Z" end-time="2026-04-06 02:26:18Z" duration="0.046475" asserts="0">
              <properties>
                <property name="platform" value="EditMode" />
              </properties>
            </test-case>
            <test-case id="1935" name="ModifyMaterialTool_WithUnknownProperty_ReportsUnknown" fullname="McpUnity.Tests.MaterialToolsTests.ModifyMaterialTool_WithUnknownProperty_ReportsUnknown" methodname="ModifyMaterialTool_WithUnknownProperty_ReportsUnknown" classname="McpUnity.Tests.MaterialToolsTests" runstate="Runnable" seed="386380237" result="Passed" start-time="2026-04-06 02:26:18Z" end-time="2026-04-06 02:26:18Z" duration="0.108001" asserts="0">
              <properties>
                <property name="platform" value="EditMode" />
              </properties>
              <output><![CDATA[[MCP Unity] [MCP Unity] Modified material 'TestMaterial': _Color
]]></output>
            </test-case>
            <test-case id="1932" name="ModifyMaterialTool_WithValidProperties_ModifiesMaterial" fullname="McpUnity.Tests.MaterialToolsTests.ModifyMaterialTool_WithValidProperties_ModifiesMaterial" methodname="ModifyMaterialTool_WithValidProperties_ModifiesMaterial" classname="McpUnity.Tests.MaterialToolsTests" runstate="Runnable" seed="589279886" result="Passed" start-time="2026-04-06 02:26:18Z" end-time="2026-04-06 02:26:18Z" duration="0.094449" asserts="0">
              <properties>
                <property name="platform" value="EditMode" />
              </properties>
              <output><![CDATA[[MCP Unity] [MCP Unity] Modified material 'TestMaterial': _Color
]]></output>
            </test-case>
          </test-suite>
          <test-suite type="TestFixture" id="1943" name="PathHandlingTests" fullname="McpUnity.Tests.PathHandlingTests" classname="McpUnity.Tests.PathHandlingTests" runstate="Runnable" testcasecount="9" result="Passed" start-time="2026-04-06 02:26:18Z" end-time="2026-04-06 02:26:18Z" duration="0.017075" total="9" passed="9" failed="0" inconclusive="0" skipped="0" asserts="0">
            <properties>
              <property name="platform" value="EditMode" />
            </properties>
            <test-case id="1952" name="EncodePathForFileUrl_WithMultipleSpaces_EncodesAll" fullname="McpUnity.Tests.PathHandlingTests.EncodePathForFileUrl_WithMultipleSpaces_EncodesAll" methodname="EncodePathForFileUrl_WithMultipleSpaces_EncodesAll" classname="McpUnity.Tests.PathHandlingTests" runstate="Runnable" seed="1609418236" result="Passed" start-time="2026-04-06 02:26:18Z" end-time="2026-04-06 02:26:18Z" duration="0.000423" asserts="0">
              <properties>
                <property name="platform" value="EditMode" />
              </properties>
            </test-case>
            <test-case id="1951" name="EncodePathForFileUrl_WithoutSpaces_ReturnsUnchanged" fullname="McpUnity.Tests.PathHandlingTests.EncodePathForFileUrl_WithoutSpaces_ReturnsUnchanged" methodname="EncodePathForFileUrl_WithoutSpaces_ReturnsUnchanged" classname="McpUnity.Tests.PathHandlingTests" runstate="Runnable" seed="864869434" result="Passed" start-time="2026-04-06 02:26:18Z" end-time="2026-04-06 02:26:18Z" duration="0.000230" asserts="0">
              <properties>
                <property name="platform" value="EditMode" />
              </properties>
            </test-case>
            <test-case id="1950" name="EncodePathForFileUrl_WithSpaces_EncodesCorrectly" fullname="McpUnity.Tests.PathHandlingTests.EncodePathForFileUrl_WithSpaces_EncodesCorrectly" methodname="EncodePathForFileUrl_WithSpaces_EncodesCorrectly" classname="McpUnity.Tests.PathHandlingTests" runstate="Runnable" seed="877281867" result="Passed" start-time="2026-04-06 02:26:18Z" end-time="2026-04-06 02:26:18Z" duration="0.000196" asserts="0">
              <properties>
                <property name="platform" value="EditMode" />
              </properties>
            </test-case>
            <test-case id="1949" name="ValidateServerPath_WithEmptyPath_ReturnsFalse" fullname="McpUnity.Tests.PathHandlingTests.ValidateServerPath_WithEmptyPath_ReturnsFalse" methodname="ValidateServerPath_WithEmptyPath_ReturnsFalse" classname="McpUnity.Tests.PathHandlingTests" runstate="Runnable" seed="1781163791" result="Passed" start-time="2026-04-06 02:26:18Z" end-time="2026-04-06 02:26:18Z" duration="0.000760" asserts="0">
              <properties>
                <property name="platform" value="EditMode" />
              </properties>
              <output><![CDATA[[MCP Unity] Server path is null or empty. Cannot validate.
]]></output>
            </test-case>
            <test-case id="1947" name="ValidateServerPath_WithMissingPackageJson_ReturnsFalse" fullname="McpUnity.Tests.PathHandlingTests.ValidateServerPath_WithMissingPackageJson_ReturnsFalse" methodname="ValidateServerPath_WithMissingPackageJson_ReturnsFalse" classname="McpUnity.Tests.PathHandlingTests" runstate="Runnable" seed="440569618" result="Passed" start-time="2026-04-06 02:26:18Z" end-time="2026-04-06 02:26:18Z" duration="0.007419" asserts="0">
              <properties>
                <property name="platform" value="EditMode" />
              </properties>
              <output><![CDATA[[MCP Unity] package.json not found in server path: C:\Users\dliao\AppData\Local\Temp\McpUnityTest
]]></output>
            </test-case>
            <test-case id="1946" name="ValidateServerPath_WithNonExistentPath_ReturnsFalse" fullname="McpUnity.Tests.PathHandlingTests.ValidateServerPath_WithNonExistentPath_ReturnsFalse" methodname="ValidateServerPath_WithNonExistentPath_ReturnsFalse" classname="McpUnity.Tests.PathHandlingTests" runstate="Runnable" seed="123650493" result="Passed" start-time="2026-04-06 02:26:18Z" end-time="2026-04-06 02:26:18Z" duration="0.000564" asserts="0">
              <properties>
                <property name="platform" value="EditMode" />
              </properties>
              <output><![CDATA[[MCP Unity] Server path does not exist: C:\Users\dliao\AppData\Local\Temp\NonExistentMcpUnityPath12345
]]></output>
            </test-case>
            <test-case id="1948" name="ValidateServerPath_WithNullPath_ReturnsFalse" fullname="McpUnity.Tests.PathHandlingTests.ValidateServerPath_WithNullPath_ReturnsFalse" methodname="ValidateServerPath_WithNullPath_ReturnsFalse" classname="McpUnity.Tests.PathHandlingTests" runstate="Runnable" seed="296691111" result="Passed" start-time="2026-04-06 02:26:18Z" end-time="2026-04-06 02:26:18Z" duration="0.000436" asserts="0">
              <properties>
                <property name="platform" value="EditMode" />
              </properties>
              <output><![CDATA[[MCP Unity] Server path is null or empty. Cannot validate.
]]></output>
            </test-case>
            <test-case id="1945" name="ValidateServerPath_WithSpacesInPath_ReturnsTrue" fullname="McpUnity.Tests.PathHandlingTests.ValidateServerPath_WithSpacesInPath_ReturnsTrue" methodname="ValidateServerPath_WithSpacesInPath_ReturnsTrue" classname="McpUnity.Tests.PathHandlingTests" runstate="Runnable" seed="46732896" result="Passed" start-time="2026-04-06 02:26:18Z" end-time="2026-04-06 02:26:18Z" duration="0.002181" asserts="0">
              <properties>
                <property name="platform" value="EditMode" />
              </properties>
            </test-case>
            <test-case id="1944" name="ValidateServerPath_WithValidPath_ReturnsTrue" fullname="McpUnity.Tests.PathHandlingTests.ValidateServerPath_WithValidPath_ReturnsTrue" methodname="ValidateServerPath_WithValidPath_ReturnsTrue" classname="McpUnity.Tests.PathHandlingTests" runstate="Runnable" seed="1609014662" result="Passed" start-time="2026-04-06 02:26:18Z" end-time="2026-04-06 02:26:18Z" duration="0.000752" asserts="0">
              <properties>
                <property name="platform" value="EditMode" />
              </properties>
              <output><![CDATA[Saving results to: E:\claudeCode\unity\FWTCG_UNITY_V3\TestResults-dot4b.xml
]]></output>
            </test-case>
          </test-suite>
        </test-suite>
      </test-suite>
    </test-suite>
  </test-suite>
</test-run>