<?xml version="1.0" encoding="utf-8"?>
<test-run id="2" testcasecount="790" result="Failed(Child)" total="790" passed="780" failed="10" inconclusive="0" skipped="0" asserts="0" engine-version="3.5.0.0" clr-version="4.0.30319.42000" start-time="2026-04-05 17:25:29Z" end-time="2026-04-05 17:25:31Z" duration="2.6007003">
  <test-suite type="TestSuite" id="1000" name="FWTCG_UNITY_V3" fullname="FWTCG_UNITY_V3" runstate="Runnable" testcasecount="790" result="Failed" site="Child" start-time="2026-04-05 17:25:29Z" end-time="2026-04-05 17:25:31Z" duration="2.600700" total="790" passed="780" failed="10" inconclusive="0" skipped="0" asserts="0">
    <properties>
      <property name="platform" value="EditMode" />
    </properties>
    <failure>
      <message><![CDATA[One or more child tests had errors]]></message>
    </failure>
    <test-suite type="Assembly" id="1784" name="FWTCG.Tests.EditMode.dll" fullname="E:/claudeCode/unity/FWTCG_UNITY_V3/Library/ScriptAssemblies/FWTCG.Tests.EditMode.dll" runstate="Runnable" testcasecount="739" result="Failed" site="Child" start-time="2026-04-05 17:25:29Z" end-time="2026-04-05 17:25:29Z" duration="0.420645" total="739" passed="736" failed="3" inconclusive="0" skipped="0" asserts="0">
      <properties>
        <property name="_PID" value="130516" />
        <property name="_APPDOMAIN" value="Unity Child Domain" />
        <property name="platform" value="EditMode" />
      </properties>
      <failure>
        <message><![CDATA[One or more child tests had errors]]></message>
      </failure>
      <test-suite type="TestFixture" id="1001" name="DEV19UITests" fullname="DEV19UITests" classname="DEV19UITests" runstate="Runnable" testcasecount="18" result="Passed" start-time="2026-04-05 17:25:29Z" end-time="2026-04-05 17:25:29Z" duration="0.024654" total="18" passed="18" failed="0" inconclusive="0" skipped="0" asserts="0">
        <properties>
          <property name="platform" value="EditMode" />
        </properties>
        <test-case id="1005" name="AskPromptUI_Singleton_Instance_NotNullAfterAwake" fullname="DEV19UITests.AskPromptUI_Singleton_Instance_NotNullAfterAwake" methodname="AskPromptUI_Singleton_Instance_NotNullAfterAwake" classname="DEV19UITests" runstate="Runnable" seed="591722379" result="Passed" start-time="2026-04-05 17:25:29Z" end-time="2026-04-05 17:25:29Z" duration="0.007489" asserts="0">
          <properties>
            <property name="platform" value="EditMode" />
          </properties>
        </test-case>
        <test-case id="1003" name="AskPromptUI_WaitForCardChoice_ReturnsNullImmediately_WhenEmptyList" fullname="DEV19UITests.AskPromptUI_WaitForCardChoice_ReturnsNullImmediately_WhenEmptyList" methodname="AskPromptUI_WaitForCardChoice_ReturnsNullImmediately_WhenEmptyList" classname="DEV19UITests" runstate="Runnable" seed="385161889" result="Passed" start-time="2026-04-05 17:25:29Z" end-time="2026-04-05 17:25:29Z" duration="0.001325" asserts="0">
          <properties>
            <property name="platform" value="EditMode" />
          </properties>
        </test-case>
        <test-case id="1002" name="AskPromptUI_WaitForCardChoice_ReturnsNullImmediately_WhenNullCards" fullname="DEV19UITests.AskPromptUI_WaitForCardChoice_ReturnsNullImmediately_WhenNullCards" methodname="AskPromptUI_WaitForCardChoice_ReturnsNullImmediately_WhenNullCards" classname="DEV19UITests" runstate="Runnable" seed="1249845163" result="Passed" start-time="2026-04-05 17:25:29Z" end-time="2026-04-05 17:25:29Z" duration="0.000196" asserts="0">
          <properties>
            <property name="platform" value="EditMode" />
          </properties>
        </test-case>
        <test-case id="1004" name="AskPromptUI_WaitForConfirm_TaskNotCompleted_BeforeButtonPress" fullname="DEV19UITests.AskPromptUI_WaitForConfirm_TaskNotCompleted_BeforeButtonPress" methodname="AskPromptUI_WaitForConfirm_TaskNotCompleted_BeforeButtonPress" classname="DEV19UITests" runstate="Runnable" seed="941799492" result="Passed" start-time="2026-04-05 17:25:29Z" end-time="2026-04-05 17:25:29Z" duration="0.000968" asserts="0">
          <properties>
            <property name="platform" value="EditMode" />
          </properties>
        </test-case>
        <test-case id="1017" name="EndTurnPulse_ActiveWhenPlayerAction" fullname="DEV19UITests.EndTurnPulse_ActiveWhenPlayerAction" methodname="EndTurnPulse_ActiveWhenPlayerAction" classname="DEV19UITests" runstate="Runnable" seed="393287485" result="Passed" start-time="2026-04-05 17:25:29Z" end-time="2026-04-05 17:25:29Z" duration="0.000083" asserts="0">
          <properties>
            <property name="platform" value="EditMode" />
          </properties>
        </test-case>
        <test-case id="1018" name="EndTurnPulse_InactiveWhenAITurn" fullname="DEV19UITests.EndTurnPulse_InactiveWhenAITurn" methodname="EndTurnPulse_InactiveWhenAITurn" classname="DEV19UITests" runstate="Runnable" seed="412918172" result="Passed" start-time="2026-04-05 17:25:29Z" end-time="2026-04-05 17:25:29Z" duration="0.000171" asserts="0">
          <properties>
            <property name="platform" value="EditMode" />
          </properties>
        </test-case>
        <test-case id="1019" name="EndTurnPulse_InactiveWhenNotActionPhase" fullname="DEV19UITests.EndTurnPulse_InactiveWhenNotActionPhase" methodname="EndTurnPulse_InactiveWhenNotActionPhase" classname="DEV19UITests" runstate="Runnable" seed="2078386010" result="Passed" start-time="2026-04-05 17:25:29Z" end-time="2026-04-05 17:25:29Z" duration="0.000071" asserts="0">
          <properties>
            <property name="platform" value="EditMode" />
          </properties>
        </test-case>
        <test-case id="1009" name="GameEventBus_FireDuelBanner_NoSubscribers_DoesNotThrow" fullname="DEV19UITests.GameEventBus_FireDuelBanner_NoSubscribers_DoesNotThrow" methodname="GameEventBus_FireDuelBanner_NoSubscribers_DoesNotThrow" classname="DEV19UITests" runstate="Runnable" seed="1648737174" result="Passed" start-time="2026-04-05 17:25:29Z" end-time="2026-04-05 17:25:29Z" duration="0.000527" asserts="0">
          <properties>
            <property name="platform" value="EditMode" />
          </properties>
        </test-case>
        <test-case id="1008" name="GameEventBus_FireDuelBanner_TriggersSubscribers" fullname="DEV19UITests.GameEventBus_FireDuelBanner_TriggersSubscribers" methodname="GameEventBus_FireDuelBanner_TriggersSubscribers" classname="DEV19UITests" runstate="Runnable" seed="628837280" result="Passed" start-time="2026-04-05 17:25:29Z" end-time="2026-04-05 17:25:29Z" duration="0.002291" asserts="0">
          <properties>
            <property name="platform" value="EditMode" />
          </properties>
        </test-case>
        <test-case id="1015" name="ReactRibbon_ShouldAnimate_WhenButtonBecomesInteractable" fullname="DEV19UITests.ReactRibbon_ShouldAnimate_WhenButtonBecomesInteractable" methodname="ReactRibbon_ShouldAnimate_WhenButtonBecomesInteractable" classname="DEV19UITests" runstate="Runnable" seed="155379661" result="Passed" start-time="2026-04-05 17:25:29Z" end-time="2026-04-05 17:25:29Z" duration="0.000088" asserts="0">
          <properties>
            <property name="platform" value="EditMode" />
          </properties>
        </test-case>
        <test-case id="1016" name="ReactRibbon_ShouldNotAnimate_WhenButtonAlreadyInteractable" fullname="DEV19UITests.ReactRibbon_ShouldNotAnimate_WhenButtonAlreadyInteractable" methodname="ReactRibbon_ShouldNotAnimate_WhenButtonAlreadyInteractable" classname="DEV19UITests" runstate="Runnable" seed="363547607" result="Passed" start-time="2026-04-05 17:25:29Z" end-time="2026-04-05 17:25:29Z" duration="0.000056" asserts="0">
          <properties>
            <property name="platform" value="EditMode" />
          </properties>
        </test-case>
        <test-case id="1006" name="ScoreManager_OnScoreAdded_FiresWithCorrectOwnerAndScore" fullname="DEV19UITests.ScoreManager_OnScoreAdded_FiresWithCorrectOwnerAndScore" methodname="ScoreManager_OnScoreAdded_FiresWithCorrectOwnerAndScore" classname="DEV19UITests" runstate="Runnable" seed="1089654148" result="Passed" start-time="2026-04-05 17:25:29Z" end-time="2026-04-05 17:25:29Z" duration="0.003956" asserts="0">
          <properties>
            <property name="platform" value="EditMode" />
          </properties>
          <output><![CDATA[[得分] 玩家 +1 (hold) → 1/8
]]></output>
        </test-case>
        <test-case id="1007" name="ScoreManager_OnScoreAdded_NotFiredWhenGameOver" fullname="DEV19UITests.ScoreManager_OnScoreAdded_NotFiredWhenGameOver" methodname="ScoreManager_OnScoreAdded_NotFiredWhenGameOver" classname="DEV19UITests" runstate="Runnable" seed="1603134077" result="Passed" start-time="2026-04-05 17:25:29Z" end-time="2026-04-05 17:25:29Z" duration="0.000209" asserts="0">
          <properties>
            <property name="platform" value="EditMode" />
          </properties>
        </test-case>
        <test-case id="1012" name="ScorePulse_CircleIndex_IsNewScoreMinusOne" fullname="DEV19UITests.ScorePulse_CircleIndex_IsNewScoreMinusOne" methodname="ScorePulse_CircleIndex_IsNewScoreMinusOne" classname="DEV19UITests" runstate="Runnable" seed="507451066" result="Passed" start-time="2026-04-05 17:25:29Z" end-time="2026-04-05 17:25:29Z" duration="0.000072" asserts="0">
          <properties>
            <property name="platform" value="EditMode" />
          </properties>
        </test-case>
        <test-case id="1011" name="ScorePulse_ShouldNotTrigger_WhenScoreSame" fullname="DEV19UITests.ScorePulse_ShouldNotTrigger_WhenScoreSame" methodname="ScorePulse_ShouldNotTrigger_WhenScoreSame" classname="DEV19UITests" runstate="Runnable" seed="1010683878" result="Passed" start-time="2026-04-05 17:25:29Z" end-time="2026-04-05 17:25:29Z" duration="0.000047" asserts="0">
          <properties>
            <property name="platform" value="EditMode" />
          </properties>
        </test-case>
        <test-case id="1010" name="ScorePulse_ShouldTrigger_WhenScoreIncreases" fullname="DEV19UITests.ScorePulse_ShouldTrigger_WhenScoreIncreases" methodname="ScorePulse_ShouldTrigger_WhenScoreIncreases" classname="DEV19UITests" runstate="Runnable" seed="686351569" result="Passed" start-time="2026-04-05 17:25:29Z" end-time="2026-04-05 17:25:29Z" duration="0.000038" asserts="0">
          <properties>
            <property name="platform" value="EditMode" />
          </properties>
        </test-case>
        <test-case id="1014" name="TurnBanner_EnemyTurn_ContainsAILabel" fullname="DEV19UITests.TurnBanner_EnemyTurn_ContainsAILabel" methodname="TurnBanner_EnemyTurn_ContainsAILabel" classname="DEV19UITests" runstate="Runnable" seed="17116384" result="Passed" start-time="2026-04-05 17:25:29Z" end-time="2026-04-05 17:25:29Z" duration="0.000110" asserts="0">
          <properties>
            <property name="platform" value="EditMode" />
          </properties>
        </test-case>
        <test-case id="1013" name="TurnBanner_PlayerTurn_ContainsPlayerLabel" fullname="DEV19UITests.TurnBanner_PlayerTurn_ContainsPlayerLabel" methodname="TurnBanner_PlayerTurn_ContainsPlayerLabel" classname="DEV19UITests" runstate="Runnable" seed="342677650" result="Passed" start-time="2026-04-05 17:25:29Z" end-time="2026-04-05 17:25:29Z" duration="0.000063" asserts="0">
          <properties>
            <property name="platform" value="EditMode" />
          </properties>
        </test-case>
      </test-suite>
      <test-suite type="TestFixture" id="1020" name="DEV20RuneAutoConsumeTests" fullname="DEV20RuneAutoConsumeTests" classname="DEV20RuneAutoConsumeTests" runstate="Runnable" testcasecount="13" result="Passed" start-time="2026-04-05 17:25:29Z" end-time="2026-04-05 17:25:29Z" duration="0.006674" total="13" passed="13" failed="0" inconclusive="0" skipped="0" asserts="0">
        <properties>
          <property name="platform" value="EditMode" />
        </properties>
        <test-case id="1033" name="BuildConfirmText_ContainsManaAndSchInfo" fullname="DEV20RuneAutoConsumeTests.BuildConfirmText_ContainsManaAndSchInfo" methodname="BuildConfirmText_ContainsManaAndSchInfo" classname="DEV20RuneAutoConsumeTests" runstate="Runnable" seed="1490440759" result="Passed" start-time="2026-04-05 17:25:29Z" end-time="2026-04-05 17:25:29Z" duration="0.003102" asserts="0">
          <properties>
            <property name="platform" value="EditMode" />
          </properties>
        </test-case>
        <test-case id="1024" name="Compute_BothDeficits_RecycleThenTap" fullname="DEV20RuneAutoConsumeTests.Compute_BothDeficits_RecycleThenTap" methodname="Compute_BothDeficits_RecycleThenTap" classname="DEV20RuneAutoConsumeTests" runstate="Runnable" seed="1365057942" result="Passed" start-time="2026-04-05 17:25:29Z" end-time="2026-04-05 17:25:29Z" duration="0.000332" asserts="0">
          <properties>
            <property name="platform" value="EditMode" />
          </properties>
        </test-case>
        <test-case id="1021" name="Compute_CanAfford_WhenManaAndSchSufficient_NoOps" fullname="DEV20RuneAutoConsumeTests.Compute_CanAfford_WhenManaAndSchSufficient_NoOps" methodname="Compute_CanAfford_WhenManaAndSchSufficient_NoOps" classname="DEV20RuneAutoConsumeTests" runstate="Runnable" seed="201447694" result="Passed" start-time="2026-04-05 17:25:29Z" end-time="2026-04-05 17:25:29Z" duration="0.000320" asserts="0">
          <properties>
            <property name="platform" value="EditMode" />
          </properties>
        </test-case>
        <test-case id="1025" name="Compute_CannotAfford_WhenRunesInsufficient" fullname="DEV20RuneAutoConsumeTests.Compute_CannotAfford_WhenRunesInsufficient" methodname="Compute_CannotAfford_WhenRunesInsufficient" classname="DEV20RuneAutoConsumeTests" runstate="Runnable" seed="919374527" result="Passed" start-time="2026-04-05 17:25:29Z" end-time="2026-04-05 17:25:29Z" duration="0.000158" asserts="0">
          <properties>
            <property name="platform" value="EditMode" />
          </properties>
        </test-case>
        <test-case id="1031" name="Compute_EmptyRunes_AffordableIfCurrentResourcesSuffice" fullname="DEV20RuneAutoConsumeTests.Compute_EmptyRunes_AffordableIfCurrentResourcesSuffice" methodname="Compute_EmptyRunes_AffordableIfCurrentResourcesSuffice" classname="DEV20RuneAutoConsumeTests" runstate="Runnable" seed="2111589804" result="Passed" start-time="2026-04-05 17:25:29Z" end-time="2026-04-05 17:25:29Z" duration="0.000194" asserts="0">
          <properties>
            <property name="platform" value="EditMode" />
          </properties>
        </test-case>
        <test-case id="1032" name="Compute_ExactlyEnoughRunes_CanAfford" fullname="DEV20RuneAutoConsumeTests.Compute_ExactlyEnoughRunes_CanAfford" methodname="Compute_ExactlyEnoughRunes_CanAfford" classname="DEV20RuneAutoConsumeTests" runstate="Runnable" seed="852913917" result="Passed" start-time="2026-04-05 17:25:29Z" end-time="2026-04-05 17:25:29Z" duration="0.000186" asserts="0">
          <properties>
            <property name="platform" value="EditMode" />
          </properties>
        </test-case>
        <test-case id="1029" name="Compute_NullCard_ReturnsFalse" fullname="DEV20RuneAutoConsumeTests.Compute_NullCard_ReturnsFalse" methodname="Compute_NullCard_ReturnsFalse" classname="DEV20RuneAutoConsumeTests" runstate="Runnable" seed="1946996737" result="Passed" start-time="2026-04-05 17:25:29Z" end-time="2026-04-05 17:25:29Z" duration="0.000093" asserts="0">
          <properties>
            <property name="platform" value="EditMode" />
          </properties>
        </test-case>
        <test-case id="1030" name="Compute_NullGameState_ReturnsFalse" fullname="DEV20RuneAutoConsumeTests.Compute_NullGameState_ReturnsFalse" methodname="Compute_NullGameState_ReturnsFalse" classname="DEV20RuneAutoConsumeTests" runstate="Runnable" seed="33220343" result="Passed" start-time="2026-04-05 17:25:29Z" end-time="2026-04-05 17:25:29Z" duration="0.000068" asserts="0">
          <properties>
            <property name="platform" value="EditMode" />
          </properties>
        </test-case>
        <test-case id="1023" name="Compute_RecyclesRunes_WhenSchDeficit" fullname="DEV20RuneAutoConsumeTests.Compute_RecyclesRunes_WhenSchDeficit" methodname="Compute_RecyclesRunes_WhenSchDeficit" classname="DEV20RuneAutoConsumeTests" runstate="Runnable" seed="1933552971" result="Passed" start-time="2026-04-05 17:25:29Z" end-time="2026-04-05 17:25:29Z" duration="0.000218" asserts="0">
          <properties>
            <property name="platform" value="EditMode" />
          </properties>
        </test-case>
        <test-case id="1026" name="Compute_SkipsTappedRunes" fullname="DEV20RuneAutoConsumeTests.Compute_SkipsTappedRunes" methodname="Compute_SkipsTappedRunes" classname="DEV20RuneAutoConsumeTests" runstate="Runnable" seed="1342377442" result="Passed" start-time="2026-04-05 17:25:29Z" end-time="2026-04-05 17:25:29Z" duration="0.000208" asserts="0">
          <properties>
            <property name="platform" value="EditMode" />
          </properties>
        </test-case>
        <test-case id="1022" name="Compute_TapsRunes_WhenManaDeficit" fullname="DEV20RuneAutoConsumeTests.Compute_TapsRunes_WhenManaDeficit" methodname="Compute_TapsRunes_WhenManaDeficit" classname="DEV20RuneAutoConsumeTests" runstate="Runnable" seed="323552500" result="Passed" start-time="2026-04-05 17:25:29Z" end-time="2026-04-05 17:25:29Z" duration="0.000203" asserts="0">
          <properties>
            <property name="platform" value="EditMode" />
          </properties>
        </test-case>
        <test-case id="1027" name="Compute_WrongRuneType_NotUsedForSch" fullname="DEV20RuneAutoConsumeTests.Compute_WrongRuneType_NotUsedForSch" methodname="Compute_WrongRuneType_NotUsedForSch" classname="DEV20RuneAutoConsumeTests" runstate="Runnable" seed="410219830" result="Passed" start-time="2026-04-05 17:25:29Z" end-time="2026-04-05 17:25:29Z" duration="0.000168" asserts="0">
          <properties>
            <property name="platform" value="EditMode" />
          </properties>
        </test-case>
        <test-case id="1028" name="Compute_ZeroCostCard_AlwaysAffordable" fullname="DEV20RuneAutoConsumeTests.Compute_ZeroCostCard_AlwaysAffordable" methodname="Compute_ZeroCostCard_AlwaysAffordable" classname="DEV20RuneAutoConsumeTests" runstate="Runnable" seed="999876336" result="Passed" start-time="2026-04-05 17:25:29Z" end-time="2026-04-05 17:25:29Z" duration="0.000099" asserts="0">
          <properties>
            <property name="platform" value="EditMode" />
          </properties>
        </test-case>
      </test-suite>
      <test-suite type="TestFixture" id="1034" name="DEV21ParticleTests" fullname="DEV21ParticleTests" classname="DEV21ParticleTests" runstate="Runnable" testcasecount="22" result="Passed" start-time="2026-04-05 17:25:29Z" end-time="2026-04-05 17:25:29Z" duration="0.006899" total="22" passed="22" failed="0" inconclusive="0" skipped="0" asserts="0">
        <properties>
          <property name="platform" value="EditMode" />
        </properties>
        <test-case id="1050" name="GameEventBus_OnUnitDiedAtPos_FiresCorrectArguments" fullname="DEV21ParticleTests.GameEventBus_OnUnitDiedAtPos_FiresCorrectArguments" methodname="GameEventBus_OnUnitDiedAtPos_FiresCorrectArguments" classname="DEV21ParticleTests" runstate="Runnable" seed="86492409" result="Passed" start-time="2026-04-05 17:25:29Z" end-time="2026-04-05 17:25:29Z" duration="0.001224" asserts="0">
          <properties>
            <property name="platform" value="EditMode" />
          </properties>
        </test-case>
        <test-case id="1051" name="GameEventBus_OnUnitDiedAtPos_NoSubscribers_DoesNotThrow" fullname="DEV21ParticleTests.GameEventBus_OnUnitDiedAtPos_NoSubscribers_DoesNotThrow" methodname="GameEventBus_OnUnitDiedAtPos_NoSubscribers_DoesNotThrow" classname="DEV21ParticleTests" runstate="Runnable" seed="773024297" result="Passed" start-time="2026-04-05 17:25:29Z" end-time="2026-04-05 17:25:29Z" duration="0.000161" asserts="0">
          <properties>
            <property name="platform" value="EditMode" />
          </properties>
        </test-case>
        <test-case id="1042" name="MouseTrail_DOT_MAX_SIZE_Is8" fullname="DEV21ParticleTests.MouseTrail_DOT_MAX_SIZE_Is8" methodname="MouseTrail_DOT_MAX_SIZE_Is8" classname="DEV21ParticleTests" runstate="Runnable" seed="1999775010" result="Passed" start-time="2026-04-05 17:25:29Z" end-time="2026-04-05 17:25:29Z" duration="0.000395" asserts="0">
          <properties>
            <property name="platform" value="EditMode" />
          </properties>
        </test-case>
        <test-case id="1043" name="MouseTrail_HEAD_ALPHA_IsPositive" fullname="DEV21ParticleTests.MouseTrail_HEAD_ALPHA_IsPositive" methodname="MouseTrail_HEAD_ALPHA_IsPositive" classname="DEV21ParticleTests" runstate="Runnable" seed="971581570" result="Passed" start-time="2026-04-05 17:25:29Z" end-time="2026-04-05 17:25:29Z" duration="0.001565" asserts="0">
          <properties>
            <property name="platform" value="EditMode" />
          </properties>
        </test-case>
        <test-case id="1041" name="MouseTrail_TRAIL_LENGTH_Is18" fullname="DEV21ParticleTests.MouseTrail_TRAIL_LENGTH_Is18" methodname="MouseTrail_TRAIL_LENGTH_Is18" classname="DEV21ParticleTests" runstate="Runnable" seed="1246116294" result="Passed" start-time="2026-04-05 17:25:29Z" end-time="2026-04-05 17:25:29Z" duration="0.000068" asserts="0">
          <properties>
            <property name="platform" value="EditMode" />
          </properties>
        </test-case>
        <test-case id="1035" name="ParticleManager_BG_COUNT_Is55" fullname="DEV21ParticleTests.ParticleManager_BG_COUNT_Is55" methodname="ParticleManager_BG_COUNT_Is55" classname="DEV21ParticleTests" runstate="Runnable" seed="917460507" result="Passed" start-time="2026-04-05 17:25:29Z" end-time="2026-04-05 17:25:29Z" duration="0.000058" asserts="0">
          <properties>
            <property name="platform" value="EditMode" />
          </properties>
        </test-case>
        <test-case id="1037" name="ParticleManager_FIREFLY_COUNT_Is12" fullname="DEV21ParticleTests.ParticleManager_FIREFLY_COUNT_Is12" methodname="ParticleManager_FIREFLY_COUNT_Is12" classname="DEV21ParticleTests" runstate="Runnable" seed="105962128" result="Passed" start-time="2026-04-05 17:25:29Z" end-time="2026-04-05 17:25:29Z" duration="0.000038" asserts="0">
          <properties>
            <property name="platform" value="EditMode" />
          </properties>
        </test-case>
        <test-case id="1039" name="ParticleManager_LINE_POOL_Is80" fullname="DEV21ParticleTests.ParticleManager_LINE_POOL_Is80" methodname="ParticleManager_LINE_POOL_Is80" classname="DEV21ParticleTests" runstate="Runnable" seed="160460901" result="Passed" start-time="2026-04-05 17:25:29Z" end-time="2026-04-05 17:25:29Z" duration="0.000037" asserts="0">
          <properties>
            <property name="platform" value="EditMode" />
          </properties>
        </test-case>
        <test-case id="1040" name="ParticleManager_LINE_RADIUS_Is90" fullname="DEV21ParticleTests.ParticleManager_LINE_RADIUS_Is90" methodname="ParticleManager_LINE_RADIUS_Is90" classname="DEV21ParticleTests" runstate="Runnable" seed="1782569997" result="Passed" start-time="2026-04-05 17:25:29Z" end-time="2026-04-05 17:25:29Z" duration="0.000034" asserts="0">
          <properties>
            <property name="platform" value="EditMode" />
          </properties>
        </test-case>
        <test-case id="1054" name="ParticleManager_LineRadius_ExcludesParticlesAtExactDistance" fullname="DEV21ParticleTests.ParticleManager_LineRadius_ExcludesParticlesAtExactDistance" methodname="ParticleManager_LineRadius_ExcludesParticlesAtExactDistance" classname="DEV21ParticleTests" runstate="Runnable" seed="2008513152" result="Passed" start-time="2026-04-05 17:25:29Z" end-time="2026-04-05 17:25:29Z" duration="0.000047" asserts="0">
          <properties>
            <property name="platform" value="EditMode" />
          </properties>
        </test-case>
        <test-case id="1055" name="ParticleManager_LineRadius_IncludesParticlesJustInside" fullname="DEV21ParticleTests.ParticleManager_LineRadius_IncludesParticlesJustInside" methodname="ParticleManager_LineRadius_IncludesParticlesJustInside" classname="DEV21ParticleTests" runstate="Runnable" seed="1765020489" result="Passed" start-time="2026-04-05 17:25:29Z" end-time="2026-04-05 17:25:29Z" duration="0.000037" asserts="0">
          <properties>
            <property name="platform" value="EditMode" />
          </properties>
        </test-case>
        <test-case id="1038" name="ParticleManager_MIST_COUNT_Is4" fullname="DEV21ParticleTests.ParticleManager_MIST_COUNT_Is4" methodname="ParticleManager_MIST_COUNT_Is4" classname="DEV21ParticleTests" runstate="Runnable" seed="541946118" result="Passed" start-time="2026-04-05 17:25:29Z" end-time="2026-04-05 17:25:29Z" duration="0.000033" asserts="0">
          <properties>
            <property name="platform" value="EditMode" />
          </properties>
        </test-case>
        <test-case id="1036" name="ParticleManager_RUNE_COUNT_Is8" fullname="DEV21ParticleTests.ParticleManager_RUNE_COUNT_Is8" methodname="ParticleManager_RUNE_COUNT_Is8" classname="DEV21ParticleTests" runstate="Runnable" seed="955677187" result="Passed" start-time="2026-04-05 17:25:29Z" end-time="2026-04-05 17:25:29Z" duration="0.000031" asserts="0">
          <properties>
            <property name="platform" value="EditMode" />
          </properties>
        </test-case>
        <test-case id="1052" name="SpellVFX_Awake_SubscribesToOnCardPlayed" fullname="DEV21ParticleTests.SpellVFX_Awake_SubscribesToOnCardPlayed" methodname="SpellVFX_Awake_SubscribesToOnCardPlayed" classname="DEV21ParticleTests" runstate="Runnable" seed="177502202" result="Passed" start-time="2026-04-05 17:25:29Z" end-time="2026-04-05 17:25:29Z" duration="0.000299" asserts="0">
          <properties>
            <property name="platform" value="EditMode" />
          </properties>
        </test-case>
        <test-case id="1053" name="SpellVFX_Destroy_UnsubscribesFromOnCardPlayed" fullname="DEV21ParticleTests.SpellVFX_Destroy_UnsubscribesFromOnCardPlayed" methodname="SpellVFX_Destroy_UnsubscribesFromOnCardPlayed" classname="DEV21ParticleTests" runstate="Runnable" seed="33585263" result="Passed" start-time="2026-04-05 17:25:29Z" end-time="2026-04-05 17:25:29Z" duration="0.000158" asserts="0">
          <properties>
            <property name="platform" value="EditMode" />
          </properties>
        </test-case>
        <test-case id="1056" name="SpellVFX_GetCardBurstColor_AllRuneTypesReturnOpaqueColor" fullname="DEV21ParticleTests.SpellVFX_GetCardBurstColor_AllRuneTypesReturnOpaqueColor" methodname="SpellVFX_GetCardBurstColor_AllRuneTypesReturnOpaqueColor" classname="DEV21ParticleTests" runstate="Runnable" seed="1801975137" result="Passed" start-time="2026-04-05 17:25:29Z" end-time="2026-04-05 17:25:29Z" duration="0.000389" asserts="0">
          <properties>
            <property name="platform" value="EditMode" />
          </properties>
        </test-case>
        <test-case id="1044" name="SpellVFX_GetCardBurstColor_Blazing_IsOrangeRed" fullname="DEV21ParticleTests.SpellVFX_GetCardBurstColor_Blazing_IsOrangeRed" methodname="SpellVFX_GetCardBurstColor_Blazing_IsOrangeRed" classname="DEV21ParticleTests" runstate="Runnable" seed="391301531" result="Passed" start-time="2026-04-05 17:25:29Z" end-time="2026-04-05 17:25:29Z" duration="0.000221" asserts="0">
          <properties>
            <property name="platform" value="EditMode" />
          </properties>
        </test-case>
        <test-case id="1047" name="SpellVFX_GetCardBurstColor_Chaos_IsPurple" fullname="DEV21ParticleTests.SpellVFX_GetCardBurstColor_Chaos_IsPurple" methodname="SpellVFX_GetCardBurstColor_Chaos_IsPurple" classname="DEV21ParticleTests" runstate="Runnable" seed="1280131499" result="Passed" start-time="2026-04-05 17:25:29Z" end-time="2026-04-05 17:25:29Z" duration="0.000110" asserts="0">
          <properties>
            <property name="platform" value="EditMode" />
          </properties>
        </test-case>
        <test-case id="1049" name="SpellVFX_GetCardBurstColor_EachRuneTypeIsDistinct" fullname="DEV21ParticleTests.SpellVFX_GetCardBurstColor_EachRuneTypeIsDistinct" methodname="SpellVFX_GetCardBurstColor_EachRuneTypeIsDistinct" classname="DEV21ParticleTests" runstate="Runnable" seed="126889434" result="Passed" start-time="2026-04-05 17:25:29Z" end-time="2026-04-05 17:25:29Z" duration="0.000296" asserts="0">
          <properties>
            <property name="platform" value="EditMode" />
          </properties>
        </test-case>
        <test-case id="1048" name="SpellVFX_GetCardBurstColor_NullCard_ReturnsNonBlack" fullname="DEV21ParticleTests.SpellVFX_GetCardBurstColor_NullCard_ReturnsNonBlack" methodname="SpellVFX_GetCardBurstColor_NullCard_ReturnsNonBlack" classname="DEV21ParticleTests" runstate="Runnable" seed="1825577601" result="Passed" start-time="2026-04-05 17:25:29Z" end-time="2026-04-05 17:25:29Z" duration="0.000081" asserts="0">
          <properties>
            <property name="platform" value="EditMode" />
          </properties>
        </test-case>
        <test-case id="1045" name="SpellVFX_GetCardBurstColor_Order_IsBlue" fullname="DEV21ParticleTests.SpellVFX_GetCardBurstColor_Order_IsBlue" methodname="SpellVFX_GetCardBurstColor_Order_IsBlue" classname="DEV21ParticleTests" runstate="Runnable" seed="83847890" result="Passed" start-time="2026-04-05 17:25:29Z" end-time="2026-04-05 17:25:29Z" duration="0.000093" asserts="0">
          <properties>
            <property name="platform" value="EditMode" />
          </properties>
        </test-case>
        <test-case id="1046" name="SpellVFX_GetCardBurstColor_Verdant_IsGreen" fullname="DEV21ParticleTests.SpellVFX_GetCardBurstColor_Verdant_IsGreen" methodname="SpellVFX_GetCardBurstColor_Verdant_IsGreen" classname="DEV21ParticleTests" runstate="Runnable" seed="2013896761" result="Passed" start-time="2026-04-05 17:25:29Z" end-time="2026-04-05 17:25:29Z" duration="0.000071" asserts="0">
          <properties>
            <property name="platform" value="EditMode" />
          </properties>
        </test-case>
      </test-suite>
      <test-suite type="TestFixture" id="1057" name="DEV25VisualTests" fullname="DEV25VisualTests" classname="DEV25VisualTests" runstate="Runnable" testcasecount="15" result="Passed" start-time="2026-04-05 17:25:29Z" end-time="2026-04-05 17:25:29Z" duration="0.010264" total="15" passed="15" failed="0" inconclusive="0" skipped="0" asserts="0">
        <properties>
          <property name="platform" value="EditMode" />
        </properties>
        <test-case id="1072" name="BadgePositions_AboveCardTopEdge" fullname="DEV25VisualTests.BadgePositions_AboveCardTopEdge" methodname="BadgePositions_AboveCardTopEdge" classname="DEV25VisualTests" runstate="Runnable" seed="687462907" result="Passed" start-time="2026-04-05 17:25:29Z" end-time="2026-04-05 17:25:29Z" duration="0.000069" asserts="0">
          <properties>
            <property name="platform" value="EditMode" />
          </properties>
        </test-case>
        <test-case id="1071" name="BadgePositions_AreSymmetricAroundCenter" fullname="DEV25VisualTests.BadgePositions_AreSymmetricAroundCenter" methodname="BadgePositions_AreSymmetricAroundCenter" classname="DEV25VisualTests" runstate="Runnable" seed="1185267707" result="Passed" start-time="2026-04-05 17:25:29Z" end-time="2026-04-05 17:25:29Z" duration="0.000182" asserts="0">
          <properties>
            <property name="platform" value="EditMode" />
          </properties>
        </test-case>
        <test-case id="1065" name="BuildBuffSummary_NoEquipmentSection_WhenEquipped" fullname="DEV25VisualTests.BuildBuffSummary_NoEquipmentSection_WhenEquipped" methodname="BuildBuffSummary_NoEquipmentSection_WhenEquipped" classname="DEV25VisualTests" runstate="Runnable" seed="1021638738" result="Passed" start-time="2026-04-05 17:25:29Z" end-time="2026-04-05 17:25:29Z" duration="0.000401" asserts="0">
          <properties>
            <property name="platform" value="EditMode" />
          </properties>
        </test-case>
        <test-case id="1066" name="BuildEquipSummary_NullEquipment_ReturnsNone" fullname="DEV25VisualTests.BuildEquipSummary_NullEquipment_ReturnsNone" methodname="BuildEquipSummary_NullEquipment_ReturnsNone" classname="DEV25VisualTests" runstate="Runnable" seed="1325715744" result="Passed" start-time="2026-04-05 17:25:29Z" end-time="2026-04-05 17:25:29Z" duration="0.000229" asserts="0">
          <properties>
            <property name="platform" value="EditMode" />
          </properties>
        </test-case>
        <test-case id="1067" name="BuildEquipSummary_WithEquipment_ContainsEquipName" fullname="DEV25VisualTests.BuildEquipSummary_WithEquipment_ContainsEquipName" methodname="BuildEquipSummary_WithEquipment_ContainsEquipName" classname="DEV25VisualTests" runstate="Runnable" seed="1908796115" result="Passed" start-time="2026-04-05 17:25:29Z" end-time="2026-04-05 17:25:29Z" duration="0.000162" asserts="0">
          <properties>
            <property name="platform" value="EditMode" />
          </properties>
        </test-case>
        <test-case id="1068" name="GlassPanelFX_DefaultBorderWidth_InValidRange" fullname="DEV25VisualTests.GlassPanelFX_DefaultBorderWidth_InValidRange" methodname="GlassPanelFX_DefaultBorderWidth_InValidRange" classname="DEV25VisualTests" runstate="Runnable" seed="1208456199" result="Passed" start-time="2026-04-05 17:25:29Z" end-time="2026-04-05 17:25:29Z" duration="0.000137" asserts="0">
          <properties>
            <property name="platform" value="EditMode" />
          </properties>
        </test-case>
        <test-case id="1069" name="GlassPanelFX_DefaultNoiseScale_InValidRange" fullname="DEV25VisualTests.GlassPanelFX_DefaultNoiseScale_InValidRange" methodname="GlassPanelFX_DefaultNoiseScale_InValidRange" classname="DEV25VisualTests" runstate="Runnable" seed="801772718" result="Passed" start-time="2026-04-05 17:25:29Z" end-time="2026-04-05 17:25:29Z" duration="0.000050" asserts="0">
          <properties>
            <property name="platform" value="EditMode" />
          </properties>
        </test-case>
        <test-case id="1070" name="GlassPanelFX_DefaultNoiseStr_InValidRange" fullname="DEV25VisualTests.GlassPanelFX_DefaultNoiseStr_InValidRange" methodname="GlassPanelFX_DefaultNoiseStr_InValidRange" classname="DEV25VisualTests" runstate="Runnable" seed="370951203" result="Passed" start-time="2026-04-05 17:25:29Z" end-time="2026-04-05 17:25:29Z" duration="0.000036" asserts="0">
          <properties>
            <property name="platform" value="EditMode" />
          </properties>
        </test-case>
        <test-case id="1061" name="GlassPanelFX_Destroy_DoesNotThrow" fullname="DEV25VisualTests.GlassPanelFX_Destroy_DoesNotThrow" methodname="GlassPanelFX_Destroy_DoesNotThrow" classname="DEV25VisualTests" runstate="Runnable" seed="771702140" result="Passed" start-time="2026-04-05 17:25:29Z" end-time="2026-04-05 17:25:29Z" duration="0.006599" asserts="0">
          <properties>
            <property name="platform" value="EditMode" />
          </properties>
        </test-case>
        <test-case id="1058" name="GlassPanelFX_RequiresImage_ComponentExists" fullname="DEV25VisualTests.GlassPanelFX_RequiresImage_ComponentExists" methodname="GlassPanelFX_RequiresImage_ComponentExists" classname="DEV25VisualTests" runstate="Runnable" seed="1390844803" result="Passed" start-time="2026-04-05 17:25:29Z" end-time="2026-04-05 17:25:29Z" duration="0.000290" asserts="0">
          <properties>
            <property name="platform" value="EditMode" />
          </properties>
        </test-case>
        <test-case id="1059" name="GlassPanelFX_SetBorderColor_DoesNotThrow" fullname="DEV25VisualTests.GlassPanelFX_SetBorderColor_DoesNotThrow" methodname="GlassPanelFX_SetBorderColor_DoesNotThrow" classname="DEV25VisualTests" runstate="Runnable" seed="1757449803" result="Passed" start-time="2026-04-05 17:25:29Z" end-time="2026-04-05 17:25:29Z" duration="0.000308" asserts="0">
          <properties>
            <property name="platform" value="EditMode" />
          </properties>
        </test-case>
        <test-case id="1060" name="GlassPanelFX_SetTintAlpha_DoesNotThrow" fullname="DEV25VisualTests.GlassPanelFX_SetTintAlpha_DoesNotThrow" methodname="GlassPanelFX_SetTintAlpha_DoesNotThrow" classname="DEV25VisualTests" runstate="Runnable" seed="148765148" result="Passed" start-time="2026-04-05 17:25:29Z" end-time="2026-04-05 17:25:29Z" duration="0.000258" asserts="0">
          <properties>
            <property name="platform" value="EditMode" />
          </properties>
        </test-case>
        <test-case id="1064" name="HasBuff_EquipmentAloneDoesNotTriggerBuff" fullname="DEV25VisualTests.HasBuff_EquipmentAloneDoesNotTriggerBuff" methodname="HasBuff_EquipmentAloneDoesNotTriggerBuff" classname="DEV25VisualTests" runstate="Runnable" seed="863740720" result="Passed" start-time="2026-04-05 17:25:29Z" end-time="2026-04-05 17:25:29Z" duration="0.000176" asserts="0">
          <properties>
            <property name="platform" value="EditMode" />
          </properties>
        </test-case>
        <test-case id="1063" name="HasBuff_WithBuffTokens_ReturnsTrue" fullname="DEV25VisualTests.HasBuff_WithBuffTokens_ReturnsTrue" methodname="HasBuff_WithBuffTokens_ReturnsTrue" classname="DEV25VisualTests" runstate="Runnable" seed="1419397710" result="Passed" start-time="2026-04-05 17:25:29Z" end-time="2026-04-05 17:25:29Z" duration="0.000096" asserts="0">
          <properties>
            <property name="platform" value="EditMode" />
          </properties>
        </test-case>
        <test-case id="1062" name="HasBuff_WithNoBuffs_ReturnsFalse" fullname="DEV25VisualTests.HasBuff_WithNoBuffs_ReturnsFalse" methodname="HasBuff_WithNoBuffs_ReturnsFalse" classname="DEV25VisualTests" runstate="Runnable" seed="1121020420" result="Passed" start-time="2026-04-05 17:25:29Z" end-time="2026-04-05 17:25:29Z" duration="0.000059" asserts="0">
          <properties>
            <property name="platform" value="EditMode" />
          </properties>
        </test-case>
      </test-suite>
      <test-suite type="TestSuite" id="1785" name="FWTCG" fullname="FWTCG" runstate="Runnable" testcasecount="671" result="Failed" site="Child" start-time="2026-04-05 17:25:29Z" end-time="2026-04-05 17:25:29Z" duration="0.370589" total="671" passed="668" failed="3" inconclusive="0" skipped="0" asserts="0">
        <properties>
          <property name="platform" value="EditMode" />
        </properties>
        <failure>
          <message><![CDATA[One or more child tests had errors]]></message>
        </failure>
        <test-suite type="TestSuite" id="1786" name="Tests" fullname="FWTCG.Tests" runstate="Runnable" testcasecount="671" result="Failed" site="Child" start-time="2026-04-05 17:25:29Z" end-time="2026-04-05 17:25:29Z" duration="0.369123" total="671" passed="668" failed="3" inconclusive="0" skipped="0" asserts="0">
          <properties>
            <property name="platform" value="EditMode" />
          </properties>
          <failure>
            <message><![CDATA[One or more child tests had errors]]></message>
          </failure>
          <test-suite type="TestFixture" id="1073" name="BugFixBaseCardVisibilityTests" fullname="FWTCG.Tests.BugFixBaseCardVisibilityTests" classname="FWTCG.Tests.BugFixBaseCardVisibilityTests" runstate="Runnable" testcasecount="6" result="Passed" start-time="2026-04-05 17:25:29Z" end-time="2026-04-05 17:25:29Z" duration="0.004849" total="6" passed="6" failed="0" inconclusive="0" skipped="0" asserts="0">
            <properties>
              <property name="platform" value="EditMode" />
            </properties>
            <test-case id="1074" name="CardView_CancelEnterAnim_MethodExists" fullname="FWTCG.Tests.BugFixBaseCardVisibilityTests.CardView_CancelEnterAnim_MethodExists" methodname="CardView_CancelEnterAnim_MethodExists" classname="FWTCG.Tests.BugFixBaseCardVisibilityTests" runstate="Runnable" seed="522822882" result="Passed" start-time="2026-04-05 17:25:29Z" end-time="2026-04-05 17:25:29Z" duration="0.000098" asserts="0">
              <properties>
                <property name="platform" value="EditMode" />
              </properties>
            </test-case>
            <test-case id="1075" name="CardView_CancelEnterAnim_RestoresScale" fullname="FWTCG.Tests.BugFixBaseCardVisibilityTests.CardView_CancelEnterAnim_RestoresScale" methodname="CardView_CancelEnterAnim_RestoresScale" classname="FWTCG.Tests.BugFixBaseCardVisibilityTests" runstate="Runnable" seed="775651449" result="Passed" start-time="2026-04-05 17:25:29Z" end-time="2026-04-05 17:25:29Z" duration="0.000690" asserts="0">
              <properties>
                <property name="platform" value="EditMode" />
              </properties>
            </test-case>
            <test-case id="1076" name="CardView_HasEnterAnimCoroutineField" fullname="FWTCG.Tests.BugFixBaseCardVisibilityTests.CardView_HasEnterAnimCoroutineField" methodname="CardView_HasEnterAnimCoroutineField" classname="FWTCG.Tests.BugFixBaseCardVisibilityTests" runstate="Runnable" seed="1883941082" result="Passed" start-time="2026-04-05 17:25:29Z" end-time="2026-04-05 17:25:29Z" duration="0.000106" asserts="0">
              <properties>
                <property name="platform" value="EditMode" />
              </properties>
            </test-case>
            <test-case id="1079" name="GameManager_HasHeroHoverHandlers" fullname="FWTCG.Tests.BugFixBaseCardVisibilityTests.GameManager_HasHeroHoverHandlers" methodname="GameManager_HasHeroHoverHandlers" classname="FWTCG.Tests.BugFixBaseCardVisibilityTests" runstate="Runnable" seed="513460909" result="Passed" start-time="2026-04-05 17:25:29Z" end-time="2026-04-05 17:25:29Z" duration="0.000083" asserts="0">
              <properties>
                <property name="platform" value="EditMode" />
              </properties>
            </test-case>
            <test-case id="1078" name="GameManager_HasPlayHeroWithRuneConfirmAsync" fullname="FWTCG.Tests.BugFixBaseCardVisibilityTests.GameManager_HasPlayHeroWithRuneConfirmAsync" methodname="GameManager_HasPlayHeroWithRuneConfirmAsync" classname="FWTCG.Tests.BugFixBaseCardVisibilityTests" runstate="Runnable" seed="1850022618" result="Passed" start-time="2026-04-05 17:25:29Z" end-time="2026-04-05 17:25:29Z" duration="0.000051" asserts="0">
              <properties>
                <property name="platform" value="EditMode" />
              </properties>
            </test-case>
            <test-case id="1077" name="GameUI_HasHeroHoverFields" fullname="FWTCG.Tests.BugFixBaseCardVisibilityTests.GameUI_HasHeroHoverFields" methodname="GameUI_HasHeroHoverFields" classname="FWTCG.Tests.BugFixBaseCardVisibilityTests" runstate="Runnable" seed="904888341" result="Passed" start-time="2026-04-05 17:25:29Z" end-time="2026-04-05 17:25:29Z" duration="0.000065" asserts="0">
              <properties>
                <property name="platform" value="EditMode" />
              </properties>
            </test-case>
          </test-suite>
          <test-suite type="TestFixture" id="1080" name="DEV10DataTests" fullname="FWTCG.Tests.DEV10DataTests" classname="FWTCG.Tests.DEV10DataTests" runstate="Runnable" testcasecount="17" result="Passed" start-time="2026-04-05 17:25:29Z" end-time="2026-04-05 17:25:29Z" duration="0.007289" total="17" passed="17" failed="0" inconclusive="0" skipped="0" asserts="0">
            <properties>
              <property name="platform" value="EditMode" />
            </properties>
            <test-case id="1095" name="CardData_Hero_CoexistsWithKeywords" fullname="FWTCG.Tests.DEV10DataTests.CardData_Hero_CoexistsWithKeywords" methodname="CardData_Hero_CoexistsWithKeywords" classname="FWTCG.Tests.DEV10DataTests" runstate="Runnable" seed="1004226273" result="Passed" start-time="2026-04-05 17:25:29Z" end-time="2026-04-05 17:25:29Z" duration="0.000168" asserts="0">
              <properties>
                <property name="platform" value="EditMode" />
              </properties>
            </test-case>
            <test-case id="1094" name="CardData_HeroAndSpell_BothFalse" fullname="FWTCG.Tests.DEV10DataTests.CardData_HeroAndSpell_BothFalse" methodname="CardData_HeroAndSpell_BothFalse" classname="FWTCG.Tests.DEV10DataTests" runstate="Runnable" seed="421964332" result="Passed" start-time="2026-04-05 17:25:29Z" end-time="2026-04-05 17:25:29Z" duration="0.000111" asserts="0">
              <properties>
                <property name="platform" value="EditMode" />
              </properties>
            </test-case>
            <test-case id="1081" name="CardData_IsHero_DefaultFalse" fullname="FWTCG.Tests.DEV10DataTests.CardData_IsHero_DefaultFalse" methodname="CardData_IsHero_DefaultFalse" classname="FWTCG.Tests.DEV10DataTests" runstate="Runnable" seed="2081280747" result="Passed" start-time="2026-04-05 17:25:29Z" end-time="2026-04-05 17:25:29Z" duration="0.000081" asserts="0">
              <properties>
                <property name="platform" value="EditMode" />
              </properties>
            </test-case>
            <test-case id="1082" name="CardData_IsHero_SetTrue" fullname="FWTCG.Tests.DEV10DataTests.CardData_IsHero_SetTrue" methodname="CardData_IsHero_SetTrue" classname="FWTCG.Tests.DEV10DataTests" runstate="Runnable" seed="1775845000" result="Passed" start-time="2026-04-05 17:25:29Z" end-time="2026-04-05 17:25:29Z" duration="0.000073" asserts="0">
              <properties>
                <property name="platform" value="EditMode" />
              </properties>
            </test-case>
            <test-case id="1091" name="DiscardPile_SupportsReverseOrder" fullname="FWTCG.Tests.DEV10DataTests.DiscardPile_SupportsReverseOrder" methodname="DiscardPile_SupportsReverseOrder" classname="FWTCG.Tests.DEV10DataTests" runstate="Runnable" seed="706276791" result="Passed" start-time="2026-04-05 17:25:29Z" end-time="2026-04-05 17:25:29Z" duration="0.000313" asserts="0">
              <properties>
                <property name="platform" value="EditMode" />
              </properties>
            </test-case>
            <test-case id="1097" name="ExileList_AddAndRemove" fullname="FWTCG.Tests.DEV10DataTests.ExileList_AddAndRemove" methodname="ExileList_AddAndRemove" classname="FWTCG.Tests.DEV10DataTests" runstate="Runnable" seed="716282076" result="Passed" start-time="2026-04-05 17:25:29Z" end-time="2026-04-05 17:25:29Z" duration="0.000218" asserts="0">
              <properties>
                <property name="platform" value="EditMode" />
              </properties>
            </test-case>
            <test-case id="1083" name="GameState_HeroFields_InitNull" fullname="FWTCG.Tests.DEV10DataTests.GameState_HeroFields_InitNull" methodname="GameState_HeroFields_InitNull" classname="FWTCG.Tests.DEV10DataTests" runstate="Runnable" seed="1854336722" result="Passed" start-time="2026-04-05 17:25:29Z" end-time="2026-04-05 17:25:29Z" duration="0.000078" asserts="0">
              <properties>
                <property name="platform" value="EditMode" />
              </properties>
            </test-case>
            <test-case id="1085" name="GameState_SetHero_Enemy" fullname="FWTCG.Tests.DEV10DataTests.GameState_SetHero_Enemy" methodname="GameState_SetHero_Enemy" classname="FWTCG.Tests.DEV10DataTests" runstate="Runnable" seed="542244211" result="Passed" start-time="2026-04-05 17:25:29Z" end-time="2026-04-05 17:25:29Z" duration="0.000184" asserts="0">
              <properties>
                <property name="platform" value="EditMode" />
              </properties>
            </test-case>
            <test-case id="1084" name="GameState_SetHero_Player" fullname="FWTCG.Tests.DEV10DataTests.GameState_SetHero_Player" methodname="GameState_SetHero_Player" classname="FWTCG.Tests.DEV10DataTests" runstate="Runnable" seed="60831353" result="Passed" start-time="2026-04-05 17:25:29Z" end-time="2026-04-05 17:25:29Z" duration="0.000137" asserts="0">
              <properties>
                <property name="platform" value="EditMode" />
              </properties>
            </test-case>
            <test-case id="1093" name="Hero_SetToNull_AfterPlayed" fullname="FWTCG.Tests.DEV10DataTests.Hero_SetToNull_AfterPlayed" methodname="Hero_SetToNull_AfterPlayed" classname="FWTCG.Tests.DEV10DataTests" runstate="Runnable" seed="70998871" result="Passed" start-time="2026-04-05 17:25:29Z" end-time="2026-04-05 17:25:29Z" duration="0.000245" asserts="0">
              <properties>
                <property name="platform" value="EditMode" />
              </properties>
            </test-case>
            <test-case id="1096" name="HeroExtraction_EmptyDeck_NoError" fullname="FWTCG.Tests.DEV10DataTests.HeroExtraction_EmptyDeck_NoError" methodname="HeroExtraction_EmptyDeck_NoError" classname="FWTCG.Tests.DEV10DataTests" runstate="Runnable" seed="170754489" result="Passed" start-time="2026-04-05 17:25:29Z" end-time="2026-04-05 17:25:29Z" duration="0.000133" asserts="0">
              <properties>
                <property name="platform" value="EditMode" />
              </properties>
            </test-case>
            <test-case id="1092" name="HeroExtraction_MultipleHeroes_OnlyFirstExtracted" fullname="FWTCG.Tests.DEV10DataTests.HeroExtraction_MultipleHeroes_OnlyFirstExtracted" methodname="HeroExtraction_MultipleHeroes_OnlyFirstExtracted" classname="FWTCG.Tests.DEV10DataTests" runstate="Runnable" seed="1238766218" result="Passed" start-time="2026-04-05 17:25:29Z" end-time="2026-04-05 17:25:29Z" duration="0.000283" asserts="0">
              <properties>
                <property name="platform" value="EditMode" />
              </properties>
            </test-case>
            <test-case id="1087" name="HeroExtraction_NoHeroInDeck_HeroStaysNull" fullname="FWTCG.Tests.DEV10DataTests.HeroExtraction_NoHeroInDeck_HeroStaysNull" methodname="HeroExtraction_NoHeroInDeck_HeroStaysNull" classname="FWTCG.Tests.DEV10DataTests" runstate="Runnable" seed="1751854073" result="Passed" start-time="2026-04-05 17:25:29Z" end-time="2026-04-05 17:25:29Z" duration="0.000224" asserts="0">
              <properties>
                <property name="platform" value="EditMode" />
              </properties>
            </test-case>
            <test-case id="1086" name="HeroExtraction_RemovesHeroFromDeck" fullname="FWTCG.Tests.DEV10DataTests.HeroExtraction_RemovesHeroFromDeck" methodname="HeroExtraction_RemovesHeroFromDeck" classname="FWTCG.Tests.DEV10DataTests" runstate="Runnable" seed="1061137962" result="Passed" start-time="2026-04-05 17:25:29Z" end-time="2026-04-05 17:25:29Z" duration="0.000447" asserts="0">
              <properties>
                <property name="platform" value="EditMode" />
              </properties>
            </test-case>
            <test-case id="1089" name="LegendInstance_DisplayData_CanBeSet" fullname="FWTCG.Tests.DEV10DataTests.LegendInstance_DisplayData_CanBeSet" methodname="LegendInstance_DisplayData_CanBeSet" classname="FWTCG.Tests.DEV10DataTests" runstate="Runnable" seed="924013840" result="Passed" start-time="2026-04-05 17:25:29Z" end-time="2026-04-05 17:25:29Z" duration="0.000160" asserts="0">
              <properties>
                <property name="platform" value="EditMode" />
              </properties>
            </test-case>
            <test-case id="1088" name="LegendInstance_DisplayData_DefaultNull" fullname="FWTCG.Tests.DEV10DataTests.LegendInstance_DisplayData_DefaultNull" methodname="LegendInstance_DisplayData_DefaultNull" classname="FWTCG.Tests.DEV10DataTests" runstate="Runnable" seed="1107272946" result="Passed" start-time="2026-04-05 17:25:29Z" end-time="2026-04-05 17:25:29Z" duration="0.000086" asserts="0">
              <properties>
                <property name="platform" value="EditMode" />
              </properties>
            </test-case>
            <test-case id="1090" name="TurnTimer_Constants" fullname="FWTCG.Tests.DEV10DataTests.TurnTimer_Constants" methodname="TurnTimer_Constants" classname="FWTCG.Tests.DEV10DataTests" runstate="Runnable" seed="2049260075" result="Passed" start-time="2026-04-05 17:25:29Z" end-time="2026-04-05 17:25:29Z" duration="0.000051" asserts="0">
              <properties>
                <property name="platform" value="EditMode" />
              </properties>
            </test-case>
          </test-suite>
          <test-suite type="TestFixture" id="1098" name="DEV11SpellEntryTests" fullname="FWTCG.Tests.DEV11SpellEntryTests" classname="FWTCG.Tests.DEV11SpellEntryTests" runstate="Runnable" testcasecount="14" result="Passed" start-time="2026-04-05 17:25:29Z" end-time="2026-04-05 17:25:29Z" duration="0.003603" total="14" passed="14" failed="0" inconclusive="0" skipped="0" asserts="0">
            <properties>
              <property name="platform" value="EditMode" />
            </properties>
            <test-case id="1109" name="ExtraTurn_PreventsTurnSwitch" fullname="FWTCG.Tests.DEV11SpellEntryTests.ExtraTurn_PreventsTurnSwitch" methodname="ExtraTurn_PreventsTurnSwitch" classname="FWTCG.Tests.DEV11SpellEntryTests" runstate="Runnable" seed="1359022347" result="Passed" start-time="2026-04-05 17:25:29Z" end-time="2026-04-05 17:25:29Z" duration="0.000668" asserts="0">
              <properties>
                <property name="platform" value="EditMode" />
              </properties>
            </test-case>
            <test-case id="1112" name="FurnaceBlast_DamagesUpTo3Units" fullname="FWTCG.Tests.DEV11SpellEntryTests.FurnaceBlast_DamagesUpTo3Units" methodname="FurnaceBlast_DamagesUpTo3Units" classname="FWTCG.Tests.DEV11SpellEntryTests" runstate="Runnable" seed="1099357365" result="Passed" start-time="2026-04-05 17:25:29Z" end-time="2026-04-05 17:25:29Z" duration="0.000333" asserts="0">
              <properties>
                <property name="platform" value="EditMode" />
              </properties>
            </test-case>
            <test-case id="1100" name="GameState_ExtraTurnPending_CanBeSet" fullname="FWTCG.Tests.DEV11SpellEntryTests.GameState_ExtraTurnPending_CanBeSet" methodname="GameState_ExtraTurnPending_CanBeSet" classname="FWTCG.Tests.DEV11SpellEntryTests" runstate="Runnable" seed="1489030005" result="Passed" start-time="2026-04-05 17:25:29Z" end-time="2026-04-05 17:25:29Z" duration="0.000089" asserts="0">
              <properties>
                <property name="platform" value="EditMode" />
              </properties>
            </test-case>
            <test-case id="1099" name="GameState_ExtraTurnPending_DefaultFalse" fullname="FWTCG.Tests.DEV11SpellEntryTests.GameState_ExtraTurnPending_DefaultFalse" methodname="GameState_ExtraTurnPending_DefaultFalse" classname="FWTCG.Tests.DEV11SpellEntryTests" runstate="Runnable" seed="1837862225" result="Passed" start-time="2026-04-05 17:25:29Z" end-time="2026-04-05 17:25:29Z" duration="0.000058" asserts="0">
              <properties>
                <property name="platform" value="EditMode" />
              </properties>
            </test-case>
            <test-case id="1102" name="GameState_InspireNextUnit_CanBeSet" fullname="FWTCG.Tests.DEV11SpellEntryTests.GameState_InspireNextUnit_CanBeSet" methodname="GameState_InspireNextUnit_CanBeSet" classname="FWTCG.Tests.DEV11SpellEntryTests" runstate="Runnable" seed="1501596664" result="Passed" start-time="2026-04-05 17:25:29Z" end-time="2026-04-05 17:25:29Z" duration="0.000058" asserts="0">
              <properties>
                <property name="platform" value="EditMode" />
              </properties>
            </test-case>
            <test-case id="1101" name="GameState_InspireNextUnit_DefaultFalse" fullname="FWTCG.Tests.DEV11SpellEntryTests.GameState_InspireNextUnit_DefaultFalse" methodname="GameState_InspireNextUnit_DefaultFalse" classname="FWTCG.Tests.DEV11SpellEntryTests" runstate="Runnable" seed="1495979773" result="Passed" start-time="2026-04-05 17:25:29Z" end-time="2026-04-05 17:25:29Z" duration="0.000051" asserts="0">
              <properties>
                <property name="platform" value="EditMode" />
              </properties>
            </test-case>
            <test-case id="1111" name="Inspire_NextUnitGetsBuffToken" fullname="FWTCG.Tests.DEV11SpellEntryTests.Inspire_NextUnitGetsBuffToken" methodname="Inspire_NextUnitGetsBuffToken" classname="FWTCG.Tests.DEV11SpellEntryTests" runstate="Runnable" seed="140147898" result="Passed" start-time="2026-04-05 17:25:29Z" end-time="2026-04-05 17:25:29Z" duration="0.000187" asserts="0">
              <properties>
                <property name="platform" value="EditMode" />
              </properties>
            </test-case>
            <test-case id="1110" name="Inspire_SetsFlag" fullname="FWTCG.Tests.DEV11SpellEntryTests.Inspire_SetsFlag" methodname="Inspire_SetsFlag" classname="FWTCG.Tests.DEV11SpellEntryTests" runstate="Runnable" seed="1914755067" result="Passed" start-time="2026-04-05 17:25:29Z" end-time="2026-04-05 17:25:29Z" duration="0.000083" asserts="0">
              <properties>
                <property name="platform" value="EditMode" />
              </properties>
            </test-case>
            <test-case id="1108" name="RuneRecycle_GainsSchematicEnergy" fullname="FWTCG.Tests.DEV11SpellEntryTests.RuneRecycle_GainsSchematicEnergy" methodname="RuneRecycle_GainsSchematicEnergy" classname="FWTCG.Tests.DEV11SpellEntryTests" runstate="Runnable" seed="204605582" result="Passed" start-time="2026-04-05 17:25:29Z" end-time="2026-04-05 17:25:29Z" duration="0.000182" asserts="0">
              <properties>
                <property name="platform" value="EditMode" />
              </properties>
            </test-case>
            <test-case id="1107" name="RuneRecycle_RemovesFromActiveRunes" fullname="FWTCG.Tests.DEV11SpellEntryTests.RuneRecycle_RemovesFromActiveRunes" methodname="RuneRecycle_RemovesFromActiveRunes" classname="FWTCG.Tests.DEV11SpellEntryTests" runstate="Runnable" seed="1311852887" result="Passed" start-time="2026-04-05 17:25:29Z" end-time="2026-04-05 17:25:29Z" duration="0.000196" asserts="0">
              <properties>
                <property name="platform" value="EditMode" />
              </properties>
            </test-case>
            <test-case id="1105" name="UnitInstance_HasReactive_CanBeSet" fullname="FWTCG.Tests.DEV11SpellEntryTests.UnitInstance_HasReactive_CanBeSet" methodname="UnitInstance_HasReactive_CanBeSet" classname="FWTCG.Tests.DEV11SpellEntryTests" runstate="Runnable" seed="288882463" result="Passed" start-time="2026-04-05 17:25:29Z" end-time="2026-04-05 17:25:29Z" duration="0.000134" asserts="0">
              <properties>
                <property name="platform" value="EditMode" />
              </properties>
            </test-case>
            <test-case id="1103" name="UnitInstance_HasReactive_DefaultFalse" fullname="FWTCG.Tests.DEV11SpellEntryTests.UnitInstance_HasReactive_DefaultFalse" methodname="UnitInstance_HasReactive_DefaultFalse" classname="FWTCG.Tests.DEV11SpellEntryTests" runstate="Runnable" seed="1993788258" result="Passed" start-time="2026-04-05 17:25:29Z" end-time="2026-04-05 17:25:29Z" duration="0.000113" asserts="0">
              <properties>
                <property name="platform" value="EditMode" />
              </properties>
            </test-case>
            <test-case id="1106" name="UnitInstance_UntargetableBySpells_CanBeSet" fullname="FWTCG.Tests.DEV11SpellEntryTests.UnitInstance_UntargetableBySpells_CanBeSet" methodname="UnitInstance_UntargetableBySpells_CanBeSet" classname="FWTCG.Tests.DEV11SpellEntryTests" runstate="Runnable" seed="891881435" result="Passed" start-time="2026-04-05 17:25:29Z" end-time="2026-04-05 17:25:29Z" duration="0.000116" asserts="0">
              <properties>
                <property name="platform" value="EditMode" />
              </properties>
            </test-case>
            <test-case id="1104" name="UnitInstance_UntargetableBySpells_DefaultFalse" fullname="FWTCG.Tests.DEV11SpellEntryTests.UnitInstance_UntargetableBySpells_DefaultFalse" methodname="UnitInstance_UntargetableBySpells_DefaultFalse" classname="FWTCG.Tests.DEV11SpellEntryTests" runstate="Runnable" seed="12660413" result="Passed" start-time="2026-04-05 17:25:29Z" end-time="2026-04-05 17:25:29Z" duration="0.000100" asserts="0">
              <properties>
                <property name="platform" value="EditMode" />
              </properties>
            </test-case>
          </test-suite>
          <test-suite type="TestFixture" id="1113" name="DEV12AITests" fullname="FWTCG.Tests.DEV12AITests" classname="FWTCG.Tests.DEV12AITests" runstate="Runnable" testcasecount="8" result="Passed" start-time="2026-04-05 17:25:29Z" end-time="2026-04-05 17:25:29Z" duration="0.002550" total="8" passed="8" failed="0" inconclusive="0" skipped="0" asserts="0">
            <properties>
              <property name="platform" value="EditMode" />
            </properties>
            <test-case id="1119" name="AIBoardScore_AILeading_ReturnsPositive" fullname="FWTCG.Tests.DEV12AITests.AIBoardScore_AILeading_ReturnsPositive" methodname="AIBoardScore_AILeading_ReturnsPositive" classname="FWTCG.Tests.DEV12AITests" runstate="Runnable" seed="263939261" result="Passed" start-time="2026-04-05 17:25:29Z" end-time="2026-04-05 17:25:29Z" duration="0.000687" asserts="0">
              <properties>
                <property name="platform" value="EditMode" />
              </properties>
            </test-case>
            <test-case id="1118" name="AIBoardScore_EvenGame_ReturnsZero" fullname="FWTCG.Tests.DEV12AITests.AIBoardScore_EvenGame_ReturnsZero" methodname="AIBoardScore_EvenGame_ReturnsZero" classname="FWTCG.Tests.DEV12AITests" runstate="Runnable" seed="881344384" result="Passed" start-time="2026-04-05 17:25:29Z" end-time="2026-04-05 17:25:29Z" duration="0.000098" asserts="0">
              <properties>
                <property name="platform" value="EditMode" />
              </properties>
            </test-case>
            <test-case id="1115" name="AIRecycleRunes_NeedSch_RecyclesTapped" fullname="FWTCG.Tests.DEV12AITests.AIRecycleRunes_NeedSch_RecyclesTapped" methodname="AIRecycleRunes_NeedSch_RecyclesTapped" classname="FWTCG.Tests.DEV12AITests" runstate="Runnable" seed="424329901" result="Passed" start-time="2026-04-05 17:25:29Z" end-time="2026-04-05 17:25:29Z" duration="0.000190" asserts="0">
              <properties>
                <property name="platform" value="EditMode" />
              </properties>
            </test-case>
            <test-case id="1114" name="AIRecycleRunes_NoNeed_DoesNothing" fullname="FWTCG.Tests.DEV12AITests.AIRecycleRunes_NoNeed_DoesNothing" methodname="AIRecycleRunes_NoNeed_DoesNothing" classname="FWTCG.Tests.DEV12AITests" runstate="Runnable" seed="446911893" result="Passed" start-time="2026-04-05 17:25:29Z" end-time="2026-04-05 17:25:29Z" duration="0.000233" asserts="0">
              <properties>
                <property name="platform" value="EditMode" />
              </properties>
            </test-case>
            <test-case id="1116" name="BadPoro_ConquestKeyword_ExistsOnCard" fullname="FWTCG.Tests.DEV12AITests.BadPoro_ConquestKeyword_ExistsOnCard" methodname="BadPoro_ConquestKeyword_ExistsOnCard" classname="FWTCG.Tests.DEV12AITests" runstate="Runnable" seed="319843591" result="Passed" start-time="2026-04-05 17:25:29Z" end-time="2026-04-05 17:25:29Z" duration="0.000137" asserts="0">
              <properties>
                <property name="platform" value="EditMode" />
              </properties>
            </test-case>
            <test-case id="1117" name="BadPoro_ConquestTrigger_DrawsCard" fullname="FWTCG.Tests.DEV12AITests.BadPoro_ConquestTrigger_DrawsCard" methodname="BadPoro_ConquestTrigger_DrawsCard" classname="FWTCG.Tests.DEV12AITests" runstate="Runnable" seed="1970918986" result="Passed" start-time="2026-04-05 17:25:29Z" end-time="2026-04-05 17:25:29Z" duration="0.000332" asserts="0">
              <properties>
                <property name="platform" value="EditMode" />
              </properties>
            </test-case>
            <test-case id="1120" name="GameState_GameOver_DefaultFalse" fullname="FWTCG.Tests.DEV12AITests.GameState_GameOver_DefaultFalse" methodname="GameState_GameOver_DefaultFalse" classname="FWTCG.Tests.DEV12AITests" runstate="Runnable" seed="1189961039" result="Passed" start-time="2026-04-05 17:25:29Z" end-time="2026-04-05 17:25:29Z" duration="0.000082" asserts="0">
              <properties>
                <property name="platform" value="EditMode" />
              </properties>
            </test-case>
            <test-case id="1121" name="GameState_GameOver_SetTrue" fullname="FWTCG.Tests.DEV12AITests.GameState_GameOver_SetTrue" methodname="GameState_GameOver_SetTrue" classname="FWTCG.Tests.DEV12AITests" runstate="Runnable" seed="302961896" result="Passed" start-time="2026-04-05 17:25:29Z" end-time="2026-04-05 17:25:29Z" duration="0.000061" asserts="0">
              <properties>
                <property name="platform" value="EditMode" />
              </properties>
            </test-case>
          </test-suite>
          <test-suite type="TestFixture" id="1122" name="DEV13EquipTests" fullname="FWTCG.Tests.DEV13EquipTests" classname="FWTCG.Tests.DEV13EquipTests" runstate="Runnable" testcasecount="12" result="Passed" start-time="2026-04-05 17:25:29Z" end-time="2026-04-05 17:25:29Z" duration="0.002077" total="12" passed="12" failed="0" inconclusive="0" skipped="0" asserts="0">
            <properties>
              <property name="platform" value="EditMode" />
            </properties>
            <test-case id="1124" name="Equipment_AttachToUnit_SetsReferences" fullname="FWTCG.Tests.DEV13EquipTests.Equipment_AttachToUnit_SetsReferences" methodname="Equipment_AttachToUnit_SetsReferences" classname="FWTCG.Tests.DEV13EquipTests" runstate="Runnable" seed="828330390" result="Passed" start-time="2026-04-05 17:25:29Z" end-time="2026-04-05 17:25:29Z" duration="0.000279" asserts="0">
              <properties>
                <property name="platform" value="EditMode" />
              </properties>
            </test-case>
            <test-case id="1125" name="Equipment_IsEquipment_True" fullname="FWTCG.Tests.DEV13EquipTests.Equipment_IsEquipment_True" methodname="Equipment_IsEquipment_True" classname="FWTCG.Tests.DEV13EquipTests" runstate="Runnable" seed="249119591" result="Passed" start-time="2026-04-05 17:25:29Z" end-time="2026-04-05 17:25:29Z" duration="0.000124" asserts="0">
              <properties>
                <property name="platform" value="EditMode" />
              </properties>
            </test-case>
            <test-case id="1134" name="GameRules_BattlefieldCount_Is2" fullname="FWTCG.Tests.DEV13EquipTests.GameRules_BattlefieldCount_Is2" methodname="GameRules_BattlefieldCount_Is2" classname="FWTCG.Tests.DEV13EquipTests" runstate="Runnable" seed="1808655746" result="Passed" start-time="2026-04-05 17:25:29Z" end-time="2026-04-05 17:25:29Z" duration="0.000066" asserts="0">
              <properties>
                <property name="platform" value="EditMode" />
              </properties>
            </test-case>
            <test-case id="1129" name="GameRules_InitialHand_Is4" fullname="FWTCG.Tests.DEV13EquipTests.GameRules_InitialHand_Is4" methodname="GameRules_InitialHand_Is4" classname="FWTCG.Tests.DEV13EquipTests" runstate="Runnable" seed="146028164" result="Passed" start-time="2026-04-05 17:25:29Z" end-time="2026-04-05 17:25:29Z" duration="0.000054" asserts="0">
              <properties>
                <property name="platform" value="EditMode" />
              </properties>
            </test-case>
            <test-case id="1133" name="GameRules_MaxRunes_Is12" fullname="FWTCG.Tests.DEV13EquipTests.GameRules_MaxRunes_Is12" methodname="GameRules_MaxRunes_Is12" classname="FWTCG.Tests.DEV13EquipTests" runstate="Runnable" seed="1739762448" result="Passed" start-time="2026-04-05 17:25:29Z" end-time="2026-04-05 17:25:29Z" duration="0.000049" asserts="0">
              <properties>
                <property name="platform" value="EditMode" />
              </properties>
            </test-case>
            <test-case id="1131" name="GameRules_SecondPlayerRunes_Is3" fullname="FWTCG.Tests.DEV13EquipTests.GameRules_SecondPlayerRunes_Is3" methodname="GameRules_SecondPlayerRunes_Is3" classname="FWTCG.Tests.DEV13EquipTests" runstate="Runnable" seed="814376241" result="Passed" start-time="2026-04-05 17:25:29Z" end-time="2026-04-05 17:25:29Z" duration="0.000049" asserts="0">
              <properties>
                <property name="platform" value="EditMode" />
              </properties>
            </test-case>
            <test-case id="1132" name="GameRules_StrongPower_Is5" fullname="FWTCG.Tests.DEV13EquipTests.GameRules_StrongPower_Is5" methodname="GameRules_StrongPower_Is5" classname="FWTCG.Tests.DEV13EquipTests" runstate="Runnable" seed="506702602" result="Passed" start-time="2026-04-05 17:25:29Z" end-time="2026-04-05 17:25:29Z" duration="0.000048" asserts="0">
              <properties>
                <property name="platform" value="EditMode" />
              </properties>
            </test-case>
            <test-case id="1130" name="GameRules_TurnTimer_Is30" fullname="FWTCG.Tests.DEV13EquipTests.GameRules_TurnTimer_Is30" methodname="GameRules_TurnTimer_Is30" classname="FWTCG.Tests.DEV13EquipTests" runstate="Runnable" seed="121443949" result="Passed" start-time="2026-04-05 17:25:29Z" end-time="2026-04-05 17:25:29Z" duration="0.000081" asserts="0">
              <properties>
                <property name="platform" value="EditMode" />
              </properties>
            </test-case>
            <test-case id="1128" name="GameRules_WinScore_Is8" fullname="FWTCG.Tests.DEV13EquipTests.GameRules_WinScore_Is8" methodname="GameRules_WinScore_Is8" classname="FWTCG.Tests.DEV13EquipTests" runstate="Runnable" seed="567031153" result="Passed" start-time="2026-04-05 17:25:29Z" end-time="2026-04-05 17:25:29Z" duration="0.000053" asserts="0">
              <properties>
                <property name="platform" value="EditMode" />
              </properties>
            </test-case>
            <test-case id="1126" name="SchCostCheck_InsufficientSch_BlocksPlay" fullname="FWTCG.Tests.DEV13EquipTests.SchCostCheck_InsufficientSch_BlocksPlay" methodname="SchCostCheck_InsufficientSch_BlocksPlay" classname="FWTCG.Tests.DEV13EquipTests" runstate="Runnable" seed="512909100" result="Passed" start-time="2026-04-05 17:25:29Z" end-time="2026-04-05 17:25:29Z" duration="0.000150" asserts="0">
              <properties>
                <property name="platform" value="EditMode" />
              </properties>
            </test-case>
            <test-case id="1127" name="SchCostCheck_SufficientSch_AllowsPlay" fullname="FWTCG.Tests.DEV13EquipTests.SchCostCheck_SufficientSch_AllowsPlay" methodname="SchCostCheck_SufficientSch_AllowsPlay" classname="FWTCG.Tests.DEV13EquipTests" runstate="Runnable" seed="1944967502" result="Passed" start-time="2026-04-05 17:25:29Z" end-time="2026-04-05 17:25:29Z" duration="0.000157" asserts="0">
              <properties>
                <property name="platform" value="EditMode" />
              </properties>
            </test-case>
            <test-case id="1123" name="UnitInstance_AttachedEquipment_DefaultNull" fullname="FWTCG.Tests.DEV13EquipTests.UnitInstance_AttachedEquipment_DefaultNull" methodname="UnitInstance_AttachedEquipment_DefaultNull" classname="FWTCG.Tests.DEV13EquipTests" runstate="Runnable" seed="2043592841" result="Passed" start-time="2026-04-05 17:25:29Z" end-time="2026-04-05 17:25:29Z" duration="0.000113" asserts="0">
              <properties>
                <property name="platform" value="EditMode" />
              </properties>
            </test-case>
          </test-suite>
          <test-suite type="TestFixture" id="1135" name="DEV14SystemTests" fullname="FWTCG.Tests.DEV14SystemTests" classname="FWTCG.Tests.DEV14SystemTests" runstate="Runnable" testcasecount="9" result="Passed" start-time="2026-04-05 17:25:29Z" end-time="2026-04-05 17:25:29Z" duration="0.005160" total="9" passed="9" failed="0" inconclusive="0" skipped="0" asserts="0">
            <properties>
              <property name="platform" value="EditMode" />
            </properties>
            <test-case id="1141" name="AudioManager_CanBeCreated" fullname="FWTCG.Tests.DEV14SystemTests.AudioManager_CanBeCreated" methodname="AudioManager_CanBeCreated" classname="FWTCG.Tests.DEV14SystemTests" runstate="Runnable" seed="804766087" result="Passed" start-time="2026-04-05 17:25:29Z" end-time="2026-04-05 17:25:29Z" duration="0.000279" asserts="0">
              <properties>
                <property name="platform" value="EditMode" />
              </properties>
            </test-case>
            <test-case id="1136" name="BuffToken_DefaultZero" fullname="FWTCG.Tests.DEV14SystemTests.BuffToken_DefaultZero" methodname="BuffToken_DefaultZero" classname="FWTCG.Tests.DEV14SystemTests" runstate="Runnable" seed="1881475407" result="Passed" start-time="2026-04-05 17:25:29Z" end-time="2026-04-05 17:25:29Z" duration="0.000144" asserts="0">
              <properties>
                <property name="platform" value="EditMode" />
              </properties>
            </test-case>
            <test-case id="1137" name="BuffToken_Increment_IncreasesAtk" fullname="FWTCG.Tests.DEV14SystemTests.BuffToken_Increment_IncreasesAtk" methodname="BuffToken_Increment_IncreasesAtk" classname="FWTCG.Tests.DEV14SystemTests" runstate="Runnable" seed="247989457" result="Passed" start-time="2026-04-05 17:25:29Z" end-time="2026-04-05 17:25:29Z" duration="0.000141" asserts="0">
              <properties>
                <property name="platform" value="EditMode" />
              </properties>
            </test-case>
            <test-case id="1138" name="BuffToken_SurvivesEndOfTurn" fullname="FWTCG.Tests.DEV14SystemTests.BuffToken_SurvivesEndOfTurn" methodname="BuffToken_SurvivesEndOfTurn" classname="FWTCG.Tests.DEV14SystemTests" runstate="Runnable" seed="1522391761" result="Passed" start-time="2026-04-05 17:25:29Z" end-time="2026-04-05 17:25:29Z" duration="0.000167" asserts="0">
              <properties>
                <property name="platform" value="EditMode" />
              </properties>
            </test-case>
            <test-case id="1139" name="BuffToken_TempBonus_ClearedEndOfTurn" fullname="FWTCG.Tests.DEV14SystemTests.BuffToken_TempBonus_ClearedEndOfTurn" methodname="BuffToken_TempBonus_ClearedEndOfTurn" classname="FWTCG.Tests.DEV14SystemTests" runstate="Runnable" seed="1290236119" result="Passed" start-time="2026-04-05 17:25:29Z" end-time="2026-04-05 17:25:29Z" duration="0.000127" asserts="0">
              <properties>
                <property name="platform" value="EditMode" />
              </properties>
            </test-case>
            <test-case id="1143" name="GameRules_CardCopies_KaisaHero_Is1" fullname="FWTCG.Tests.DEV14SystemTests.GameRules_CardCopies_KaisaHero_Is1" methodname="GameRules_CardCopies_KaisaHero_Is1" classname="FWTCG.Tests.DEV14SystemTests" runstate="Runnable" seed="21845428" result="Passed" start-time="2026-04-05 17:25:29Z" end-time="2026-04-05 17:25:29Z" duration="0.000925" asserts="0">
              <properties>
                <property name="platform" value="EditMode" />
              </properties>
            </test-case>
            <test-case id="1142" name="GameRules_CardCopies_NoxusRecruit_Is2" fullname="FWTCG.Tests.DEV14SystemTests.GameRules_CardCopies_NoxusRecruit_Is2" methodname="GameRules_CardCopies_NoxusRecruit_Is2" classname="FWTCG.Tests.DEV14SystemTests" runstate="Runnable" seed="845178261" result="Passed" start-time="2026-04-05 17:25:29Z" end-time="2026-04-05 17:25:29Z" duration="0.000116" asserts="0">
              <properties>
                <property name="platform" value="EditMode" />
              </properties>
            </test-case>
            <test-case id="1144" name="GameRules_CardCopies_Unknown_DefaultsTo1" fullname="FWTCG.Tests.DEV14SystemTests.GameRules_CardCopies_Unknown_DefaultsTo1" methodname="GameRules_CardCopies_Unknown_DefaultsTo1" classname="FWTCG.Tests.DEV14SystemTests" runstate="Runnable" seed="912657803" result="Passed" start-time="2026-04-05 17:25:29Z" end-time="2026-04-05 17:25:29Z" duration="0.000067" asserts="0">
              <properties>
                <property name="platform" value="EditMode" />
              </properties>
            </test-case>
            <test-case id="1140" name="SoftWeightedHand_FindsLowCostUnit" fullname="FWTCG.Tests.DEV14SystemTests.SoftWeightedHand_FindsLowCostUnit" methodname="SoftWeightedHand_FindsLowCostUnit" classname="FWTCG.Tests.DEV14SystemTests" runstate="Runnable" seed="802699020" result="Passed" start-time="2026-04-05 17:25:29Z" end-time="2026-04-05 17:25:29Z" duration="0.000364" asserts="0">
              <properties>
                <property name="platform" value="EditMode" />
              </properties>
            </test-case>
          </test-suite>
          <test-suite type="TestFixture" id="1145" name="DEV15ReactionTests" fullname="FWTCG.Tests.DEV15ReactionTests" classname="FWTCG.Tests.DEV15ReactionTests" runstate="Runnable" testcasecount="11" result="Passed" start-time="2026-04-05 17:25:29Z" end-time="2026-04-05 17:25:29Z" duration="0.003801" total="11" passed="11" failed="0" inconclusive="0" skipped="0" asserts="0">
            <properties>
              <property name="platform" value="EditMode" />
            </properties>
            <test-case id="1156" name="AiPickBestReactive_DuelStanceWithAllies" fullname="FWTCG.Tests.DEV15ReactionTests.AiPickBestReactive_DuelStanceWithAllies" methodname="AiPickBestReactive_DuelStanceWithAllies" classname="FWTCG.Tests.DEV15ReactionTests" runstate="Runnable" seed="337351497" result="Passed" start-time="2026-04-05 17:25:29Z" end-time="2026-04-05 17:25:29Z" duration="0.000628" asserts="0">
              <properties>
                <property name="platform" value="EditMode" />
              </properties>
            </test-case>
            <test-case id="1152" name="AiPickBestReactive_EmptyListReturnsNull" fullname="FWTCG.Tests.DEV15ReactionTests.AiPickBestReactive_EmptyListReturnsNull" methodname="AiPickBestReactive_EmptyListReturnsNull" classname="FWTCG.Tests.DEV15ReactionTests" runstate="Runnable" seed="1002564630" result="Passed" start-time="2026-04-05 17:25:29Z" end-time="2026-04-05 17:25:29Z" duration="0.000201" asserts="0">
              <properties>
                <property name="platform" value="EditMode" />
              </properties>
            </test-case>
            <test-case id="1147" name="AiPickBestReactive_FlashCounterVsPlayerSpell" fullname="FWTCG.Tests.DEV15ReactionTests.AiPickBestReactive_FlashCounterVsPlayerSpell" methodname="AiPickBestReactive_FlashCounterVsPlayerSpell" classname="FWTCG.Tests.DEV15ReactionTests" runstate="Runnable" seed="27575353" result="Passed" start-time="2026-04-05 17:25:29Z" end-time="2026-04-05 17:25:29Z" duration="0.000225" asserts="0">
              <properties>
                <property name="platform" value="EditMode" />
              </properties>
            </test-case>
[...]
              </properties>
            </test-case>
            <test-case id="1832" name="AssignMaterialTool_WithValidParameters_AssignsMaterial" fullname="McpUnity.Tests.MaterialToolsTests.AssignMaterialTool_WithValidParameters_AssignsMaterial" methodname="AssignMaterialTool_WithValidParameters_AssignsMaterial" classname="McpUnity.Tests.MaterialToolsTests" runstate="Runnable" seed="1865468575" result="Passed" start-time="2026-04-05 17:25:30Z" end-time="2026-04-05 17:25:30Z" duration="0.077917" asserts="0">
              <properties>
                <property name="platform" value="EditMode" />
              </properties>
              <output><![CDATA[[MCP Unity] [MCP Unity] Assigned material 'TestMaterial' to 'TestCube' at slot 0
]]></output>
            </test-case>
            <test-case id="1819" name="CreateMaterialTool_WithDefaultShader_UsesAutoDetectedShader" fullname="McpUnity.Tests.MaterialToolsTests.CreateMaterialTool_WithDefaultShader_UsesAutoDetectedShader" methodname="CreateMaterialTool_WithDefaultShader_UsesAutoDetectedShader" classname="McpUnity.Tests.MaterialToolsTests" runstate="Runnable" seed="708950109" result="Passed" start-time="2026-04-05 17:25:30Z" end-time="2026-04-05 17:25:30Z" duration="0.093256" asserts="0">
              <properties>
                <property name="platform" value="EditMode" />
              </properties>
              <output><![CDATA[[MCP Unity] [MCP Unity] Created material 'TestMaterial' with shader 'Standard' at 'Assets/TestMaterials\TestMaterial.mat'
]]></output>
            </test-case>
            <test-case id="1818" name="CreateMaterialTool_WithInvalidShader_ReturnsError" fullname="McpUnity.Tests.MaterialToolsTests.CreateMaterialTool_WithInvalidShader_ReturnsError" methodname="CreateMaterialTool_WithInvalidShader_ReturnsError" classname="McpUnity.Tests.MaterialToolsTests" runstate="Runnable" seed="2128497933" result="Passed" start-time="2026-04-05 17:25:30Z" end-time="2026-04-05 17:25:30Z" duration="0.047046" asserts="0">
              <properties>
                <property name="platform" value="EditMode" />
              </properties>
            </test-case>
            <test-case id="1816" name="CreateMaterialTool_WithMissingName_ReturnsError" fullname="McpUnity.Tests.MaterialToolsTests.CreateMaterialTool_WithMissingName_ReturnsError" methodname="CreateMaterialTool_WithMissingName_ReturnsError" classname="McpUnity.Tests.MaterialToolsTests" runstate="Runnable" seed="1495925752" result="Passed" start-time="2026-04-05 17:25:30Z" end-time="2026-04-05 17:25:30Z" duration="0.047869" asserts="0">
              <properties>
                <property name="platform" value="EditMode" />
              </properties>
            </test-case>
            <test-case id="1817" name="CreateMaterialTool_WithMissingSavePath_ReturnsError" fullname="McpUnity.Tests.MaterialToolsTests.CreateMaterialTool_WithMissingSavePath_ReturnsError" methodname="CreateMaterialTool_WithMissingSavePath_ReturnsError" classname="McpUnity.Tests.MaterialToolsTests" runstate="Runnable" seed="361009856" result="Passed" start-time="2026-04-05 17:25:30Z" end-time="2026-04-05 17:25:30Z" duration="0.046838" asserts="0">
              <properties>
                <property name="platform" value="EditMode" />
              </properties>
            </test-case>
            <test-case id="1815" name="CreateMaterialTool_WithProperties_AppliesProperties" fullname="McpUnity.Tests.MaterialToolsTests.CreateMaterialTool_WithProperties_AppliesProperties" methodname="CreateMaterialTool_WithProperties_AppliesProperties" classname="McpUnity.Tests.MaterialToolsTests" runstate="Runnable" seed="54392954" result="Passed" start-time="2026-04-05 17:25:30Z" end-time="2026-04-05 17:25:30Z" duration="0.091683" asserts="0">
              <properties>
                <property name="platform" value="EditMode" />
              </properties>
              <output><![CDATA[[MCP Unity] [MCP Unity] Created material 'TestMaterialWithProps' with shader 'Standard' at 'Assets/TestMaterials\TestMaterial.mat'
]]></output>
            </test-case>
            <test-case id="1814" name="CreateMaterialTool_WithValidParameters_CreatesMaterial" fullname="McpUnity.Tests.MaterialToolsTests.CreateMaterialTool_WithValidParameters_CreatesMaterial" methodname="CreateMaterialTool_WithValidParameters_CreatesMaterial" classname="McpUnity.Tests.MaterialToolsTests" runstate="Runnable" seed="1900359867" result="Passed" start-time="2026-04-05 17:25:30Z" end-time="2026-04-05 17:25:31Z" duration="0.094155" asserts="0">
              <properties>
                <property name="platform" value="EditMode" />
              </properties>
              <output><![CDATA[[MCP Unity] [MCP Unity] Created material 'TestMaterial' with shader 'Standard' at 'Assets/TestMaterials\TestMaterial.mat'
]]></output>
            </test-case>
            <test-case id="1810" name="FindShader_WithNonExistentShader_ReturnsNull" fullname="McpUnity.Tests.MaterialToolsTests.FindShader_WithNonExistentShader_ReturnsNull" methodname="FindShader_WithNonExistentShader_ReturnsNull" classname="McpUnity.Tests.MaterialToolsTests" runstate="Runnable" seed="1174828380" result="Passed" start-time="2026-04-05 17:25:31Z" end-time="2026-04-05 17:25:31Z" duration="0.046771" asserts="0">
              <properties>
                <property name="platform" value="EditMode" />
              </properties>
            </test-case>
            <test-case id="1808" name="FindShader_WithStandardShader_ReturnsShader" fullname="McpUnity.Tests.MaterialToolsTests.FindShader_WithStandardShader_ReturnsShader" methodname="FindShader_WithStandardShader_ReturnsShader" classname="McpUnity.Tests.MaterialToolsTests" runstate="Runnable" seed="591364238" result="Passed" start-time="2026-04-05 17:25:31Z" end-time="2026-04-05 17:25:31Z" duration="0.045921" asserts="0">
              <properties>
                <property name="platform" value="EditMode" />
              </properties>
            </test-case>
            <test-case id="1809" name="FindShader_WithUnlitColor_ReturnsShader" fullname="McpUnity.Tests.MaterialToolsTests.FindShader_WithUnlitColor_ReturnsShader" methodname="FindShader_WithUnlitColor_ReturnsShader" classname="McpUnity.Tests.MaterialToolsTests" runstate="Runnable" seed="2044710743" result="Passed" start-time="2026-04-05 17:25:31Z" end-time="2026-04-05 17:25:31Z" duration="0.046624" asserts="0">
              <properties>
                <property name="platform" value="EditMode" />
              </properties>
            </test-case>
            <test-case id="1823" name="GetMaterialInfoTool_ReturnsCorrectPropertyTypes" fullname="McpUnity.Tests.MaterialToolsTests.GetMaterialInfoTool_ReturnsCorrectPropertyTypes" methodname="GetMaterialInfoTool_ReturnsCorrectPropertyTypes" classname="McpUnity.Tests.MaterialToolsTests" runstate="Runnable" seed="680594346" result="Passed" start-time="2026-04-05 17:25:31Z" end-time="2026-04-05 17:25:31Z" duration="0.077737" asserts="0">
              <properties>
                <property name="platform" value="EditMode" />
              </properties>
              <output><![CDATA[[MCP Unity] [MCP Unity] Retrieved info for material 'TestMaterial'
]]></output>
            </test-case>
            <test-case id="1821" name="GetMaterialInfoTool_WithMissingMaterialPath_ReturnsError" fullname="McpUnity.Tests.MaterialToolsTests.GetMaterialInfoTool_WithMissingMaterialPath_ReturnsError" methodname="GetMaterialInfoTool_WithMissingMaterialPath_ReturnsError" classname="McpUnity.Tests.MaterialToolsTests" runstate="Runnable" seed="1459821416" result="Passed" start-time="2026-04-05 17:25:31Z" end-time="2026-04-05 17:25:31Z" duration="0.047039" asserts="0">
              <properties>
                <property name="platform" value="EditMode" />
              </properties>
            </test-case>
            <test-case id="1822" name="GetMaterialInfoTool_WithNonExistentMaterial_ReturnsError" fullname="McpUnity.Tests.MaterialToolsTests.GetMaterialInfoTool_WithNonExistentMaterial_ReturnsError" methodname="GetMaterialInfoTool_WithNonExistentMaterial_ReturnsError" classname="McpUnity.Tests.MaterialToolsTests" runstate="Runnable" seed="760784313" result="Passed" start-time="2026-04-05 17:25:31Z" end-time="2026-04-05 17:25:31Z" duration="0.046840" asserts="0">
              <properties>
                <property name="platform" value="EditMode" />
              </properties>
            </test-case>
            <test-case id="1820" name="GetMaterialInfoTool_WithValidMaterial_ReturnsInfo" fullname="McpUnity.Tests.MaterialToolsTests.GetMaterialInfoTool_WithValidMaterial_ReturnsInfo" methodname="GetMaterialInfoTool_WithValidMaterial_ReturnsInfo" classname="McpUnity.Tests.MaterialToolsTests" runstate="Runnable" seed="317867025" result="Passed" start-time="2026-04-05 17:25:31Z" end-time="2026-04-05 17:25:31Z" duration="0.079885" asserts="0">
              <properties>
                <property name="platform" value="EditMode" />
              </properties>
              <output><![CDATA[[MCP Unity] [MCP Unity] Retrieved info for material 'TestMaterial'
]]></output>
            </test-case>
            <test-case id="1813" name="LoadMaterial_WithEmptyPath_ReturnsNull" fullname="McpUnity.Tests.MaterialToolsTests.LoadMaterial_WithEmptyPath_ReturnsNull" methodname="LoadMaterial_WithEmptyPath_ReturnsNull" classname="McpUnity.Tests.MaterialToolsTests" runstate="Runnable" seed="341504998" result="Passed" start-time="2026-04-05 17:25:31Z" end-time="2026-04-05 17:25:31Z" duration="0.045984" asserts="0">
              <properties>
                <property name="platform" value="EditMode" />
              </properties>
            </test-case>
            <test-case id="1811" name="LoadMaterial_WithNonExistentPath_ReturnsNull" fullname="McpUnity.Tests.MaterialToolsTests.LoadMaterial_WithNonExistentPath_ReturnsNull" methodname="LoadMaterial_WithNonExistentPath_ReturnsNull" classname="McpUnity.Tests.MaterialToolsTests" runstate="Runnable" seed="307077290" result="Passed" start-time="2026-04-05 17:25:31Z" end-time="2026-04-05 17:25:31Z" duration="0.046352" asserts="0">
              <properties>
                <property name="platform" value="EditMode" />
              </properties>
            </test-case>
            <test-case id="1812" name="LoadMaterial_WithNullPath_ReturnsNull" fullname="McpUnity.Tests.MaterialToolsTests.LoadMaterial_WithNullPath_ReturnsNull" methodname="LoadMaterial_WithNullPath_ReturnsNull" classname="McpUnity.Tests.MaterialToolsTests" runstate="Runnable" seed="1602744824" result="Passed" start-time="2026-04-05 17:25:31Z" end-time="2026-04-05 17:25:31Z" duration="0.045627" asserts="0">
              <properties>
                <property name="platform" value="EditMode" />
              </properties>
            </test-case>
            <test-case id="1826" name="ModifyMaterialTool_WithEmptyProperties_ReturnsError" fullname="McpUnity.Tests.MaterialToolsTests.ModifyMaterialTool_WithEmptyProperties_ReturnsError" methodname="ModifyMaterialTool_WithEmptyProperties_ReturnsError" classname="McpUnity.Tests.MaterialToolsTests" runstate="Runnable" seed="358060009" result="Passed" start-time="2026-04-05 17:25:31Z" end-time="2026-04-05 17:25:31Z" duration="0.046777" asserts="0">
              <properties>
                <property name="platform" value="EditMode" />
              </properties>
            </test-case>
            <test-case id="1825" name="ModifyMaterialTool_WithMissingMaterialPath_ReturnsError" fullname="McpUnity.Tests.MaterialToolsTests.ModifyMaterialTool_WithMissingMaterialPath_ReturnsError" methodname="ModifyMaterialTool_WithMissingMaterialPath_ReturnsError" classname="McpUnity.Tests.MaterialToolsTests" runstate="Runnable" seed="2138247713" result="Passed" start-time="2026-04-05 17:25:31Z" end-time="2026-04-05 17:25:31Z" duration="0.046584" asserts="0">
              <properties>
                <property name="platform" value="EditMode" />
              </properties>
            </test-case>
            <test-case id="1827" name="ModifyMaterialTool_WithUnknownProperty_ReportsUnknown" fullname="McpUnity.Tests.MaterialToolsTests.ModifyMaterialTool_WithUnknownProperty_ReportsUnknown" methodname="ModifyMaterialTool_WithUnknownProperty_ReportsUnknown" classname="McpUnity.Tests.MaterialToolsTests" runstate="Runnable" seed="239628890" result="Passed" start-time="2026-04-05 17:25:31Z" end-time="2026-04-05 17:25:31Z" duration="0.108904" asserts="0">
              <properties>
                <property name="platform" value="EditMode" />
              </properties>
              <output><![CDATA[[MCP Unity] [MCP Unity] Modified material 'TestMaterial': _Color
]]></output>
            </test-case>
            <test-case id="1824" name="ModifyMaterialTool_WithValidProperties_ModifiesMaterial" fullname="McpUnity.Tests.MaterialToolsTests.ModifyMaterialTool_WithValidProperties_ModifiesMaterial" methodname="ModifyMaterialTool_WithValidProperties_ModifiesMaterial" classname="McpUnity.Tests.MaterialToolsTests" runstate="Runnable" seed="633393288" result="Passed" start-time="2026-04-05 17:25:31Z" end-time="2026-04-05 17:25:31Z" duration="0.096281" asserts="0">
              <properties>
                <property name="platform" value="EditMode" />
              </properties>
              <output><![CDATA[[MCP Unity] [MCP Unity] Modified material 'TestMaterial': _Color
]]></output>
            </test-case>
          </test-suite>
          <test-suite type="TestFixture" id="1835" name="PathHandlingTests" fullname="McpUnity.Tests.PathHandlingTests" classname="McpUnity.Tests.PathHandlingTests" runstate="Runnable" testcasecount="9" result="Passed" start-time="2026-04-05 17:25:31Z" end-time="2026-04-05 17:25:31Z" duration="0.014668" total="9" passed="9" failed="0" inconclusive="0" skipped="0" asserts="0">
            <properties>
              <property name="platform" value="EditMode" />
            </properties>
            <test-case id="1844" name="EncodePathForFileUrl_WithMultipleSpaces_EncodesAll" fullname="McpUnity.Tests.PathHandlingTests.EncodePathForFileUrl_WithMultipleSpaces_EncodesAll" methodname="EncodePathForFileUrl_WithMultipleSpaces_EncodesAll" classname="McpUnity.Tests.PathHandlingTests" runstate="Runnable" seed="1798472263" result="Passed" start-time="2026-04-05 17:25:31Z" end-time="2026-04-05 17:25:31Z" duration="0.000413" asserts="0">
              <properties>
                <property name="platform" value="EditMode" />
              </properties>
            </test-case>
            <test-case id="1843" name="EncodePathForFileUrl_WithoutSpaces_ReturnsUnchanged" fullname="McpUnity.Tests.PathHandlingTests.EncodePathForFileUrl_WithoutSpaces_ReturnsUnchanged" methodname="EncodePathForFileUrl_WithoutSpaces_ReturnsUnchanged" classname="McpUnity.Tests.PathHandlingTests" runstate="Runnable" seed="1288124995" result="Passed" start-time="2026-04-05 17:25:31Z" end-time="2026-04-05 17:25:31Z" duration="0.000158" asserts="0">
              <properties>
                <property name="platform" value="EditMode" />
              </properties>
            </test-case>
            <test-case id="1842" name="EncodePathForFileUrl_WithSpaces_EncodesCorrectly" fullname="McpUnity.Tests.PathHandlingTests.EncodePathForFileUrl_WithSpaces_EncodesCorrectly" methodname="EncodePathForFileUrl_WithSpaces_EncodesCorrectly" classname="McpUnity.Tests.PathHandlingTests" runstate="Runnable" seed="866316927" result="Passed" start-time="2026-04-05 17:25:31Z" end-time="2026-04-05 17:25:31Z" duration="0.000145" asserts="0">
              <properties>
                <property name="platform" value="EditMode" />
              </properties>
            </test-case>
            <test-case id="1841" name="ValidateServerPath_WithEmptyPath_ReturnsFalse" fullname="McpUnity.Tests.PathHandlingTests.ValidateServerPath_WithEmptyPath_ReturnsFalse" methodname="ValidateServerPath_WithEmptyPath_ReturnsFalse" classname="McpUnity.Tests.PathHandlingTests" runstate="Runnable" seed="1927199995" result="Passed" start-time="2026-04-05 17:25:31Z" end-time="2026-04-05 17:25:31Z" duration="0.000762" asserts="0">
              <properties>
                <property name="platform" value="EditMode" />
              </properties>
              <output><![CDATA[[MCP Unity] Server path is null or empty. Cannot validate.
]]></output>
            </test-case>
            <test-case id="1839" name="ValidateServerPath_WithMissingPackageJson_ReturnsFalse" fullname="McpUnity.Tests.PathHandlingTests.ValidateServerPath_WithMissingPackageJson_ReturnsFalse" methodname="ValidateServerPath_WithMissingPackageJson_ReturnsFalse" classname="McpUnity.Tests.PathHandlingTests" runstate="Runnable" seed="1493725841" result="Passed" start-time="2026-04-05 17:25:31Z" end-time="2026-04-05 17:25:31Z" duration="0.004471" asserts="0">
              <properties>
                <property name="platform" value="EditMode" />
              </properties>
              <output><![CDATA[[MCP Unity] package.json not found in server path: C:\Users\dliao\AppData\Local\Temp\McpUnityTest
]]></output>
            </test-case>
            <test-case id="1838" name="ValidateServerPath_WithNonExistentPath_ReturnsFalse" fullname="McpUnity.Tests.PathHandlingTests.ValidateServerPath_WithNonExistentPath_ReturnsFalse" methodname="ValidateServerPath_WithNonExistentPath_ReturnsFalse" classname="McpUnity.Tests.PathHandlingTests" runstate="Runnable" seed="1742306631" result="Passed" start-time="2026-04-05 17:25:31Z" end-time="2026-04-05 17:25:31Z" duration="0.000571" asserts="0">
              <properties>
                <property name="platform" value="EditMode" />
              </properties>
              <output><![CDATA[[MCP Unity] Server path does not exist: C:\Users\dliao\AppData\Local\Temp\NonExistentMcpUnityPath12345
]]></output>
            </test-case>
            <test-case id="1840" name="ValidateServerPath_WithNullPath_ReturnsFalse" fullname="McpUnity.Tests.PathHandlingTests.ValidateServerPath_WithNullPath_ReturnsFalse" methodname="ValidateServerPath_WithNullPath_ReturnsFalse" classname="McpUnity.Tests.PathHandlingTests" runstate="Runnable" seed="1416395146" result="Passed" start-time="2026-04-05 17:25:31Z" end-time="2026-04-05 17:25:31Z" duration="0.000431" asserts="0">
              <properties>
                <property name="platform" value="EditMode" />
              </properties>
              <output><![CDATA[[MCP Unity] Server path is null or empty. Cannot validate.
]]></output>
            </test-case>
            <test-case id="1837" name="ValidateServerPath_WithSpacesInPath_ReturnsTrue" fullname="McpUnity.Tests.PathHandlingTests.ValidateServerPath_WithSpacesInPath_ReturnsTrue" methodname="ValidateServerPath_WithSpacesInPath_ReturnsTrue" classname="McpUnity.Tests.PathHandlingTests" runstate="Runnable" seed="968476746" result="Passed" start-time="2026-04-05 17:25:31Z" end-time="2026-04-05 17:25:31Z" duration="0.002250" asserts="0">
              <properties>
                <property name="platform" value="EditMode" />
              </properties>
            </test-case>
            <test-case id="1836" name="ValidateServerPath_WithValidPath_ReturnsTrue" fullname="McpUnity.Tests.PathHandlingTests.ValidateServerPath_WithValidPath_ReturnsTrue" methodname="ValidateServerPath_WithValidPath_ReturnsTrue" classname="McpUnity.Tests.PathHandlingTests" runstate="Runnable" seed="1393936053" result="Passed" start-time="2026-04-05 17:25:31Z" end-time="2026-04-05 17:25:31Z" duration="0.000751" asserts="0">
              <properties>
                <property name="platform" value="EditMode" />
              </properties>
              <output><![CDATA[Saving results to: TestResults-editmode.xml
]]></output>
            </test-case>
          </test-suite>
        </test-suite>
      </test-suite>
    </test-suite>
  </test-suite>
</test-run>